# JRE version: OpenJDK Runtime Environment Temurin-21.0.10+7 (21.0.10+7) (build 21.0.10+7-LTS)
# Java VM: OpenJDK 64-Bit Server VM Temurin-21.0.10+7 (21.0.10+7-LTS, mixed mode, sharing, tiered, compressed oops, compressed class ptrs, parallel gc, windows-amd64)
GC Precious Log:
 CardTable entry size: 512
 CPUs: 20 total, 20 available
 Memory: 16109M
 Large Page Support: Disabled
 NUMA Support: Disabled
 Compressed Oops: Enabled (32-bit)
 Alignments: Space 512K, Generation 512K, Heap 2M
 Heap Min Capacity: 100M
 Heap Initial Capacity: 100M
 Heap Max Capacity: 2G
 Pre-touch: Disabled
 Parallel Workers: 15
Heap:
 PSYoungGen      total 5632K, used 2413K [0x00000000d5580000, 0x00000000d5c00000, 0x0000000100000000)
  eden space 4608K, 37% used [0x00000000d5580000,0x00000000d5733730,0x00000000d5a00000)
  from space 1024K, 65% used [0x00000000d5b00000,0x00000000d5ba8000,0x00000000d5c00000)
  to   space 1024K, 0% used [0x00000000d5a00000,0x00000000d5a00000,0x00000000d5b00000)
 ParOldGen       total 1197056K, used 1196963K [0x0000000080000000, 0x00000000c9100000, 0x00000000d5580000)
  object space 1197056K, 99% used [0x0000000080000000,0x00000000c90e8da0,0x00000000c9100000)
 Metaspace       used 85802K, committed 87552K, reserved 1179648K
  class space    used 10850K, committed 11648K, reserved 1048576K
GC Heap History (20 events):
Event: 157.972 GC heap before
{Heap before GC invocations=2302 (full 3):
 PSYoungGen      total 5632K, used 5280K [0x00000000d5580000, 0x00000000d5c00000, 0x0000000100000000)
  eden space 4608K, 100% used [0x00000000d5580000,0x00000000d5a00000,0x00000000d5a00000)
  from space 1024K, 65% used [0x00000000d5b00000,0x00000000d5ba8000,0x00000000d5c00000)
  to   space 1024K, 0% used [0x00000000d5a00000,0x00000000d5a00000,0x00000000d5b00000)
 ParOldGen       total 1191424K, used 1190976K [0x0000000080000000, 0x00000000c8b80000, 0x00000000d5580000)
  object space 1191424K, 99% used [0x0000000080000000,0x00000000c8b10188,0x00000000c8b80000)
 Metaspace       used 85786K, committed 87488K, reserved 1179648K
  class space    used 10847K, committed 11584K, reserved 1048576K
}
Event: 157.974 GC heap after
{Heap after GC invocations=2302 (full 3):
 PSYoungGen      total 5632K, used 576K [0x00000000d5580000, 0x00000000d5c00000, 0x0000000100000000)
  eden space 4608K, 0% used [0x00000000d5580000,0x00000000d5580000,0x00000000d5a00000)
  from space 1024K, 56% used [0x00000000d5a00000,0x00000000d5a90000,0x00000000d5b00000)
  to   space 1024K, 0% used [0x00000000d5b00000,0x00000000d5b00000,0x00000000d5c00000)
 ParOldGen       total 1191936K, used 1191472K [0x0000000080000000, 0x00000000c8c00000, 0x00000000d5580000)
  object space 1191936K, 99% used [0x0000000080000000,0x00000000c8b8c188,0x00000000c8c00000)
 Metaspace       used 85786K, committed 87488K, reserved 1179648K
  class space    used 10847K, committed 11584K, reserved 1048576K
}
Event: 157.987 GC heap before
{Heap before GC invocations=2303 (full 3):
 PSYoungGen      total 5632K, used 5184K [0x00000000d5580000, 0x00000000d5c00000, 0x0000000100000000)
  eden space 4608K, 100% used [0x00000000d5580000,0x00000000d5a00000,0x00000000d5a00000)
  from space 1024K, 56% used [0x00000000d5a00000,0x00000000d5a90000,0x00000000d5b00000)
  to   space 1024K, 0% used [0x00000000d5b00000,0x00000000d5b00000,0x00000000d5c00000)
 ParOldGen       total 1191936K, used 1191472K [0x0000000080000000, 0x00000000c8c00000, 0x00000000d5580000)
  object space 1191936K, 99% used [0x0000000080000000,0x00000000c8b8c188,0x00000000c8c00000)
 Metaspace       used 85788K, committed 87488K, reserved 1179648K
  class space    used 10847K, committed 11584K, reserved 1048576K
}
Event: 157.989 GC heap after
{Heap after GC invocations=2303 (full 3):
 PSYoungGen      total 5632K, used 576K [0x00000000d5580000, 0x00000000d5c00000, 0x0000000100000000)
  eden space 4608K, 0% used [0x00000000d5580000,0x00000000d5580000,0x00000000d5a00000)
  from space 1024K, 56% used [0x00000000d5b00000,0x00000000d5b90000,0x00000000d5c00000)
  to   space 1024K, 0% used [0x00000000d5a00000,0x00000000d5a00000,0x00000000d5b00000)
 ParOldGen       total 1192448K, used 1191968K [0x0000000080000000, 0x00000000c8c80000, 0x00000000d5580000)
  object space 1192448K, 99% used [0x0000000080000000,0x00000000c8c08188,0x00000000c8c80000)
 Metaspace       used 85788K, committed 87488K, reserved 1179648K
  class space    used 10847K, committed 11584K, reserved 1048576K
}
Event: 158.006 GC heap before
{Heap before GC invocations=2304 (full 3):
 PSYoungGen      total 5632K, used 5184K [0x00000000d5580000, 0x00000000d5c00000, 0x0000000100000000)
  eden space 4608K, 100% used [0x00000000d5580000,0x00000000d5a00000,0x00000000d5a00000)
  from space 1024K, 56% used [0x00000000d5b00000,0x00000000d5b90000,0x00000000d5c00000)
  to   space 1024K, 0% used [0x00000000d5a00000,0x00000000d5a00000,0x00000000d5b00000)
 ParOldGen       total 1192448K, used 1191968K [0x0000000080000000, 0x00000000c8c80000, 0x00000000d5580000)
  object space 1192448K, 99% used [0x0000000080000000,0x00000000c8c08188,0x00000000c8c80000)
 Metaspace       used 85793K, committed 87552K, reserved 1179648K
  class space    used 10849K, committed 11648K, reserved 1048576K
}
Event: 158.008 GC heap after
{Heap after GC invocations=2304 (full 3):
 PSYoungGen      total 5632K, used 792K [0x00000000d5580000, 0x00000000d5c00000, 0x0000000100000000)
  eden space 4608K, 0% used [0x00000000d5580000,0x00000000d5580000,0x00000000d5a00000)
  from space 1024K, 77% used [0x00000000d5a00000,0x00000000d5ac6008,0x00000000d5b00000)
  to   space 1024K, 0% used [0x00000000d5b00000,0x00000000d5b00000,0x00000000d5c00000)
 ParOldGen       total 1192448K, used 1192392K [0x0000000080000000, 0x00000000c8c80000, 0x00000000d5580000)
  object space 1192448K, 99% used [0x0000000080000000,0x00000000c8c72188,0x00000000c8c80000)
 Metaspace       used 85793K, committed 87552K, reserved 1179648K
  class space    used 10849K, committed 11648K, reserved 1048576K
}
Event: 158.018 GC heap before
{Heap before GC invocations=2305 (full 3):
 PSYoungGen      total 5632K, used 5400K [0x00000000d5580000, 0x00000000d5c00000, 0x0000000100000000)
  eden space 4608K, 100% used [0x00000000d5580000,0x00000000d5a00000,0x00000000d5a00000)
  from space 1024K, 77% used [0x00000000d5a00000,0x00000000d5ac6008,0x00000000d5b00000)
  to   space 1024K, 0% used [0x00000000d5b00000,0x00000000d5b00000,0x00000000d5c00000)
 ParOldGen       total 1192448K, used 1192392K [0x0000000080000000, 0x00000000c8c80000, 0x00000000d5580000)
  object space 1192448K, 99% used [0x0000000080000000,0x00000000c8c72188,0x00000000c8c80000)
 Metaspace       used 85793K, committed 87552K, reserved 1179648K
  class space    used 10849K, committed 11648K, reserved 1048576K
}
Event: 158.020 GC heap after
{Heap after GC invocations=2305 (full 3):
 PSYoungGen      total 5632K, used 640K [0x00000000d5580000, 0x00000000d5c00000, 0x0000000100000000)
  eden space 4608K, 0% used [0x00000000d5580000,0x00000000d5580000,0x00000000d5a00000)
  from space 1024K, 62% used [0x00000000d5b00000,0x00000000d5ba0000,0x00000000d5c00000)
  to   space 1024K, 0% used [0x00000000d5a00000,0x00000000d5a00000,0x00000000d5b00000)
 ParOldGen       total 1193472K, used 1193064K [0x0000000080000000, 0x00000000c8d80000, 0x00000000d5580000)
  object space 1193472K, 99% used [0x0000000080000000,0x00000000c8d1a190,0x00000000c8d80000)
 Metaspace       used 85793K, committed 87552K, reserved 1179648K
  class space    used 10849K, committed 11648K, reserved 1048576K
}
Event: 158.031 GC heap before
{Heap before GC invocations=2306 (full 3):
 PSYoungGen      total 5632K, used 5248K [0x00000000d5580000, 0x00000000d5c00000, 0x0000000100000000)
  eden space 4608K, 100% used [0x00000000d5580000,0x00000000d5a00000,0x00000000d5a00000)
  from space 1024K, 62% used [0x00000000d5b00000,0x00000000d5ba0000,0x00000000d5c00000)
  to   space 1024K, 0% used [0x00000000d5a00000,0x00000000d5a00000,0x00000000d5b00000)
 ParOldGen       total 1193472K, used 1193064K [0x0000000080000000, 0x00000000c8d80000, 0x00000000d5580000)
  object space 1193472K, 99% used [0x0000000080000000,0x00000000c8d1a190,0x00000000c8d80000)
 Metaspace       used 85793K, committed 87552K, reserved 1179648K
  class space    used 10849K, committed 11648K, reserved 1048576K
}
Event: 158.034 GC heap after
{Heap after GC invocations=2306 (full 3):
 PSYoungGen      total 5632K, used 640K [0x00000000d5580000, 0x00000000d5c00000, 0x0000000100000000)
  eden space 4608K, 0% used [0x00000000d5580000,0x00000000d5580000,0x00000000d5a00000)
  from space 1024K, 62% used [0x00000000d5a00000,0x00000000d5aa0000,0x00000000d5b00000)
  to   space 1024K, 0% used [0x00000000d5b00000,0x00000000d5b00000,0x00000000d5c00000)
 ParOldGen       total 1193984K, used 1193547K [0x0000000080000000, 0x00000000c8e00000, 0x00000000d5580000)
  object space 1193984K, 99% used [0x0000000080000000,0x00000000c8d92da0,0x00000000c8e00000)
 Metaspace       used 85793K, committed 87552K, reserved 1179648K
  class space    used 10849K, committed 11648K, reserved 1048576K
}
Event: 158.048 GC heap before
{Heap before GC invocations=2307 (full 3):
 PSYoungGen      total 5632K, used 5248K [0x00000000d5580000, 0x00000000d5c00000, 0x0000000100000000)
  eden space 4608K, 100% used [0x00000000d5580000,0x00000000d5a00000,0x00000000d5a00000)
  from space 1024K, 62% used [0x00000000d5a00000,0x00000000d5aa0000,0x00000000d5b00000)
  to   space 1024K, 0% used [0x00000000d5b00000,0x00000000d5b00000,0x00000000d5c00000)
 ParOldGen       total 1193984K, used 1193547K [0x0000000080000000, 0x00000000c8e00000, 0x00000000d5580000)
  object space 1193984K, 99% used [0x0000000080000000,0x00000000c8d92da0,0x00000000c8e00000)
 Metaspace       used 85793K, committed 87552K, reserved 1179648K
  class space    used 10849K, committed 11648K, reserved 1048576K
}
Event: 158.050 GC heap after
{Heap after GC invocations=2307 (full 3):
 PSYoungGen      total 5632K, used 640K [0x00000000d5580000, 0x00000000d5c00000, 0x0000000100000000)
  eden space 4608K, 0% used [0x00000000d5580000,0x00000000d5580000,0x00000000d5a00000)
  from space 1024K, 62% used [0x00000000d5b00000,0x00000000d5ba0000,0x00000000d5c00000)
  to   space 1024K, 0% used [0x00000000d5a00000,0x00000000d5a00000,0x00000000d5b00000)
 ParOldGen       total 1194496K, used 1194051K [0x0000000080000000, 0x00000000c8e80000, 0x00000000d5580000)
  object space 1194496K, 99% used [0x0000000080000000,0x00000000c8e10da0,0x00000000c8e80000)
 Metaspace       used 85793K, committed 87552K, reserved 1179648K
  class space    used 10849K, committed 11648K, reserved 1048576K
}
Event: 158.060 GC heap before
{Heap before GC invocations=2308 (full 3):
 PSYoungGen      total 5632K, used 5248K [0x00000000d5580000, 0x00000000d5c00000, 0x0000000100000000)
  eden space 4608K, 100% used [0x00000000d5580000,0x00000000d5a00000,0x00000000d5a00000)
  from space 1024K, 62% used [0x00000000d5b00000,0x00000000d5ba0000,0x00000000d5c00000)
  to   space 1024K, 0% used [0x00000000d5a00000,0x00000000d5a00000,0x00000000d5b00000)
 ParOldGen       total 1194496K, used 1194051K [0x0000000080000000, 0x00000000c8e80000, 0x00000000d5580000)
  object space 1194496K, 99% used [0x0000000080000000,0x00000000c8e10da0,0x00000000c8e80000)
 Metaspace       used 85793K, committed 87552K, reserved 1179648K
  class space    used 10849K, committed 11648K, reserved 1048576K
}
Event: 158.061 GC heap after
{Heap after GC invocations=2308 (full 3):
 PSYoungGen      total 5632K, used 608K [0x00000000d5580000, 0x00000000d5c00000, 0x0000000100000000)
  eden space 4608K, 0% used [0x00000000d5580000,0x00000000d5580000,0x00000000d5a00000)
  from space 1024K, 59% used [0x00000000d5a00000,0x00000000d5a98000,0x00000000d5b00000)
  to   space 1024K, 0% used [0x00000000d5b00000,0x00000000d5b00000,0x00000000d5c00000)
 ParOldGen       total 1195008K, used 1194515K [0x0000000080000000, 0x00000000c8f00000, 0x00000000d5580000)
  object space 1195008K, 99% used [0x0000000080000000,0x00000000c8e84da0,0x00000000c8f00000)
 Metaspace       used 85793K, committed 87552K, reserved 1179648K
  class space    used 10849K, committed 11648K, reserved 1048576K
}
Event: 158.073 GC heap before
{Heap before GC invocations=2309 (full 3):
 PSYoungGen      total 5632K, used 5216K [0x00000000d5580000, 0x00000000d5c00000, 0x0000000100000000)
  eden space 4608K, 100% used [0x00000000d5580000,0x00000000d5a00000,0x00000000d5a00000)
  from space 1024K, 59% used [0x00000000d5a00000,0x00000000d5a98000,0x00000000d5b00000)
  to   space 1024K, 0% used [0x00000000d5b00000,0x00000000d5b00000,0x00000000d5c00000)
 ParOldGen       total 1195008K, used 1194515K [0x0000000080000000, 0x00000000c8f00000, 0x00000000d5580000)
  object space 1195008K, 99% used [0x0000000080000000,0x00000000c8e84da0,0x00000000c8f00000)
 Metaspace       used 85793K, committed 87552K, reserved 1179648K
  class space    used 10849K, committed 11648K, reserved 1048576K
}
Event: 158.074 GC heap after
{Heap after GC invocations=2309 (full 3):
 PSYoungGen      total 5632K, used 704K [0x00000000d5580000, 0x00000000d5c00000, 0x0000000100000000)
  eden space 4608K, 0% used [0x00000000d5580000,0x00000000d5580000,0x00000000d5a00000)
  from space 1024K, 68% used [0x00000000d5b00000,0x00000000d5bb0000,0x00000000d5c00000)
  to   space 1024K, 0% used [0x00000000d5a00000,0x00000000d5a00000,0x00000000d5b00000)
 ParOldGen       total 1195008K, used 1194963K [0x0000000080000000, 0x00000000c8f00000, 0x00000000d5580000)
  object space 1195008K, 99% used [0x0000000080000000,0x00000000c8ef4da0,0x00000000c8f00000)
 Metaspace       used 85793K, committed 87552K, reserved 1179648K
  class space    used 10849K, committed 11648K, reserved 1048576K
}
Event: 158.083 GC heap before
{Heap before GC invocations=2310 (full 3):
 PSYoungGen      total 5632K, used 5312K [0x00000000d5580000, 0x00000000d5c00000, 0x0000000100000000)
  eden space 4608K, 100% used [0x00000000d5580000,0x00000000d5a00000,0x00000000d5a00000)
  from space 1024K, 68% used [0x00000000d5b00000,0x00000000d5bb0000,0x00000000d5c00000)
  to   space 1024K, 0% used [0x00000000d5a00000,0x00000000d5a00000,0x00000000d5b00000)
 ParOldGen       total 1195008K, used 1194963K [0x0000000080000000, 0x00000000c8f00000, 0x00000000d5580000)
  object space 1195008K, 99% used [0x0000000080000000,0x00000000c8ef4da0,0x00000000c8f00000)
 Metaspace       used 85802K, committed 87552K, reserved 1179648K
  class space    used 10850K, committed 11648K, reserved 1048576K
}
Event: 158.084 GC heap after
{Heap after GC invocations=2310 (full 3):
 PSYoungGen      total 5632K, used 576K [0x00000000d5580000, 0x00000000d5c00000, 0x0000000100000000)
  eden space 4608K, 0% used [0x00000000d5580000,0x00000000d5580000,0x00000000d5a00000)
  from space 1024K, 56% used [0x00000000d5a00000,0x00000000d5a90000,0x00000000d5b00000)
  to   space 1024K, 0% used [0x00000000d5b00000,0x00000000d5b00000,0x00000000d5c00000)
 ParOldGen       total 1195520K, used 1195499K [0x0000000080000000, 0x00000000c8f80000, 0x00000000d5580000)
  object space 1195520K, 99% used [0x0000000080000000,0x00000000c8f7ada0,0x00000000c8f80000)
 Metaspace       used 85802K, committed 87552K, reserved 1179648K
  class space    used 10850K, committed 11648K, reserved 1048576K
}
Event: 158.092 GC heap before
{Heap before GC invocations=2311 (full 3):
 PSYoungGen      total 5632K, used 5184K [0x00000000d5580000, 0x00000000d5c00000, 0x0000000100000000)
  eden space 4608K, 100% used [0x00000000d5580000,0x00000000d5a00000,0x00000000d5a00000)
  from space 1024K, 56% used [0x00000000d5a00000,0x00000000d5a90000,0x00000000d5b00000)
  to   space 1024K, 0% used [0x00000000d5b00000,0x00000000d5b00000,0x00000000d5c00000)
 ParOldGen       total 1195520K, used 1195499K [0x0000000080000000, 0x00000000c8f80000, 0x00000000d5580000)
  object space 1195520K, 99% used [0x0000000080000000,0x00000000c8f7ada0,0x00000000c8f80000)
 Metaspace       used 85802K, committed 87552K, reserved 1179648K
  class space    used 10850K, committed 11648K, reserved 1048576K
}
Event: 158.093 GC heap after
{Heap after GC invocations=2311 (full 3):
 PSYoungGen      total 5632K, used 704K [0x00000000d5580000, 0x00000000d5c00000, 0x0000000100000000)
  eden space 4608K, 0% used [0x00000000d5580000,0x00000000d5580000,0x00000000d5a00000)
  from space 1024K, 68% used [0x00000000d5b00000,0x00000000d5bb0000,0x00000000d5c00000)
  to   space 1024K, 0% used [0x00000000d5a00000,0x00000000d5a00000,0x00000000d5b00000)
 ParOldGen       total 1196032K, used 1195971K [0x0000000080000000, 0x00000000c9000000, 0x00000000d5580000)
  object space 1196032K, 99% used [0x0000000080000000,0x00000000c8ff0da0,0x00000000c9000000)
 Metaspace       used 85802K, committed 87552K, reserved 1179648K
  class space    used 10850K, committed 11648K, reserved 1048576K
}

