TN:
SF:app\_layout.tsx
FN:19,RootLayout
FNF:1
FNH:0
FNDA:0,RootLayout
DA:17,0
DA:20,0
DA:21,0
DA:22,0
LF:4
LH:0
BRDA:17,0,0,0
BRDA:17,0,1,0
BRF:2
BRH:0
end_of_record
TN:
SF:app\index.tsx
FN:12,Index
FN:17,(anonymous_1)
FN:31,(anonymous_2)
FN:35,(anonymous_3)
FN:39,(anonymous_4)
FN:44,(anonymous_5)
FN:49,(anonymous_6)
FN:56,(anonymous_7)
FN:59,(anonymous_8)
FN:61,(anonymous_9)
FNF:10
FNH:0
FNDA:0,Index
FNDA:0,(anonymous_1)
FNDA:0,(anonymous_2)
FNDA:0,(anonymous_3)
FNDA:0,(anonymous_4)
FNDA:0,(anonymous_5)
FNDA:0,(anonymous_6)
FNDA:0,(anonymous_7)
FNDA:0,(anonymous_8)
FNDA:0,(anonymous_9)
DA:13,0
DA:14,0
DA:15,0
DA:17,0
DA:19,0
DA:20,0
DA:21,0
DA:22,0
DA:25,0
DA:26,0
DA:27,0
DA:31,0
DA:32,0
DA:34,0
DA:36,0
DA:37,0
DA:40,0
DA:41,0
DA:44,0
DA:45,0
DA:49,0
DA:50,0
DA:52,0
DA:55,0
DA:56,0
DA:58,0
DA:59,0
DA:61,0
DA:62,0
DA:67,0
DA:68,0
DA:75,0
DA:76,0
DA:80,0
LF:34
LH:0
BRDA:20,0,0,0
BRDA:20,0,1,0
BRDA:26,1,0,0
BRDA:26,1,1,0
BRDA:36,2,0,0
BRDA:36,2,1,0
BRDA:40,3,0,0
BRDA:40,3,1,0
BRDA:50,4,0,0
BRDA:50,4,1,0
BRDA:50,5,0,0
BRDA:50,5,1,0
BRDA:67,6,0,0
BRDA:67,6,1,0
BRDA:67,7,0,0
BRDA:67,7,1,0
BRDA:75,8,0,0
BRDA:75,8,1,0
BRDA:80,9,0,0
BRDA:80,9,1,0
BRDA:80,10,0,0
BRDA:80,10,1,0
BRDA:80,10,2,0
BRDA:80,10,3,0
BRF:24
BRH:0
end_of_record
TN:
SF:app\onboarding.tsx
FN:19,OnboardingScreen
FN:25,(anonymous_1)
FN:58,(anonymous_2)
FN:65,(anonymous_3)
FN:77,(anonymous_4)
FN:84,(anonymous_5)
FN:91,(anonymous_6)
FNF:7
FNH:0
FNDA:0,OnboardingScreen
FNDA:0,(anonymous_1)
FNDA:0,(anonymous_2)
FNDA:0,(anonymous_3)
FNDA:0,(anonymous_4)
FNDA:0,(anonymous_5)
FNDA:0,(anonymous_6)
DA:20,0
DA:21,0
DA:22,0
DA:24,0
DA:25,0
DA:58,0
DA:59,0
DA:60,0
DA:61,0
DA:62,0
DA:65,0
DA:66,0
DA:77,0
DA:78,0
DA:84,0
DA:85,0
DA:91,0
DA:92,0
DA:97,0
DA:114,0
LF:20
LH:0
BRDA:59,0,0,0
BRDA:59,0,1,0
BRF:2
BRH:0
end_of_record
TN:
SF:app\(app)\_layout.tsx
FN:23,AppLayout
FN:35,(anonymous_1)
FN:42,(anonymous_2)
FN:51,(anonymous_3)
FN:58,(anonymous_4)
FN:63,(anonymous_5)
FN:69,(anonymous_6)
FN:132,(anonymous_7)
FNF:8
FNH:0
FNDA:0,AppLayout
FNDA:0,(anonymous_1)
FNDA:0,(anonymous_2)
FNDA:0,(anonymous_3)
FNDA:0,(anonymous_4)
FNDA:0,(anonymous_5)
FNDA:0,(anonymous_6)
FNDA:0,(anonymous_7)
DA:21,0
DA:24,0
DA:25,0
DA:26,0
DA:27,0
DA:28,0
DA:29,0
DA:31,0
DA:32,0
DA:33,0
DA:35,0
DA:36,0
DA:37,0
DA:38,0
DA:39,0
DA:42,0
DA:43,0
DA:44,0
DA:45,0
DA:48,0
DA:49,0
DA:51,0
DA:52,0
DA:53,0
DA:54,0
DA:58,0
DA:59,0
DA:60,0
DA:63,0
DA:64,0
DA:65,0
DA:68,0
DA:70,0
DA:81,0
DA:83,0
DA:84,0
DA:87,0
DA:133,0
DA:134,0
DA:162,0
LF:40
LH:0
BRDA:21,0,0,0
BRDA:21,0,1,0
BRDA:33,1,0,0
BRDA:33,1,1,0
BRDA:33,1,2,0
BRDA:36,2,0,0
BRDA:36,2,1,0
BRDA:36,3,0,0
BRDA:36,3,1,0
BRDA:36,3,2,0
BRDA:43,4,0,0
BRDA:43,4,1,0
BRDA:81,5,0,0
BRDA:81,5,1,0
BRDA:83,6,0,0
BRDA:83,6,1,0
BRDA:83,7,0,0
BRDA:83,7,1,0
BRDA:83,7,2,0
BRDA:133,8,0,0
BRDA:133,8,1,0
BRF:21
BRH:0
end_of_record
TN:
SF:app\(app)\create-missing.tsx
FN:26,CreateMissingScreen
FN:57,(anonymous_1)
FN:58,(anonymous_2)
FN:66,(anonymous_3)
FN:94,(anonymous_4)
FN:102,(anonymous_5)
FN:120,(anonymous_6)
FN:131,(anonymous_7)
FN:249,(anonymous_8)
FN:301,(anonymous_9)
FN:324,(anonymous_10)
FN:348,(anonymous_11)
FN:349,(anonymous_12)
FNF:13
FNH:0
FNDA:0,CreateMissingScreen
FNDA:0,(anonymous_1)
FNDA:0,(anonymous_2)
FNDA:0,(anonymous_3)
FNDA:0,(anonymous_4)
FNDA:0,(anonymous_5)
FNDA:0,(anonymous_6)
FNDA:0,(anonymous_7)
FNDA:0,(anonymous_8)
FNDA:0,(anonymous_9)
FNDA:0,(anonymous_10)
FNDA:0,(anonymous_11)
FNDA:0,(anonymous_12)
DA:27,0
DA:28,0
DA:29,0
DA:30,0
DA:31,0
DA:33,0
DA:40,0
DA:41,0
DA:43,0
DA:44,0
DA:45,0
DA:46,0
DA:47,0
DA:48,0
DA:49,0
DA:50,0
DA:51,0
DA:52,0
DA:53,0
DA:54,0
DA:55,0
DA:57,0
DA:58,0
DA:66,0
DA:67,0
DA:68,0
DA:69,0
DA:70,0
DA:72,0
DA:73,0
DA:74,0
DA:75,0
DA:77,0
DA:78,0
DA:79,0
DA:81,0
DA:82,0
DA:83,0
DA:85,0
DA:86,0
DA:87,0
DA:88,0
DA:91,0
DA:94,0
DA:95,0
DA:96,0
DA:98,0
DA:102,0
DA:103,0
DA:104,0
DA:105,0
DA:106,0
DA:120,0
DA:121,0
DA:124,0
DA:125,0
DA:127,0
DA:131,0
DA:132,0
DA:134,0
DA:171,0
DA:220,0
DA:249,0
DA:261,0
DA:278,0
DA:302,0
DA:303,0
DA:304,0
DA:324,0
DA:348,0
DA:350,0
DA:351,0
DA:367,0
LF:73
LH:0
BRDA:44,0,0,0
BRDA:44,0,1,0
BRDA:51,1,0,0
BRDA:51,1,1,0
BRDA:52,2,0,0
BRDA:52,2,1,0
BRDA:53,3,0,0
BRDA:53,3,1,0
BRDA:67,4,0,0
BRDA:67,4,1,0
BRDA:68,5,0,0
BRDA:68,5,1,0
BRDA:72,6,0,0
BRDA:72,6,1,0
BRDA:73,7,0,0
BRDA:73,7,1,0
BRDA:77,8,0,0
BRDA:77,8,1,0
BRDA:81,9,0,0
BRDA:81,9,1,0
BRDA:85,10,0,0
BRDA:85,10,1,0
BRDA:86,11,0,0
BRDA:86,11,1,0
BRDA:91,12,0,0
BRDA:91,12,1,0
BRDA:95,13,0,0
BRDA:95,13,1,0
BRDA:105,14,0,0
BRDA:105,14,1,0
BRDA:112,15,0,0
BRDA:112,15,1,0
BRDA:118,16,0,0
BRDA:118,16,1,0
BRDA:124,17,0,0
BRDA:124,17,1,0
BRDA:132,18,0,0
BRDA:132,18,1,0
BRDA:132,18,2,0
BRDA:132,18,3,0
BRDA:137,19,0,0
BRDA:137,19,1,0
BRDA:142,20,0,0
BRDA:142,20,1,0
BRDA:266,21,0,0
BRDA:266,21,1,0
BRDA:271,22,0,0
BRDA:271,22,1,0
BRDA:287,23,0,0
BRDA:287,23,1,0
BRDA:291,24,0,0
BRDA:291,24,1,0
BRDA:306,25,0,0
BRDA:306,25,1,0
BRDA:306,25,2,0
BRDA:307,26,0,0
BRDA:307,26,1,0
BRDA:307,26,2,0
BRDA:309,27,0,0
BRDA:309,27,1,0
BRDA:309,27,2,0
BRDA:310,28,0,0
BRDA:310,28,1,0
BRDA:310,29,0,0
BRDA:310,29,1,0
BRDA:310,30,0,0
BRDA:310,30,1,0
BRDA:328,31,0,0
BRDA:328,31,1,0
BRDA:333,32,0,0
BRDA:333,32,1,0
BRDA:336,33,0,0
BRDA:336,33,1,0
BRDA:340,34,0,0
BRDA:340,34,1,0
BRDA:357,35,0,0
BRDA:357,35,1,0
BRF:77
BRH:0
end_of_record
TN:
SF:app\(app)\create-report.tsx
FN:28,CreateReportScreen
FN:42,(anonymous_1)
FN:45,(anonymous_2)
FN:46,(anonymous_3)
FN:54,(anonymous_4)
FN:55,(anonymous_5)
FN:55,(anonymous_6)
FN:58,(anonymous_7)
FN:83,(anonymous_8)
FN:85,(anonymous_9)
FN:108,(anonymous_10)
FN:144,(anonymous_11)
FN:167,(anonymous_12)
FN:198,(anonymous_13)
FN:203,(anonymous_14)
FN:216,(anonymous_15)
FN:234,(anonymous_16)
FN:248,(anonymous_17)
FN:249,(anonymous_18)
FNF:19
FNH:0
FNDA:0,CreateReportScreen
FNDA:0,(anonymous_1)
FNDA:0,(anonymous_2)
FNDA:0,(anonymous_3)
FNDA:0,(anonymous_4)
FNDA:0,(anonymous_5)
FNDA:0,(anonymous_6)
FNDA:0,(anonymous_7)
FNDA:0,(anonymous_8)
FNDA:0,(anonymous_9)
FNDA:0,(anonymous_10)
FNDA:0,(anonymous_11)
FNDA:0,(anonymous_12)
FNDA:0,(anonymous_13)
FNDA:0,(anonymous_14)
FNDA:0,(anonymous_15)
FNDA:0,(anonymous_16)
FNDA:0,(anonymous_17)
FNDA:0,(anonymous_18)
DA:26,0
DA:29,0
DA:30,0
DA:31,0
DA:32,0
DA:33,0
DA:34,0
DA:35,0
DA:36,0
DA:37,0
DA:38,0
DA:39,0
DA:40,0
DA:42,0
DA:43,0
DA:45,0
DA:46,0
DA:54,0
DA:55,0
DA:58,0
DA:59,0
DA:60,0
DA:61,0
DA:63,0
DA:64,0
DA:65,0
DA:68,0
DA:74,0
DA:75,0
DA:76,0
DA:83,0
DA:85,0
DA:86,0
DA:89,0
DA:90,0
DA:92,0
DA:96,0
DA:108,0
DA:145,0
DA:146,0
DA:167,0
DA:199,0
DA:203,0
DA:216,0
DA:234,0
DA:248,0
DA:250,0
DA:251,0
DA:267,0
DA:269,0
LF:50
LH:0
BRDA:43,0,0,0
BRDA:43,0,1,0
BRDA:59,1,0,0
BRDA:59,1,1,0
BRDA:63,2,0,0
BRDA:63,2,1,0
BRDA:89,3,0,0
BRDA:89,3,1,0
BRDA:105,4,0,0
BRDA:105,4,1,0
BRDA:151,5,0,0
BRDA:151,5,1,0
BRDA:152,6,0,0
BRDA:152,6,1,0
BRDA:153,7,0,0
BRDA:153,7,1,0
BRDA:154,8,0,0
BRDA:154,8,1,0
BRDA:155,9,0,0
BRDA:155,9,1,0
BRDA:157,10,0,0
BRDA:157,10,1,0
BRDA:160,11,0,0
BRDA:160,11,1,0
BRDA:161,12,0,0
BRDA:161,12,1,0
BRDA:163,13,0,0
BRDA:163,13,1,0
BRDA:172,14,0,0
BRDA:172,14,1,0
BRDA:192,15,0,0
BRDA:192,15,1,0
BRDA:222,16,0,0
BRDA:222,16,1,0
BRDA:238,17,0,0
BRDA:238,17,1,0
BRDA:257,18,0,0
BRDA:257,18,1,0
BRF:38
BRH:0
end_of_record
TN:
SF:app\(app)\crime-analysis.tsx
FN:24,toISODate
FN:28,formatDisplay
FN:36,CrimeAnalysisScreen
FN:52,(anonymous_3)
FN:62,(anonymous_4)
FN:86,(anonymous_5)
FN:102,(anonymous_6)
FN:113,(anonymous_7)
FN:186,(anonymous_8)
FN:212,(anonymous_9)
FN:213,(anonymous_10)
FN:242,(anonymous_11)
FN:243,(anonymous_12)
FN:261,(anonymous_13)
FN:263,(anonymous_14)
FNF:15
FNH:0
FNDA:0,toISODate
FNDA:0,formatDisplay
FNDA:0,CrimeAnalysisScreen
FNDA:0,(anonymous_3)
FNDA:0,(anonymous_4)
FNDA:0,(anonymous_5)
FNDA:0,(anonymous_6)
FNDA:0,(anonymous_7)
FNDA:0,(anonymous_8)
FNDA:0,(anonymous_9)
FNDA:0,(anonymous_10)
FNDA:0,(anonymous_11)
FNDA:0,(anonymous_12)
FNDA:0,(anonymous_13)
FNDA:0,(anonymous_14)
DA:25,0
DA:29,0
DA:37,0
DA:38,0
DA:40,0
DA:41,0
DA:42,0
DA:44,0
DA:45,0
DA:46,0
DA:48,0
DA:49,0
DA:50,0
DA:52,0
DA:56,0
DA:57,0
DA:58,0
DA:59,0
DA:62,0
DA:63,0
DA:64,0
DA:65,0
DA:67,0
DA:68,0
DA:69,0
DA:70,0
DA:74,0
DA:76,0
DA:77,0
DA:79,0
DA:83,0
DA:86,0
DA:102,0
DA:113,0
DA:187,0
DA:212,0
DA:214,0
DA:215,0
DA:242,0
DA:244,0
DA:261,0
DA:264,0
DA:312,0
LF:43
LH:0
BRDA:56,0,0,0
BRDA:56,0,1,0
BRDA:57,1,0,0
BRDA:57,1,1,0
BRDA:58,2,0,0
BRDA:58,2,1,0
BRDA:63,3,0,0
BRDA:63,3,1,0
BRDA:121,4,0,0
BRDA:121,4,1,0
BRDA:124,5,0,0
BRDA:124,5,1,0
BRDA:128,6,0,0
BRDA:128,6,1,0
BRDA:139,7,0,0
BRDA:139,7,1,0
BRDA:141,8,0,0
BRDA:141,8,1,0
BRDA:143,9,0,0
BRDA:143,9,1,0
BRDA:149,10,0,0
BRDA:149,10,1,0
BRDA:182,11,0,0
BRDA:182,11,1,0
BRDA:207,12,0,0
BRDA:207,12,1,0
BRDA:237,13,0,0
BRDA:237,13,1,0
BRDA:254,14,0,0
BRDA:254,14,1,0
BRDA:302,15,0,0
BRDA:302,15,1,0
BRDA:302,15,2,0
BRF:33
BRH:0
end_of_record
TN:
SF:app\(app)\crime-dashboard.tsx
FN:19,StatCard
FN:38,CrimeDashboardScreen
FN:45,(anonymous_2)
FN:46,(anonymous_3)
FN:72,(anonymous_4)
FN:82,(anonymous_5)
FN:126,(anonymous_6)
FN:176,(anonymous_7)
FN:191,(anonymous_8)
FNF:9
FNH:0
FNDA:0,StatCard
FNDA:0,CrimeDashboardScreen
FNDA:0,(anonymous_2)
FNDA:0,(anonymous_3)
FNDA:0,(anonymous_4)
FNDA:0,(anonymous_5)
FNDA:0,(anonymous_6)
FNDA:0,(anonymous_7)
FNDA:0,(anonymous_8)
DA:28,0
DA:39,0
DA:40,0
DA:41,0
DA:42,0
DA:43,0
DA:45,0
DA:46,0
DA:47,0
DA:48,0
DA:49,0
DA:50,0
DA:52,0
DA:53,0
DA:55,0
DA:60,0
DA:61,0
DA:68,0
DA:69,0
DA:72,0
DA:79,0
DA:82,0
DA:127,0
DA:177,0
DA:192,0
DA:207,0
LF:26
LH:0
BRDA:30,0,0,0
BRDA:30,0,1,0
BRDA:60,1,0,0
BRDA:60,1,1,0
BRDA:68,2,0,0
BRDA:68,2,1,0
BRDA:68,3,0,0
BRDA:68,3,1,0
BRDA:71,4,0,0
BRDA:71,4,1,0
BRDA:122,5,0,0
BRDA:122,5,1,0
BRDA:172,6,0,0
BRDA:172,6,1,0
BRDA:187,7,0,0
BRDA:187,7,1,0
BRF:16
BRH:0
end_of_record
TN:
SF:app\(app)\crime-heatmap.tsx
FN:34,toRadians
FN:38,distanceKm
FN:56,viewportRadiusKm
FN:64,getSeverityStrokeColor
FN:70,getSeverityFillColor
FN:76,getSeverityMarkerColor
FN:82,CrimeHeatmapScreen
FN:94,(anonymous_7)
FN:105,(anonymous_8)
FN:124,(anonymous_9)
FN:128,(anonymous_10)
FN:130,(anonymous_11)
FN:132,(anonymous_12)
FN:141,(anonymous_13)
FN:142,(anonymous_14)
FN:145,(anonymous_15)
FN:150,(anonymous_16)
FN:158,(anonymous_17)
FN:160,(anonymous_18)
FN:169,(anonymous_19)
FN:170,(anonymous_20)
FN:173,(anonymous_21)
FN:175,(anonymous_22)
FN:181,(anonymous_23)
FN:190,(anonymous_24)
FN:197,(anonymous_25)
FN:237,(anonymous_26)
FN:294,(anonymous_27)
FN:305,(anonymous_28)
FN:349,(anonymous_29)
FN:349,(anonymous_30)
FN:364,(anonymous_31)
FN:372,(anonymous_32)
FN:389,(anonymous_33)
FNF:34
FNH:0
FNDA:0,toRadians
FNDA:0,distanceKm
FNDA:0,viewportRadiusKm
FNDA:0,getSeverityStrokeColor
FNDA:0,getSeverityFillColor
FNDA:0,getSeverityMarkerColor
FNDA:0,CrimeHeatmapScreen
FNDA:0,(anonymous_7)
FNDA:0,(anonymous_8)
FNDA:0,(anonymous_9)
FNDA:0,(anonymous_10)
FNDA:0,(anonymous_11)
FNDA:0,(anonymous_12)
FNDA:0,(anonymous_13)
FNDA:0,(anonymous_14)
FNDA:0,(anonymous_15)
FNDA:0,(anonymous_16)
FNDA:0,(anonymous_17)
FNDA:0,(anonymous_18)
FNDA:0,(anonymous_19)
FNDA:0,(anonymous_20)
FNDA:0,(anonymous_21)
FNDA:0,(anonymous_22)
FNDA:0,(anonymous_23)
FNDA:0,(anonymous_24)
FNDA:0,(anonymous_25)
FNDA:0,(anonymous_26)
FNDA:0,(anonymous_27)
FNDA:0,(anonymous_28)
FNDA:0,(anonymous_29)
FNDA:0,(anonymous_30)
FNDA:0,(anonymous_31)
FNDA:0,(anonymous_32)
FNDA:0,(anonymous_33)
DA:31,0
DA:32,0
DA:35,0
DA:44,0
DA:45,0
DA:46,0
DA:48,0
DA:53,0
DA:57,0
DA:58,0
DA:59,0
DA:60,0
DA:61,0
DA:65,0
DA:66,0
DA:67,0
DA:71,0
DA:72,0
DA:73,0
DA:77,0
DA:78,0
DA:79,0
DA:83,0
DA:84,0
DA:85,0
DA:86,0
DA:88,0
DA:89,0
DA:90,0
DA:91,0
DA:92,0
DA:94,0
DA:95,0
DA:96,0
DA:97,0
DA:105,0
DA:106,0
DA:107,0
DA:108,0
DA:109,0
DA:116,0
DA:118,0
DA:120,0
DA:124,0
DA:125,0
DA:128,0
DA:129,0
DA:130,0
DA:131,0
DA:132,0
DA:141,0
DA:142,0
DA:145,0
DA:146,0
DA:147,0
DA:150,0
DA:151,0
DA:154,0
DA:158,0
DA:159,0
DA:160,0
DA:169,0
DA:170,0
DA:173,0
DA:174,0
DA:175,0
DA:178,0
DA:181,0
DA:190,0
DA:191,0
DA:192,0
DA:194,0
DA:198,0
DA:233,0
DA:237,0
DA:295,0
DA:306,0
DA:349,0
DA:365,0
DA:372,0
DA:389,0
DA:407,0
LF:82
LH:0
BRDA:65,0,0,0
BRDA:65,0,1,0
BRDA:66,1,0,0
BRDA:66,1,1,0
BRDA:71,2,0,0
BRDA:71,2,1,0
BRDA:72,3,0,0
BRDA:72,3,1,0
BRDA:77,4,0,0
BRDA:77,4,1,0
BRDA:78,5,0,0
BRDA:78,5,1,0
BRDA:95,6,0,0
BRDA:95,6,1,0
BRDA:96,7,0,0
BRDA:96,7,1,0
BRDA:106,8,0,0
BRDA:106,8,1,0
BRDA:129,9,0,0
BRDA:129,9,1,0
BRDA:146,10,0,0
BRDA:146,10,1,0
BRDA:151,11,0,0
BRDA:151,11,1,0
BRDA:154,12,0,0
BRDA:154,12,1,0
BRDA:181,13,0,0
BRDA:181,13,1,0
BRDA:185,14,0,0
BRDA:185,14,1,0
BRDA:215,15,0,0
BRDA:215,15,1,0
BRDA:216,16,0,0
BRDA:216,16,1,0
BRDA:225,17,0,0
BRDA:225,17,1,0
BRDA:255,18,0,0
BRDA:255,18,1,0
BRDA:313,19,0,0
BRDA:313,19,1,0
BRDA:318,20,0,0
BRDA:318,20,1,0
BRDA:347,21,0,0
BRDA:347,21,1,0
BRDA:354,22,0,0
BRDA:354,22,1,0
BRDA:357,23,0,0
BRDA:357,23,1,0
BRDA:369,24,0,0
BRDA:369,24,1,0
BRDA:370,25,0,0
BRDA:370,25,1,0
BRDA:378,26,0,0
BRDA:378,26,1,0
BRDA:396,27,0,0
BRDA:396,27,1,0
BRF:56
BRH:0
end_of_record
TN:
SF:app\(app)\guideline-detail.tsx
FN:18,GuidelineDetailScreen
FN:24,(anonymous_1)
FN:25,(anonymous_2)
FN:58,(anonymous_3)
FN:76,(anonymous_4)
FNF:5
FNH:0
FNDA:0,GuidelineDetailScreen
FNDA:0,(anonymous_1)
FNDA:0,(anonymous_2)
FNDA:0,(anonymous_3)
FNDA:0,(anonymous_4)
DA:19,0
DA:20,0
DA:21,0
DA:22,0
DA:24,0
DA:25,0
DA:26,0
DA:27,0
DA:28,0
DA:29,0
DA:31,0
DA:33,0
DA:37,0
DA:40,0
DA:41,0
DA:52,0
DA:53,0
DA:58,0
DA:71,0
DA:76,0
DA:120,0
LF:21
LH:0
BRDA:26,0,0,0
BRDA:26,0,1,0
BRDA:40,1,0,0
BRDA:40,1,1,0
BRDA:52,2,0,0
BRDA:52,2,1,0
BRF:6
BRH:0
end_of_record
TN:
SF:app\(app)\location-history.tsx
FN:35,startOfDay
FN:41,endOfDay
FN:47,formatDate
FN:57,LocationHistoryScreen
FN:74,(anonymous_4)
FN:83,(anonymous_5)
FN:89,(anonymous_6)
FN:96,(anonymous_7)
FN:98,(anonymous_8)
FN:102,(anonymous_9)
FN:103,(anonymous_10)
FN:108,(anonymous_11)
FN:116,(anonymous_12)
FN:117,(anonymous_13)
FN:122,(anonymous_14)
FN:127,(anonymous_15)
FN:132,(anonymous_16)
FN:138,(anonymous_17)
FN:139,(anonymous_18)
FN:158,(anonymous_19)
FN:186,(anonymous_20)
FN:198,(anonymous_21)
FN:211,(anonymous_22)
FN:231,(anonymous_23)
FN:238,(anonymous_24)
FNF:25
FNH:0
FNDA:0,startOfDay
FNDA:0,endOfDay
FNDA:0,formatDate
FNDA:0,LocationHistoryScreen
FNDA:0,(anonymous_4)
FNDA:0,(anonymous_5)
FNDA:0,(anonymous_6)
FNDA:0,(anonymous_7)
FNDA:0,(anonymous_8)
FNDA:0,(anonymous_9)
FNDA:0,(anonymous_10)
FNDA:0,(anonymous_11)
FNDA:0,(anonymous_12)
FNDA:0,(anonymous_13)
FNDA:0,(anonymous_14)
FNDA:0,(anonymous_15)
FNDA:0,(anonymous_16)
FNDA:0,(anonymous_17)
FNDA:0,(anonymous_18)
FNDA:0,(anonymous_19)
FNDA:0,(anonymous_20)
FNDA:0,(anonymous_21)
FNDA:0,(anonymous_22)
FNDA:0,(anonymous_23)
FNDA:0,(anonymous_24)
DA:36,0
DA:37,0
DA:38,0
DA:42,0
DA:43,0
DA:44,0
DA:48,0
DA:58,0
DA:59,0
DA:61,0
DA:62,0
DA:65,0
DA:66,0
DA:69,0
DA:70,0
DA:71,0
DA:72,0
DA:74,0
DA:75,0
DA:76,0
DA:77,0
DA:78,0
DA:83,0
DA:84,0
DA:89,0
DA:90,0
DA:91,0
DA:96,0
DA:97,0
DA:98,0
DA:99,0
DA:101,0
DA:102,0
DA:103,0
DA:108,0
DA:109,0
DA:110,0
DA:112,0
DA:113,0
DA:115,0
DA:116,0
DA:117,0
DA:122,0
DA:123,0
DA:124,0
DA:127,0
DA:128,0
DA:129,0
DA:132,0
DA:133,0
DA:134,0
DA:137,0
DA:139,0
DA:153,0
DA:158,0
DA:186,0
DA:198,0
DA:211,0
DA:233,0
DA:234,0
DA:238,0
DA:283,0
LF:62
LH:0
BRDA:77,0,0,0
BRDA:77,0,1,0
BRDA:116,1,0,0
BRDA:116,1,1,0
BRDA:124,2,0,0
BRDA:124,2,1,0
BRDA:129,3,0,0
BRDA:129,3,1,0
BRDA:134,4,0,0
BRDA:134,4,1,0
BRDA:145,5,0,0
BRDA:145,5,1,0
BRDA:146,6,0,0
BRDA:146,6,1,0
BRDA:171,7,0,0
BRDA:171,7,1,0
BRDA:224,8,0,0
BRDA:224,8,1,0
BRDA:237,9,0,0
BRDA:237,9,1,0
BRDA:243,10,0,0
BRDA:243,10,1,0
BRDA:256,11,0,0
BRDA:256,11,1,0
BRDA:264,12,0,0
BRDA:264,12,1,0
BRDA:267,13,0,0
BRDA:267,13,1,0
BRF:28
BRH:0
end_of_record
TN:
SF:app\(app)\manage-trackers.tsx
FN:34,ManageTrackersScreen
FN:46,(anonymous_1)
FN:50,(anonymous_2)
FN:65,(anonymous_3)
FN:78,(anonymous_4)
FN:82,(anonymous_5)
FN:88,(anonymous_6)
FN:100,(anonymous_7)
FN:106,(anonymous_8)
FN:107,(anonymous_9)
FN:118,(anonymous_10)
FN:176,(anonymous_11)
FN:187,(anonymous_12)
FN:209,(anonymous_13)
FN:217,(anonymous_14)
FN:241,(anonymous_15)
FN:257,(anonymous_16)
FNF:17
FNH:0
FNDA:0,ManageTrackersScreen
FNDA:0,(anonymous_1)
FNDA:0,(anonymous_2)
FNDA:0,(anonymous_3)
FNDA:0,(anonymous_4)
FNDA:0,(anonymous_5)
FNDA:0,(anonymous_6)
FNDA:0,(anonymous_7)
FNDA:0,(anonymous_8)
FNDA:0,(anonymous_9)
FNDA:0,(anonymous_10)
FNDA:0,(anonymous_11)
FNDA:0,(anonymous_12)
FNDA:0,(anonymous_13)
FNDA:0,(anonymous_14)
FNDA:0,(anonymous_15)
FNDA:0,(anonymous_16)
DA:35,0
DA:36,0
DA:38,0
DA:39,0
DA:42,0
DA:43,0
DA:44,0
DA:46,0
DA:47,0
DA:48,0
DA:49,0
DA:50,0
DA:54,0
DA:55,0
DA:56,0
DA:59,0
DA:61,0
DA:65,0
DA:66,0
DA:67,0
DA:68,0
DA:69,0
DA:71,0
DA:72,0
DA:74,0
DA:78,0
DA:79,0
DA:82,0
DA:83,0
DA:84,0
DA:88,0
DA:89,0
DA:90,0
DA:101,0
DA:102,0
DA:106,0
DA:107,0
DA:110,0
DA:118,0
DA:119,0
DA:120,0
DA:127,0
DA:176,0
DA:183,0
DA:187,0
DA:210,0
DA:217,0
DA:241,0
DA:257,0
DA:269,0
LF:50
LH:0
BRDA:55,0,0,0
BRDA:55,0,1,0
BRDA:55,1,0,0
BRDA:55,1,1,0
BRDA:83,2,0,0
BRDA:83,2,1,0
BRDA:89,3,0,0
BRDA:89,3,1,0
BRDA:110,4,0,0
BRDA:110,4,1,0
BRDA:120,5,0,0
BRDA:120,5,1,0
BRDA:133,6,0,0
BRDA:133,6,1,0
BRDA:147,7,0,0
BRDA:147,7,1,0
BRDA:153,8,0,0
BRDA:153,8,1,0
BRDA:156,9,0,0
BRDA:156,9,1,0
BRDA:165,10,0,0
BRDA:165,10,1,0
BRDA:198,11,0,0
BRDA:198,11,1,0
BRDA:207,12,0,0
BRDA:207,12,1,0
BRDA:214,13,0,0
BRDA:214,13,1,0
BRDA:222,14,0,0
BRDA:222,14,1,0
BRDA:234,15,0,0
BRDA:234,15,1,0
BRDA:247,16,0,0
BRDA:247,16,1,0
BRF:34
BRH:0
end_of_record
TN:
SF:app\(app)\missing-detail.tsx
FN:26,PhysicalRow
FN:45,MissingDetailScreen
FN:52,(anonymous_2)
FN:53,(anonymous_3)
FN:71,(anonymous_4)
FN:84,(anonymous_5)
FN:110,(anonymous_6)
FN:170,(anonymous_7)
FNF:8
FNH:0
FNDA:0,PhysicalRow
FNDA:0,MissingDetailScreen
FNDA:0,(anonymous_2)
FNDA:0,(anonymous_3)
FNDA:0,(anonymous_4)
FNDA:0,(anonymous_5)
FNDA:0,(anonymous_6)
FNDA:0,(anonymous_7)
DA:35,0
DA:46,0
DA:47,0
DA:48,0
DA:49,0
DA:50,0
DA:52,0
DA:53,0
DA:54,0
DA:55,0
DA:56,0
DA:57,0
DA:61,0
DA:63,0
DA:65,0
DA:68,0
DA:71,0
DA:72,0
DA:73,0
DA:74,0
DA:84,0
DA:85,0
DA:90,0
DA:91,0
DA:104,0
DA:105,0
DA:110,0
DA:126,0
DA:132,0
DA:140,0
DA:148,0
DA:149,0
DA:150,0
DA:155,0
DA:163,0
DA:170,0
DA:344,0
LF:37
LH:0
BRDA:36,0,0,0
BRDA:36,0,1,0
BRDA:54,1,0,0
BRDA:54,1,1,0
BRDA:57,2,0,0
BRDA:57,2,1,0
BRDA:72,3,0,0
BRDA:72,3,1,0
BRDA:76,4,0,0
BRDA:76,4,1,0
BRDA:90,5,0,0
BRDA:90,5,1,0
BRDA:104,6,0,0
BRDA:104,6,1,0
BRDA:126,7,0,0
BRDA:126,7,1,0
BRDA:132,8,0,0
BRDA:132,8,1,0
BRDA:140,9,0,0
BRDA:140,9,1,0
BRDA:149,10,0,0
BRDA:149,10,1,0
BRDA:149,11,0,0
BRDA:149,11,1,0
BRDA:150,12,0,0
BRDA:150,12,1,0
BRDA:152,13,0,0
BRDA:152,13,1,0
BRDA:155,14,0,0
BRDA:155,14,1,0
BRDA:157,15,0,0
BRDA:157,15,1,0
BRDA:182,16,0,0
BRDA:182,16,1,0
BRDA:207,17,0,0
BRDA:207,17,1,0
BRDA:209,18,0,0
BRDA:209,18,1,0
BRDA:226,19,0,0
BRDA:226,19,1,0
BRDA:242,20,0,0
BRDA:242,20,1,0
BRDA:242,21,0,0
BRDA:242,21,1,0
BRDA:272,22,0,0
BRDA:272,22,1,0
BRDA:272,23,0,0
BRDA:272,23,1,0
BRDA:287,24,0,0
BRDA:287,24,1,0
BRDA:325,25,0,0
BRDA:325,25,1,0
BRDA:334,26,0,0
BRDA:334,26,1,0
BRF:54
BRH:0
end_of_record
TN:
SF:app\(app)\notifications.tsx
FN:33,getTrackingIcon
FN:43,TrackingNotificationCard
FN:63,(anonymous_2)
FN:70,RiskNotificationCard
FN:95,(anonymous_4)
FN:104,SectionHeader
FN:119,WeeklySummaryCard
FN:135,StatsRow
FN:154,NotificationsScreen
FN:172,(anonymous_9)
FN:178,(anonymous_10)
FN:183,(anonymous_11)
FN:201,(anonymous_12)
FN:217,(anonymous_13)
FN:218,(anonymous_14)
FN:249,(anonymous_15)
FN:256,(anonymous_16)
FN:256,(anonymous_17)
FN:260,(anonymous_18)
FN:287,(anonymous_19)
FN:294,(anonymous_20)
FN:294,(anonymous_21)
FN:298,(anonymous_22)
FNF:23
FNH:0
FNDA:0,getTrackingIcon
FNDA:0,TrackingNotificationCard
FNDA:0,(anonymous_2)
FNDA:0,RiskNotificationCard
FNDA:0,(anonymous_4)
FNDA:0,SectionHeader
FNDA:0,WeeklySummaryCard
FNDA:0,StatsRow
FNDA:0,NotificationsScreen
FNDA:0,(anonymous_9)
FNDA:0,(anonymous_10)
FNDA:0,(anonymous_11)
FNDA:0,(anonymous_12)
FNDA:0,(anonymous_13)
FNDA:0,(anonymous_14)
FNDA:0,(anonymous_15)
FNDA:0,(anonymous_16)
FNDA:0,(anonymous_17)
FNDA:0,(anonymous_18)
FNDA:0,(anonymous_19)
FNDA:0,(anonymous_20)
FNDA:0,(anonymous_21)
FNDA:0,(anonymous_22)
DA:22,0
DA:26,0
DA:34,0
DA:35,0
DA:36,0
DA:37,0
DA:38,0
DA:50,0
DA:51,0
DA:63,0
DA:77,0
DA:95,0
DA:105,0
DA:120,0
DA:136,0
DA:155,0
DA:166,0
DA:168,0
DA:169,0
DA:170,0
DA:172,0
DA:173,0
DA:178,0
DA:179,0
DA:180,0
DA:183,0
DA:184,0
DA:185,0
DA:188,0
DA:193,0
DA:197,0
DA:201,0
DA:218,0
DA:249,0
DA:256,0
DA:261,0
DA:287,0
DA:294,0
DA:299,0
DA:324,0
LF:40
LH:0
BRDA:35,0,0,0
BRDA:35,0,1,0
BRDA:35,1,0,0
BRDA:35,1,1,0
BRDA:35,1,2,0
BRDA:36,2,0,0
BRDA:36,2,1,0
BRDA:37,3,0,0
BRDA:37,3,1,0
BRDA:37,4,0,0
BRDA:37,4,1,0
BRDA:37,4,2,0
BRDA:37,4,3,0
BRDA:108,5,0,0
BRDA:108,5,1,0
BRDA:185,6,0,0
BRDA:185,6,1,0
BRDA:219,7,0,0
BRDA:219,7,1,0
BRDA:244,8,0,0
BRDA:244,8,1,0
BRDA:282,9,0,0
BRDA:282,9,1,0
BRDA:291,10,0,0
BRDA:291,10,1,0
BRF:25
BRH:0
end_of_record
TN:
SF:app\(app)\report-detail.tsx
FN:27,severityColors
FN:35,InfoRow
FN:61,ReportDetailScreen
FN:68,(anonymous_3)
FN:70,(anonymous_4)
FN:85,(anonymous_5)
FN:94,(anonymous_6)
FN:101,(anonymous_7)
FN:127,(anonymous_8)
FN:143,(anonymous_9)
FN:148,(anonymous_10)
FN:201,(anonymous_11)
FN:294,(anonymous_12)
FNF:13
FNH:0
FNDA:0,severityColors
FNDA:0,InfoRow
FNDA:0,ReportDetailScreen
FNDA:0,(anonymous_3)
FNDA:0,(anonymous_4)
FNDA:0,(anonymous_5)
FNDA:0,(anonymous_6)
FNDA:0,(anonymous_7)
FNDA:0,(anonymous_8)
FNDA:0,(anonymous_9)
FNDA:0,(anonymous_10)
FNDA:0,(anonymous_11)
FNDA:0,(anonymous_12)
DA:28,0
DA:29,0
DA:30,0
DA:46,0
DA:62,0
DA:63,0
DA:64,0
DA:65,0
DA:66,0
DA:68,0
DA:69,0
DA:70,0
DA:71,0
DA:72,0
DA:75,0
DA:77,0
DA:79,0
DA:82,0
DA:85,0
DA:86,0
DA:87,0
DA:88,0
DA:94,0
DA:95,0
DA:96,0
DA:101,0
DA:102,0
DA:107,0
DA:108,0
DA:121,0
DA:122,0
DA:127,0
DA:143,0
DA:144,0
DA:146,0
DA:147,0
DA:148,0
DA:156,0
DA:157,0
DA:158,0
DA:161,0
DA:166,0
DA:168,0
DA:174,0
DA:175,0
DA:177,0
DA:186,0
DA:194,0
DA:201,0
DA:295,0
DA:334,0
LF:51
LH:0
BRDA:28,0,0,0
BRDA:28,0,1,0
BRDA:29,1,0,0
BRDA:29,1,1,0
BRDA:47,2,0,0
BRDA:47,2,1,0
BRDA:69,3,0,0
BRDA:69,3,1,0
BRDA:75,4,0,0
BRDA:75,4,1,0
BRDA:86,5,0,0
BRDA:86,5,1,0
BRDA:95,6,0,0
BRDA:95,6,1,0
BRDA:107,7,0,0
BRDA:107,7,1,0
BRDA:121,8,0,0
BRDA:121,8,1,0
BRDA:144,9,0,0
BRDA:144,9,1,0
BRDA:146,10,0,0
BRDA:146,10,1,0
BRDA:156,11,0,0
BRDA:156,11,1,0
BRDA:168,12,0,0
BRDA:168,12,1,0
BRDA:170,13,0,0
BRDA:170,13,1,0
BRDA:174,14,0,0
BRDA:174,14,1,0
BRDA:175,15,0,0
BRDA:175,15,1,0
BRDA:177,16,0,0
BRDA:177,16,1,0
BRDA:282,17,0,0
BRDA:282,17,1,0
BRDA:282,17,2,0
BRDA:324,18,0,0
BRDA:324,18,1,0
BRF:39
BRH:0
end_of_record
TN:
SF:app\(app)\safe-zones.tsx
FN:21,toRadians
FN:25,getDistanceInKm
FN:51,SafeZonesScreen
FN:60,(anonymous_3)
FN:78,(anonymous_4)
FN:82,(anonymous_5)
FN:107,(anonymous_6)
FN:109,(anonymous_7)
FN:112,(anonymous_8)
FN:123,(anonymous_9)
FN:126,(anonymous_10)
FN:142,(anonymous_11)
FN:186,(anonymous_12)
FN:197,(anonymous_13)
FN:207,(anonymous_14)
FN:214,(anonymous_15)
FN:218,(anonymous_16)
FN:221,(anonymous_17)
FNF:18
FNH:0
FNDA:0,toRadians
FNDA:0,getDistanceInKm
FNDA:0,SafeZonesScreen
FNDA:0,(anonymous_3)
FNDA:0,(anonymous_4)
FNDA:0,(anonymous_5)
FNDA:0,(anonymous_6)
FNDA:0,(anonymous_7)
FNDA:0,(anonymous_8)
FNDA:0,(anonymous_9)
FNDA:0,(anonymous_10)
FNDA:0,(anonymous_11)
FNDA:0,(anonymous_12)
FNDA:0,(anonymous_13)
FNDA:0,(anonymous_14)
FNDA:0,(anonymous_15)
FNDA:0,(anonymous_16)
FNDA:0,(anonymous_17)
DA:22,0
DA:31,0
DA:32,0
DA:33,0
DA:35,0
DA:40,0
DA:48,0
DA:49,0
DA:52,0
DA:53,0
DA:54,0
DA:55,0
DA:56,0
DA:57,0
DA:58,0
DA:60,0
DA:61,0
DA:62,0
DA:63,0
DA:64,0
DA:70,0
DA:72,0
DA:74,0
DA:78,0
DA:79,0
DA:82,0
DA:83,0
DA:84,0
DA:91,0
DA:92,0
DA:99,0
DA:107,0
DA:108,0
DA:109,0
DA:110,0
DA:112,0
DA:123,0
DA:126,0
DA:127,0
DA:138,0
DA:142,0
DA:187,0
DA:198,0
DA:207,0
DA:214,0
DA:219,0
DA:221,0
DA:254,0
LF:48
LH:0
BRDA:61,0,0,0
BRDA:61,0,1,0
BRDA:83,1,0,0
BRDA:83,1,1,0
BRDA:91,2,0,0
BRDA:91,2,1,0
BRDA:114,3,0,0
BRDA:114,3,1,0
BRDA:160,4,0,0
BRDA:160,4,1,0
BRDA:234,5,0,0
BRDA:234,5,1,0
BRDA:243,6,0,0
BRDA:243,6,1,0
BRF:14
BRH:0
end_of_record
TN:
SF:app\(app)\sos.tsx
FN:29,(anonymous_0)
FN:37,SosScreen
FN:51,(anonymous_2)
FN:59,(anonymous_3)
FN:60,(anonymous_4)
FN:73,(anonymous_5)
FN:75,(anonymous_6)
FN:78,(anonymous_7)
FN:80,(anonymous_8)
FN:87,(anonymous_9)
FN:88,(anonymous_10)
FN:121,(anonymous_11)
FN:129,(anonymous_12)
FN:131,(anonymous_13)
FN:132,(anonymous_14)
FN:140,(anonymous_15)
FN:145,(anonymous_16)
FN:149,(anonymous_17)
FN:158,(anonymous_18)
FN:159,(anonymous_19)
FN:160,(anonymous_20)
FN:163,(anonymous_21)
FN:169,(anonymous_22)
FNF:23
FNH:0
FNDA:0,(anonymous_0)
FNDA:0,SosScreen
FNDA:0,(anonymous_2)
FNDA:0,(anonymous_3)
FNDA:0,(anonymous_4)
FNDA:0,(anonymous_5)
FNDA:0,(anonymous_6)
FNDA:0,(anonymous_7)
FNDA:0,(anonymous_8)
FNDA:0,(anonymous_9)
FNDA:0,(anonymous_10)
FNDA:0,(anonymous_11)
FNDA:0,(anonymous_12)
FNDA:0,(anonymous_13)
FNDA:0,(anonymous_14)
FNDA:0,(anonymous_15)
FNDA:0,(anonymous_16)
FNDA:0,(anonymous_17)
FNDA:0,(anonymous_18)
FNDA:0,(anonymous_19)
FNDA:0,(anonymous_20)
FNDA:0,(anonymous_21)
FNDA:0,(anonymous_22)
DA:23,0
DA:24,0
DA:25,0
DA:26,0
DA:28,0
DA:29,0
DA:38,0
DA:39,0
DA:40,0
DA:41,0
DA:42,0
DA:43,0
DA:44,0
DA:45,0
DA:46,0
DA:47,0
DA:48,0
DA:49,0
DA:51,0
DA:52,0
DA:53,0
DA:54,0
DA:55,0
DA:59,0
DA:60,0
DA:61,0
DA:62,0
DA:67,0
DA:69,0
DA:71,0
DA:73,0
DA:75,0
DA:78,0
DA:80,0
DA:81,0
DA:82,0
DA:83,0
DA:84,0
DA:87,0
DA:88,0
DA:91,0
DA:92,0
DA:93,0
DA:94,0
DA:95,0
DA:97,0
DA:98,0
DA:99,0
DA:100,0
DA:104,0
DA:121,0
DA:122,0
DA:123,0
DA:124,0
DA:125,0
DA:126,0
DA:129,0
DA:130,0
DA:131,0
DA:132,0
DA:133,0
DA:134,0
DA:135,0
DA:137,0
DA:140,0
DA:141,0
DA:145,0
DA:146,0
DA:149,0
DA:150,0
DA:151,0
DA:152,0
DA:153,0
DA:156,0
DA:158,0
DA:159,0
DA:161,0
DA:164,0
DA:165,0
DA:169,0
DA:171,0
DA:181,0
DA:187,0
DA:192,0
DA:242,0
LF:85
LH:0
BRDA:52,0,0,0
BRDA:52,0,1,0
BRDA:53,1,0,0
BRDA:53,1,1,0
BRDA:61,2,0,0
BRDA:61,2,1,0
BRDA:78,3,0,0
BRDA:78,3,1,0
BRDA:81,4,0,0
BRDA:81,4,1,0
BRDA:82,5,0,0
BRDA:82,5,1,0
BRDA:98,6,0,0
BRDA:98,6,1,0
BRDA:99,7,0,0
BRDA:99,7,1,0
BRDA:99,7,2,0
BRDA:101,8,0,0
BRDA:101,8,1,0
BRDA:101,9,0,0
BRDA:101,9,1,0
BRDA:102,10,0,0
BRDA:102,10,1,0
BRDA:102,11,0,0
BRDA:102,11,1,0
BRDA:122,12,0,0
BRDA:122,12,1,0
BRDA:123,13,0,0
BRDA:123,13,1,0
BRDA:123,14,0,0
BRDA:123,14,1,0
BRDA:125,15,0,0
BRDA:125,15,1,0
BRDA:130,16,0,0
BRDA:130,16,1,0
BRDA:133,17,0,0
BRDA:133,17,1,0
BRDA:141,18,0,0
BRDA:141,18,1,0
BRDA:146,19,0,0
BRDA:146,19,1,0
BRDA:146,20,0,0
BRDA:146,20,1,0
BRDA:151,21,0,0
BRDA:151,21,1,0
BRDA:161,22,0,0
BRDA:161,22,1,0
BRDA:164,23,0,0
BRDA:164,23,1,0
BRDA:209,24,0,0
BRDA:209,24,1,0
BRDA:216,25,0,0
BRDA:216,25,1,0
BRF:53
BRH:0
end_of_record
TN:
SF:app\(app)\(tabs)\_layout.tsx
FN:22,RootLayout
FN:36,(anonymous_1)
FN:38,(anonymous_2)
FN:39,(anonymous_3)
FN:43,(anonymous_4)
FN:45,(anonymous_5)
FN:50,(anonymous_6)
FN:53,(anonymous_7)
FN:57,(anonymous_8)
FN:78,(anonymous_9)
FN:115,(anonymous_10)
FN:129,(anonymous_11)
FN:142,(anonymous_12)
FN:155,(anonymous_13)
FN:168,(anonymous_14)
FN:183,(anonymous_15)
FN:197,(anonymous_16)
FN:211,(anonymous_17)
FN:225,(anonymous_18)
FN:243,(anonymous_19)
FNF:20
FNH:0
FNDA:0,RootLayout
FNDA:0,(anonymous_1)
FNDA:0,(anonymous_2)
FNDA:0,(anonymous_3)
FNDA:0,(anonymous_4)
FNDA:0,(anonymous_5)
FNDA:0,(anonymous_6)
FNDA:0,(anonymous_7)
FNDA:0,(anonymous_8)
FNDA:0,(anonymous_9)
FNDA:0,(anonymous_10)
FNDA:0,(anonymous_11)
FNDA:0,(anonymous_12)
FNDA:0,(anonymous_13)
FNDA:0,(anonymous_14)
FNDA:0,(anonymous_15)
FNDA:0,(anonymous_16)
FNDA:0,(anonymous_17)
FNDA:0,(anonymous_18)
FNDA:0,(anonymous_19)
DA:19,0
DA:20,0
DA:23,0
DA:24,0
DA:25,0
DA:26,0
DA:27,0
DA:28,0
DA:29,0
DA:30,0
DA:32,0
DA:33,0
DA:34,0
DA:36,0
DA:37,0
DA:38,0
DA:41,0
DA:43,0
DA:45,0
DA:48,0
DA:50,0
DA:51,0
DA:52,0
DA:53,0
DA:54,0
DA:57,0
DA:58,0
DA:61,0
DA:62,0
DA:63,0
DA:64,0
DA:67,0
DA:68,0
DA:71,0
DA:73,0
DA:78,0
DA:116,0
DA:130,0
DA:143,0
DA:156,0
DA:169,0
DA:184,0
DA:198,0
DA:212,0
DA:226,0
DA:244,0
LF:46
LH:0
BRDA:38,0,0,0
BRDA:38,0,1,0
BRDA:38,1,0,0
BRDA:38,1,1,0
BRDA:51,2,0,0
BRDA:51,2,1,0
BRDA:62,3,0,0
BRDA:62,3,1,0
BRDA:71,4,0,0
BRDA:71,4,1,0
BRDA:71,5,0,0
BRDA:71,5,1,0
BRDA:71,5,2,0
BRDA:117,6,0,0
BRDA:117,6,1,0
BRDA:128,7,0,0
BRDA:128,7,1,0
BRDA:131,8,0,0
BRDA:131,8,1,0
BRDA:144,9,0,0
BRDA:144,9,1,0
BRDA:157,10,0,0
BRDA:157,10,1,0
BRDA:170,11,0,0
BRDA:170,11,1,0
BRDA:182,12,0,0
BRDA:182,12,1,0
BRDA:185,13,0,0
BRDA:185,13,1,0
BRDA:196,14,0,0
BRDA:196,14,1,0
BRDA:199,15,0,0
BRDA:199,15,1,0
BRDA:210,16,0,0
BRDA:210,16,1,0
BRDA:213,17,0,0
BRDA:213,17,1,0
BRDA:224,18,0,0
BRDA:224,18,1,0
BRDA:228,19,0,0
BRDA:228,19,1,0
BRDA:242,20,0,0
BRDA:242,20,1,0
BRDA:245,21,0,0
BRDA:245,21,1,0
BRF:45
BRH:0
end_of_record
TN:
SF:app\(app)\(tabs)\dashboard.tsx
FN:23,StatGrid
FN:32,(anonymous_1)
FN:47,VerticalBarChart
FN:54,(anonymous_3)
FN:64,(anonymous_4)
FN:67,(anonymous_5)
FN:95,SeverityBreakdown
FN:97,(anonymous_7)
FN:100,(anonymous_8)
FN:123,(anonymous_9)
FN:152,RecentActivityItem
FN:208,buildRecentActivity
FN:221,(anonymous_12)
FN:237,DashboardScreen
FN:244,(anonymous_14)
FN:245,(anonymous_15)
FN:275,(anonymous_16)
FN:281,(anonymous_17)
FN:282,(anonymous_18)
FN:315,(anonymous_19)
FN:319,(anonymous_20)
FNF:21
FNH:0
FNDA:0,StatGrid
FNDA:0,(anonymous_1)
FNDA:0,VerticalBarChart
FNDA:0,(anonymous_3)
FNDA:0,(anonymous_4)
FNDA:0,(anonymous_5)
FNDA:0,SeverityBreakdown
FNDA:0,(anonymous_7)
FNDA:0,(anonymous_8)
FNDA:0,(anonymous_9)
FNDA:0,RecentActivityItem
FNDA:0,buildRecentActivity
FNDA:0,(anonymous_12)
FNDA:0,DashboardScreen
FNDA:0,(anonymous_14)
FNDA:0,(anonymous_15)
FNDA:0,(anonymous_16)
FNDA:0,(anonymous_17)
FNDA:0,(anonymous_18)
FNDA:0,(anonymous_19)
FNDA:0,(anonymous_20)
DA:24,0
DA:30,0
DA:33,0
DA:54,0
DA:55,0
DA:57,0
DA:65,0
DA:66,0
DA:67,0
DA:68,0
DA:96,0
DA:97,0
DA:98,0
DA:100,0
DA:101,0
DA:103,0
DA:105,0
DA:111,0
DA:124,0
DA:125,0
DA:154,0
DA:161,0
DA:168,0
DA:174,0
DA:212,0
DA:218,0
DA:219,0
DA:221,0
DA:238,0
DA:239,0
DA:240,0
DA:241,0
DA:242,0
DA:244,0
DA:245,0
DA:246,0
DA:247,0
DA:248,0
DA:249,0
DA:251,0
DA:253,0
DA:258,0
DA:259,0
DA:268,0
DA:269,0
DA:276,0
DA:277,0
DA:278,0
DA:281,0
DA:282,0
DA:292,0
DA:294,0
DA:315,0
DA:320,0
DA:331,0
LF:55
LH:0
BRDA:36,0,0,0
BRDA:36,0,1,0
BRDA:77,1,0,0
BRDA:77,1,1,0
BRDA:96,2,0,0
BRDA:96,2,1,0
BRDA:97,3,0,0
BRDA:97,3,1,0
BRDA:100,4,0,0
BRDA:100,4,1,0
BRDA:154,5,0,0
BRDA:154,5,1,0
BRDA:156,6,0,0
BRDA:156,6,1,0
BRDA:161,7,0,0
BRDA:161,7,1,0
BRDA:163,8,0,0
BRDA:163,8,1,0
BRDA:168,9,0,0
BRDA:168,9,1,0
BRDA:170,10,0,0
BRDA:170,10,1,0
BRDA:225,11,0,0
BRDA:225,11,1,0
BRDA:227,12,0,0
BRDA:227,12,1,0
BRDA:258,13,0,0
BRDA:258,13,1,0
BRDA:268,14,0,0
BRDA:268,14,1,0
BRDA:268,15,0,0
BRDA:268,15,1,0
BRDA:272,16,0,0
BRDA:272,16,1,0
BRDA:305,17,0,0
BRDA:305,17,1,0
BRDA:311,18,0,0
BRDA:311,18,1,0
BRF:38
BRH:0
end_of_record
TN:
SF:app\(app)\(tabs)\family-chat.tsx
FN:58,formatClock
FN:63,formatDayLabel
FN:73,AvatarCircle
FN:109,AvatarStack
FN:114,(anonymous_4)
FN:144,ChatBubble
FN:192,EmptyCircleState
FN:213,FamilyChatScreen
FN:236,(anonymous_8)
FN:239,(anonymous_9)
FN:242,(anonymous_10)
FN:244,(anonymous_11)
FN:249,(anonymous_12)
FN:249,(anonymous_13)
FN:254,(anonymous_14)
FN:270,(anonymous_15)
FN:275,(anonymous_16)
FN:282,(anonymous_17)
FN:288,(anonymous_18)
FN:292,(anonymous_19)
FN:298,(anonymous_20)
FN:302,(anonymous_21)
FN:307,(anonymous_22)
FN:311,(anonymous_23)
FN:317,(anonymous_24)
FN:321,(anonymous_25)
FN:328,(anonymous_26)
FN:330,(anonymous_27)
FN:338,(anonymous_28)
FN:345,(anonymous_29)
FN:348,(anonymous_30)
FN:349,(anonymous_31)
FN:350,(anonymous_32)
FN:363,(anonymous_33)
FN:367,(anonymous_34)
FN:369,(anonymous_35)
FN:374,(anonymous_36)
FN:382,(anonymous_37)
FN:383,(anonymous_38)
FN:404,(anonymous_39)
FN:417,(anonymous_40)
FN:422,(anonymous_41)
FN:429,(anonymous_42)
FN:431,(anonymous_43)
FN:452,(anonymous_44)
FN:518,(anonymous_45)
FN:521,(anonymous_46)
FN:533,(anonymous_47)
FNF:48
FNH:0
FNDA:0,formatClock
FNDA:0,formatDayLabel
FNDA:0,AvatarCircle
FNDA:0,AvatarStack
FNDA:0,(anonymous_4)
FNDA:0,ChatBubble
FNDA:0,EmptyCircleState
FNDA:0,FamilyChatScreen
FNDA:0,(anonymous_8)
FNDA:0,(anonymous_9)
FNDA:0,(anonymous_10)
FNDA:0,(anonymous_11)
FNDA:0,(anonymous_12)
FNDA:0,(anonymous_13)
FNDA:0,(anonymous_14)
FNDA:0,(anonymous_15)
FNDA:0,(anonymous_16)
FNDA:0,(anonymous_17)
FNDA:0,(anonymous_18)
FNDA:0,(anonymous_19)
FNDA:0,(anonymous_20)
FNDA:0,(anonymous_21)
FNDA:0,(anonymous_22)
FNDA:0,(anonymous_23)
FNDA:0,(anonymous_24)
FNDA:0,(anonymous_25)
FNDA:0,(anonymous_26)
FNDA:0,(anonymous_27)
FNDA:0,(anonymous_28)
FNDA:0,(anonymous_29)
FNDA:0,(anonymous_30)
FNDA:0,(anonymous_31)
FNDA:0,(anonymous_32)
FNDA:0,(anonymous_33)
FNDA:0,(anonymous_34)
FNDA:0,(anonymous_35)
FNDA:0,(anonymous_36)
FNDA:0,(anonymous_37)
FNDA:0,(anonymous_38)
FNDA:0,(anonymous_39)
FNDA:0,(anonymous_40)
FNDA:0,(anonymous_41)
FNDA:0,(anonymous_42)
FNDA:0,(anonymous_43)
FNDA:0,(anonymous_44)
FNDA:0,(anonymous_45)
FNDA:0,(anonymous_46)
FNDA:0,(anonymous_47)
DA:56,0
DA:59,0
DA:60,0
DA:64,0
DA:65,0
DA:66,0
DA:67,0
DA:68,0
DA:82,0
DA:83,0
DA:93,0
DA:94,0
DA:110,0
DA:111,0
DA:112,0
DA:115,0
DA:155,0
DA:156,0
DA:165,0
DA:199,0
DA:214,0
DA:215,0
DA:216,0
DA:217,0
DA:224,0
DA:225,0
DA:226,0
DA:227,0
DA:228,0
DA:229,0
DA:230,0
DA:231,0
DA:232,0
DA:233,0
DA:236,0
DA:237,0
DA:239,0
DA:242,0
DA:243,0
DA:244,0
DA:245,0
DA:248,0
DA:249,0
DA:254,0
DA:255,0
DA:256,0
DA:257,0
DA:258,0
DA:261,0
DA:262,0
DA:263,0
DA:265,0
DA:266,0
DA:269,0
DA:271,0
DA:272,0
DA:273,0
DA:274,0
DA:275,0
DA:278,0
DA:282,0
DA:284,0
DA:289,0
DA:291,0
DA:292,0
DA:298,0
DA:299,0
DA:300,0
DA:303,0
DA:304,0
DA:305,0
DA:308,0
DA:311,0
DA:312,0
DA:317,0
DA:318,0
DA:319,0
DA:320,0
DA:321,0
DA:327,0
DA:329,0
DA:330,0
DA:331,0
DA:338,0
DA:339,0
DA:345,0
DA:346,0
DA:349,0
DA:350,0
DA:351,0
DA:363,0
DA:367,0
DA:368,0
DA:369,0
DA:370,0
DA:374,0
DA:375,0
DA:376,0
DA:377,0
DA:378,0
DA:379,0
DA:381,0
DA:382,0
DA:383,0
DA:384,0
DA:395,0
DA:397,0
DA:399,0
DA:403,0
DA:405,0
DA:417,0
DA:418,0
DA:421,0
DA:423,0
DA:424,0
DA:429,0
DA:430,0
DA:431,0
DA:432,0
DA:438,0
DA:439,0
DA:448,0
DA:449,0
DA:452,0
DA:459,0
DA:518,0
DA:522,0
DA:534,0
DA:535,0
DA:537,0
DA:538,0
DA:604,0
LF:132
LH:0
BRDA:68,0,0,0
BRDA:68,0,1,0
BRDA:76,1,0,0
BRDA:82,2,0,0
BRDA:82,2,1,0
BRDA:93,3,0,0
BRDA:93,3,1,0
BRDA:119,4,0,0
BRDA:119,4,1,0
BRDA:129,5,0,0
BRDA:129,5,1,0
BRDA:155,6,0,0
BRDA:155,6,1,0
BRDA:168,7,0,0
BRDA:168,7,1,0
BRDA:170,8,0,0
BRDA:170,8,1,0
BRDA:178,9,0,0
BRDA:178,9,1,0
BRDA:180,10,0,0
BRDA:180,10,1,0
BRDA:255,11,0,0
BRDA:255,11,1,0
BRDA:271,12,0,0
BRDA:271,12,1,0
BRDA:271,13,0,0
BRDA:271,13,1,0
BRDA:274,14,0,0
BRDA:274,14,1,0
BRDA:275,15,0,0
BRDA:275,15,1,0
BRDA:289,16,0,0
BRDA:289,16,1,0
BRDA:303,17,0,0
BRDA:303,17,1,0
BRDA:305,18,0,0
BRDA:305,18,1,0
BRDA:308,19,0,0
BRDA:308,19,1,0
BRDA:318,20,0,0
BRDA:318,20,1,0
BRDA:318,21,0,0
BRDA:318,21,1,0
BRDA:340,22,0,0
BRDA:340,22,1,0
BRDA:350,23,0,0
BRDA:350,23,1,0
BRDA:368,24,0,0
BRDA:368,24,1,0
BRDA:376,25,0,0
BRDA:376,25,1,0
BRDA:376,26,0,0
BRDA:376,26,1,0
BRDA:376,26,2,0
BRDA:381,27,0,0
BRDA:381,27,1,0
BRDA:383,28,0,0
BRDA:383,28,1,0
BRDA:390,29,0,0
BRDA:390,29,1,0
BRDA:438,30,0,0
BRDA:438,30,1,0
BRDA:448,31,0,0
BRDA:448,31,1,0
BRDA:483,32,0,0
BRDA:483,32,1,0
BRDA:488,33,0,0
BRDA:488,33,1,0
BRDA:489,34,0,0
BRDA:489,34,1,0
BRDA:493,35,0,0
BRDA:493,35,1,0
BRDA:498,36,0,0
BRDA:498,36,1,0
BRDA:499,37,0,0
BRDA:499,37,1,0
BRDA:501,38,0,0
BRDA:501,38,1,0
BRDA:501,39,0,0
BRDA:501,39,1,0
BRDA:505,40,0,0
BRDA:505,40,1,0
BRDA:505,41,0,0
BRDA:505,41,1,0
BRDA:509,42,0,0
BRDA:509,42,1,0
BRDA:512,43,0,0
BRDA:512,43,1,0
BRDA:525,44,0,0
BRDA:525,44,1,0
BRDA:535,45,0,0
BRDA:535,45,1,0
BRDA:537,46,0,0
BRDA:537,46,1,0
BRDA:537,46,2,0
BRDA:576,47,0,0
BRDA:576,47,1,0
BRDA:576,47,2,0
BRDA:579,48,0,0
BRDA:579,48,1,0
BRDA:581,49,0,0
BRDA:581,49,1,0
BRF:102
BRH:0
end_of_record
TN:
SF:app\(app)\(tabs)\map.tsx
FN:66,formatDuration
FN:77,isLongitudeVisible
FN:86,isCoordinateVisibleInRegion
FN:105,MapScreen
FN:124,MapScreenContent
FN:138,(anonymous_5)
FN:177,(anonymous_6)
FN:182,(anonymous_7)
FN:183,(anonymous_8)
FN:193,(anonymous_9)
FN:196,(anonymous_10)
FN:201,(anonymous_11)
FN:206,(anonymous_12)
FN:207,(anonymous_13)
FN:212,(anonymous_14)
FN:217,(anonymous_15)
FN:226,(anonymous_16)
FN:229,(anonymous_17)
FN:232,(anonymous_18)
FN:237,(anonymous_19)
FN:249,(anonymous_20)
FN:257,(anonymous_21)
FN:265,(anonymous_22)
FN:281,(anonymous_23)
FN:285,(anonymous_24)
FN:288,(anonymous_25)
FN:297,(anonymous_26)
FN:316,(anonymous_27)
FN:317,(anonymous_28)
FN:320,(anonymous_29)
FN:337,(anonymous_30)
FN:344,(anonymous_31)
FN:357,(anonymous_32)
FN:364,(anonymous_33)
FN:373,(anonymous_34)
FN:379,(anonymous_35)
FN:391,(anonymous_36)
FN:398,(anonymous_37)
FN:402,(anonymous_38)
FN:406,(anonymous_39)
FN:409,(anonymous_40)
FN:414,(anonymous_41)
FN:419,(anonymous_42)
FN:423,(anonymous_43)
FN:427,(anonymous_44)
FN:431,(anonymous_45)
FN:434,(anonymous_46)
FN:440,(anonymous_47)
FN:448,(anonymous_48)
FN:455,(anonymous_49)
FN:457,(anonymous_50)
FN:462,(anonymous_51)
FN:469,(anonymous_52)
FN:476,(anonymous_53)
FN:486,(anonymous_54)
FN:490,(anonymous_55)
FN:497,(anonymous_56)
FN:499,(anonymous_57)
FN:540,(anonymous_58)
FN:629,(anonymous_59)
FN:634,(anonymous_60)
FN:648,(anonymous_61)
FN:666,(anonymous_62)
FN:681,(anonymous_63)
FN:708,(anonymous_64)
FN:741,(anonymous_65)
FN:742,(anonymous_66)
FN:743,(anonymous_67)
FN:757,(anonymous_68)
FN:758,(anonymous_69)
FN:759,(anonymous_70)
FNF:71
FNH:0
FNDA:0,formatDuration
FNDA:0,isLongitudeVisible
FNDA:0,isCoordinateVisibleInRegion
FNDA:0,MapScreen
FNDA:0,MapScreenContent
FNDA:0,(anonymous_5)
FNDA:0,(anonymous_6)
FNDA:0,(anonymous_7)
FNDA:0,(anonymous_8)
FNDA:0,(anonymous_9)
FNDA:0,(anonymous_10)
FNDA:0,(anonymous_11)
FNDA:0,(anonymous_12)
FNDA:0,(anonymous_13)
FNDA:0,(anonymous_14)
FNDA:0,(anonymous_15)
FNDA:0,(anonymous_16)
FNDA:0,(anonymous_17)
FNDA:0,(anonymous_18)
FNDA:0,(anonymous_19)
FNDA:0,(anonymous_20)
FNDA:0,(anonymous_21)
FNDA:0,(anonymous_22)
FNDA:0,(anonymous_23)
FNDA:0,(anonymous_24)
FNDA:0,(anonymous_25)
FNDA:0,(anonymous_26)
FNDA:0,(anonymous_27)
FNDA:0,(anonymous_28)
FNDA:0,(anonymous_29)
FNDA:0,(anonymous_30)
FNDA:0,(anonymous_31)
FNDA:0,(anonymous_32)
FNDA:0,(anonymous_33)
FNDA:0,(anonymous_34)
FNDA:0,(anonymous_35)
FNDA:0,(anonymous_36)
FNDA:0,(anonymous_37)
FNDA:0,(anonymous_38)
FNDA:0,(anonymous_39)
FNDA:0,(anonymous_40)
FNDA:0,(anonymous_41)
FNDA:0,(anonymous_42)
FNDA:0,(anonymous_43)
FNDA:0,(anonymous_44)
FNDA:0,(anonymous_45)
FNDA:0,(anonymous_46)
FNDA:0,(anonymous_47)
FNDA:0,(anonymous_48)
FNDA:0,(anonymous_49)
FNDA:0,(anonymous_50)
FNDA:0,(anonymous_51)
FNDA:0,(anonymous_52)
FNDA:0,(anonymous_53)
FNDA:0,(anonymous_54)
FNDA:0,(anonymous_55)
FNDA:0,(anonymous_56)
FNDA:0,(anonymous_57)
FNDA:0,(anonymous_58)
FNDA:0,(anonymous_59)
FNDA:0,(anonymous_60)
FNDA:0,(anonymous_61)
FNDA:0,(anonymous_62)
FNDA:0,(anonymous_63)
FNDA:0,(anonymous_64)
FNDA:0,(anonymous_65)
FNDA:0,(anonymous_66)
FNDA:0,(anonymous_67)
FNDA:0,(anonymous_68)
FNDA:0,(anonymous_69)
FNDA:0,(anonymous_70)
DA:67,0
DA:68,0
DA:69,0
DA:70,0
DA:71,0
DA:72,0
DA:74,0
DA:78,0
DA:79,0
DA:83,0
DA:91,0
DA:92,0
DA:94,0
DA:95,0
DA:96,0
DA:97,0
DA:99,0
DA:100,0
DA:102,0
DA:106,0
DA:108,0
DA:128,0
DA:129,0
DA:130,0
DA:131,0
DA:132,0
DA:133,0
DA:136,0
DA:137,0
DA:138,0
DA:145,0
DA:146,0
DA:147,0
DA:148,0
DA:149,0
DA:150,0
DA:151,0
DA:152,0
DA:153,0
DA:154,0
DA:159,0
DA:161,0
DA:162,0
DA:163,0
DA:164,0
DA:166,0
DA:168,0
DA:169,0
DA:170,0
DA:171,0
DA:172,0
DA:177,0
DA:178,0
DA:181,0
DA:183,0
DA:184,0
DA:185,0
DA:186,0
DA:187,0
DA:188,0
DA:193,0
DA:194,0
DA:196,0
DA:197,0
DA:198,0
DA:201,0
DA:202,0
DA:206,0
DA:207,0
DA:208,0
DA:211,0
DA:212,0
DA:213,0
DA:217,0
DA:218,0
DA:219,0
DA:222,0
DA:223,0
DA:226,0
DA:227,0
DA:228,0
DA:233,0
DA:237,0
DA:238,0
DA:243,0
DA:249,0
DA:250,0
DA:251,0
DA:257,0
DA:260,0
DA:265,0
DA:267,0
DA:268,0
DA:271,0
DA:272,0
DA:273,0
DA:278,0
DA:279,0
DA:280,0
DA:281,0
DA:282,0
DA:285,0
DA:286,0
DA:288,0
DA:289,0
DA:290,0
DA:297,0
DA:301,0
DA:302,0
DA:308,0
DA:312,0
DA:316,0
DA:317,0
DA:320,0
DA:321,0
DA:322,0
DA:323,0
DA:328,0
DA:331,0
DA:337,0
DA:338,0
DA:339,0
DA:340,0
DA:341,0
DA:344,0
DA:345,0
DA:346,0
DA:357,0
DA:358,0
DA:359,0
DA:360,0
DA:361,0
DA:363,0
DA:364,0
DA:373,0
DA:374,0
DA:375,0
DA:379,0
DA:380,0
DA:381,0
DA:383,0
DA:390,0
DA:392,0
DA:393,0
DA:398,0
DA:399,0
DA:402,0
DA:403,0
DA:406,0
DA:407,0
DA:410,0
DA:414,0
DA:415,0
DA:419,0
DA:420,0
DA:423,0
DA:424,0
DA:427,0
DA:428,0
DA:431,0
DA:432,0
DA:434,0
DA:435,0
DA:439,0
DA:441,0
DA:442,0
DA:447,0
DA:449,0
DA:450,0
DA:455,0
DA:457,0
DA:458,0
DA:463,0
DA:469,0
DA:470,0
DA:471,0
DA:472,0
DA:476,0
DA:477,0
DA:478,0
DA:486,0
DA:490,0
DA:491,0
DA:492,0
DA:496,0
DA:498,0
DA:500,0
DA:502,0
DA:504,0
DA:505,0
DA:507,0
DA:527,0
DA:531,0
DA:535,0
DA:539,0
DA:541,0
DA:554,0
DA:555,0
DA:558,0
DA:630,0
DA:631,0
DA:635,0
DA:649,0
DA:667,0
DA:682,0
DA:709,0
DA:741,0
DA:742,0
DA:743,0
DA:757,0
DA:759,0
DA:816,0
LF:212
LH:0
BRDA:67,0,0,0
BRDA:67,0,1,0
BRDA:71,1,0,0
BRDA:71,1,1,0
BRDA:72,2,0,0
BRDA:72,2,1,0
BRDA:74,3,0,0
BRDA:74,3,1,0
BRDA:78,4,0,0
BRDA:78,4,1,0
BRDA:79,5,0,0
BRDA:79,5,1,0
BRDA:83,6,0,0
BRDA:83,6,1,0
BRDA:99,7,0,0
BRDA:99,7,1,0
BRDA:102,8,0,0
BRDA:102,8,1,0
BRDA:197,9,0,0
BRDA:197,9,1,0
BRDA:218,10,0,0
BRDA:218,10,1,0
BRDA:218,11,0,0
BRDA:218,11,1,0
BRDA:218,11,2,0
BRDA:218,11,3,0
BRDA:222,12,0,0
BRDA:222,12,1,0
BRDA:250,13,0,0
BRDA:250,13,1,0
BRDA:250,14,0,0
BRDA:250,14,1,0
BRDA:260,15,0,0
BRDA:260,15,1,0
BRDA:262,16,0,0
BRDA:262,16,1,0
BRDA:267,17,0,0
BRDA:267,17,1,0
BRDA:268,18,0,0
BRDA:268,18,1,0
BRDA:271,19,0,0
BRDA:271,19,1,0
BRDA:272,20,0,0
BRDA:272,20,1,0
BRDA:286,21,0,0
BRDA:286,21,1,0
BRDA:286,22,0,0
BRDA:286,22,1,0
BRDA:289,23,0,0
BRDA:289,23,1,0
BRDA:294,24,0,0
BRDA:294,24,1,0
BRDA:295,25,0,0
BRDA:295,25,1,0
BRDA:302,26,0,0
BRDA:302,26,1,0
BRDA:303,27,0,0
BRDA:303,27,1,0
BRDA:303,27,2,0
BRDA:303,27,3,0
BRDA:322,28,0,0
BRDA:322,28,1,0
BRDA:338,29,0,0
BRDA:338,29,1,0
BRDA:340,30,0,0
BRDA:340,30,1,0
BRDA:340,31,0,0
BRDA:340,31,1,0
BRDA:345,32,0,0
BRDA:345,32,1,0
BRDA:359,33,0,0
BRDA:359,33,1,0
BRDA:365,34,0,0
BRDA:365,34,1,0
BRDA:366,35,0,0
BRDA:366,35,1,0
BRDA:374,36,0,0
BRDA:374,36,1,0
BRDA:380,37,0,0
BRDA:380,37,1,0
BRDA:381,38,0,0
BRDA:381,38,1,0
BRDA:470,39,0,0
BRDA:470,39,1,0
BRDA:470,40,0,0
BRDA:470,40,1,0
BRDA:470,40,2,0
BRDA:477,41,0,0
BRDA:477,41,1,0
BRDA:491,42,0,0
BRDA:491,42,1,0
BRDA:491,43,0,0
BRDA:491,43,1,0
BRDA:500,44,0,0
BRDA:500,44,1,0
BRDA:527,45,0,0
BRDA:527,45,1,0
BRDA:527,46,0,0
BRDA:527,46,1,0
BRDA:531,47,0,0
BRDA:531,47,1,0
BRDA:531,48,0,0
BRDA:531,48,1,0
BRDA:535,49,0,0
BRDA:535,49,1,0
BRDA:554,50,0,0
BRDA:554,50,1,0
BRDA:562,51,0,0
BRDA:562,51,1,0
BRDA:622,52,0,0
BRDA:622,52,1,0
BRDA:634,53,0,0
BRDA:634,53,1,0
BRDA:648,54,0,0
BRDA:648,54,1,0
BRDA:665,55,0,0
BRDA:665,55,1,0
BRDA:674,56,0,0
BRDA:674,56,1,0
BRDA:680,57,0,0
BRDA:680,57,1,0
BRDA:690,58,0,0
BRDA:690,58,1,0
BRDA:692,59,0,0
BRDA:692,59,1,0
BRDA:697,60,0,0
BRDA:697,60,1,0
BRDA:699,61,0,0
BRDA:699,61,1,0
BRDA:707,62,0,0
BRDA:707,62,1,0
BRDA:707,63,0,0
BRDA:707,63,1,0
BRDA:710,64,0,0
BRDA:710,64,1,0
BRDA:716,65,0,0
BRDA:716,65,1,0
BRDA:724,66,0,0
BRDA:724,66,1,0
BRDA:762,67,0,0
BRDA:762,67,1,0
BRF:141
BRH:0
end_of_record
TN:
SF:app\(app)\(tabs)\notification-test.tsx
FN:27,NotificationTestScreen
FN:56,(anonymous_1)
FN:58,(anonymous_2)
FN:61,(anonymous_3)
FN:66,(anonymous_4)
FN:69,(anonymous_5)
FN:73,(anonymous_6)
FN:81,(anonymous_7)
FN:97,(anonymous_8)
FN:104,(anonymous_9)
FN:116,(anonymous_10)
FN:129,(anonymous_11)
FN:147,(anonymous_12)
FN:189,(anonymous_13)
FN:195,(anonymous_14)
FN:200,(anonymous_15)
FN:205,(anonymous_16)
FN:211,(anonymous_17)
FN:219,(anonymous_18)
FN:399,(anonymous_19)
FNF:20
FNH:0
FNDA:0,NotificationTestScreen
FNDA:0,(anonymous_1)
FNDA:0,(anonymous_2)
FNDA:0,(anonymous_3)
FNDA:0,(anonymous_4)
FNDA:0,(anonymous_5)
FNDA:0,(anonymous_6)
FNDA:0,(anonymous_7)
FNDA:0,(anonymous_8)
FNDA:0,(anonymous_9)
FNDA:0,(anonymous_10)
FNDA:0,(anonymous_11)
FNDA:0,(anonymous_12)
FNDA:0,(anonymous_13)
FNDA:0,(anonymous_14)
FNDA:0,(anonymous_15)
FNDA:0,(anonymous_16)
FNDA:0,(anonymous_17)
FNDA:0,(anonymous_18)
FNDA:0,(anonymous_19)
DA:28,0
DA:30,0
DA:31,0
DA:34,0
DA:35,0
DA:36,0
DA:39,0
DA:40,0
DA:43,0
DA:44,0
DA:47,0
DA:48,0
DA:49,0
DA:50,0
DA:53,0
DA:56,0
DA:57,0
DA:59,0
DA:60,0
DA:61,0
DA:65,0
DA:67,0
DA:68,0
DA:69,0
DA:73,0
DA:74,0
DA:75,0
DA:81,0
DA:82,0
DA:83,0
DA:84,0
DA:85,0
DA:86,0
DA:88,0
DA:91,0
DA:93,0
DA:97,0
DA:98,0
DA:99,0
DA:100,0
DA:104,0
DA:105,0
DA:106,0
DA:107,0
DA:108,0
DA:110,0
DA:112,0
DA:116,0
DA:117,0
DA:118,0
DA:119,0
DA:120,0
DA:121,0
DA:123,0
DA:125,0
DA:129,0
DA:130,0
DA:131,0
DA:132,0
DA:134,0
DA:135,0
DA:136,0
DA:137,0
DA:138,0
DA:139,0
DA:141,0
DA:143,0
DA:147,0
DA:148,0
DA:149,0
DA:150,0
DA:151,0
DA:153,0
DA:154,0
DA:155,0
DA:157,0
DA:158,0
DA:159,0
DA:162,0
DA:173,0
DA:175,0
DA:177,0
DA:189,0
DA:190,0
DA:191,0
DA:192,0
DA:195,0
DA:196,0
DA:197,0
DA:200,0
DA:201,0
DA:202,0
DA:205,0
DA:206,0
DA:211,0
DA:212,0
DA:219,0
DA:230,0
DA:249,0
DA:400,0
DA:411,0
LF:101
LH:0
BRDA:85,0,0,0
BRDA:85,0,1,0
BRDA:98,1,0,0
BRDA:98,1,1,0
BRDA:130,2,0,0
BRDA:130,2,1,0
BRDA:149,3,0,0
BRDA:149,3,1,0
BRDA:149,4,0,0
BRDA:149,4,1,0
BRDA:158,5,0,0
BRDA:158,5,1,0
BRDA:164,6,0,0
BRDA:164,6,1,0
BRDA:165,7,0,0
BRDA:165,7,1,0
BRDA:212,8,0,0
BRDA:212,8,1,0
BRDA:223,9,0,0
BRDA:233,10,0,0
BRDA:233,10,1,0
BRDA:234,11,0,0
BRDA:234,11,1,0
BRDA:235,12,0,0
BRDA:235,12,1,0
BRDA:236,13,0,0
BRDA:236,13,1,0
BRDA:241,14,0,0
BRDA:241,14,1,0
BRDA:257,15,0,0
BRDA:257,15,1,0
BRDA:261,16,0,0
BRDA:261,16,1,0
BRDA:295,17,0,0
BRDA:295,17,1,0
BRDA:318,18,0,0
BRDA:318,18,1,0
BRDA:396,19,0,0
BRDA:396,19,1,0
BRF:39
BRH:0
end_of_record
TN:
SF:app\(app)\(tabs)\notifier-test.tsx
FN:34,NotifierTestScreen
FN:108,(anonymous_1)
FN:129,(anonymous_2)
FN:158,(anonymous_3)
FN:175,(anonymous_4)
FN:196,(anonymous_5)
FN:213,(anonymous_6)
FN:216,(anonymous_7)
FN:234,(anonymous_8)
FN:247,(anonymous_9)
FN:260,(anonymous_10)
FN:278,(anonymous_11)
FN:295,(anonymous_12)
FN:298,(anonymous_13)
FN:316,(anonymous_14)
FN:329,(anonymous_15)
FN:344,(anonymous_16)
FN:352,(anonymous_17)
FNF:18
FNH:0
FNDA:0,NotifierTestScreen
FNDA:0,(anonymous_1)
FNDA:0,(anonymous_2)
FNDA:0,(anonymous_3)
FNDA:0,(anonymous_4)
FNDA:0,(anonymous_5)
FNDA:0,(anonymous_6)
FNDA:0,(anonymous_7)
FNDA:0,(anonymous_8)
FNDA:0,(anonymous_9)
FNDA:0,(anonymous_10)
FNDA:0,(anonymous_11)
FNDA:0,(anonymous_12)
FNDA:0,(anonymous_13)
FNDA:0,(anonymous_14)
FNDA:0,(anonymous_15)
FNDA:0,(anonymous_16)
FNDA:0,(anonymous_17)
DA:35,0
DA:37,0
DA:38,0
DA:39,0
DA:40,0
DA:41,0
DA:44,0
DA:45,0
DA:46,0
DA:47,0
DA:48,0
DA:49,0
DA:54,0
DA:55,0
DA:56,0
DA:59,0
DA:60,0
DA:61,0
DA:62,0
DA:65,0
DA:66,0
DA:67,0
DA:70,0
DA:71,0
DA:72,0
DA:75,0
DA:76,0
DA:79,0
DA:80,0
DA:83,0
DA:84,0
DA:85,0
DA:86,0
DA:89,0
DA:90,0
DA:91,0
DA:94,0
DA:95,0
DA:96,0
DA:99,0
DA:100,0
DA:103,0
DA:104,0
DA:108,0
DA:109,0
DA:110,0
DA:111,0
DA:113,0
DA:114,0
DA:115,0
DA:116,0
DA:121,0
DA:123,0
DA:125,0
DA:129,0
DA:130,0
DA:131,0
DA:132,0
DA:134,0
DA:135,0
DA:136,0
DA:137,0
DA:143,0
DA:145,0
DA:147,0
DA:158,0
DA:159,0
DA:160,0
DA:161,0
DA:163,0
DA:164,0
DA:165,0
DA:166,0
DA:167,0
DA:169,0
DA:171,0
DA:175,0
DA:176,0
DA:177,0
DA:178,0
DA:179,0
DA:181,0
DA:182,0
DA:183,0
DA:184,0
DA:188,0
DA:190,0
DA:192,0
DA:196,0
DA:197,0
DA:198,0
DA:199,0
DA:201,0
DA:202,0
DA:203,0
DA:204,0
DA:205,0
DA:207,0
DA:209,0
DA:213,0
DA:214,0
DA:216,0
DA:218,0
DA:219,0
DA:220,0
DA:222,0
DA:223,0
DA:224,0
DA:225,0
DA:226,0
DA:228,0
DA:230,0
DA:234,0
DA:235,0
DA:236,0
DA:237,0
DA:238,0
DA:239,0
DA:241,0
DA:243,0
DA:247,0
DA:248,0
DA:249,0
DA:250,0
DA:251,0
DA:252,0
DA:254,0
DA:256,0
DA:260,0
DA:261,0
DA:262,0
DA:263,0
DA:264,0
DA:266,0
DA:267,0
DA:268,0
DA:269,0
DA:270,0
DA:272,0
DA:274,0
DA:278,0
DA:279,0
DA:280,0
DA:281,0
DA:283,0
DA:284,0
DA:285,0
DA:286,0
DA:287,0
DA:289,0
DA:291,0
DA:295,0
DA:296,0
DA:298,0
DA:300,0
DA:301,0
DA:302,0
DA:304,0
DA:305,0
DA:306,0
DA:307,0
DA:308,0
DA:310,0
DA:312,0
DA:316,0
DA:317,0
DA:318,0
DA:319,0
DA:320,0
DA:321,0
DA:323,0
DA:325,0
DA:329,0
DA:330,0
DA:331,0
DA:332,0
DA:333,0
DA:334,0
DA:336,0
DA:338,0
DA:344,0
DA:345,0
DA:352,0
DA:363,0
DA:382,0
DA:666,0
LF:186
LH:0
BRDA:109,0,0,0
BRDA:109,0,1,0
BRDA:130,1,0,0
BRDA:130,1,1,0
BRDA:130,2,0,0
BRDA:130,2,1,0
BRDA:159,3,0,0
BRDA:159,3,1,0
BRDA:177,4,0,0
BRDA:177,4,1,0
BRDA:177,5,0,0
BRDA:177,5,1,0
BRDA:186,6,0,0
BRDA:186,6,1,0
BRDA:197,7,0,0
BRDA:197,7,1,0
BRDA:218,8,0,0
BRDA:218,8,1,0
BRDA:262,9,0,0
BRDA:262,9,1,0
BRDA:262,10,0,0
BRDA:262,10,1,0
BRDA:269,11,0,0
BRDA:269,11,1,0
BRDA:279,12,0,0
BRDA:279,12,1,0
BRDA:300,13,0,0
BRDA:300,13,1,0
BRDA:345,14,0,0
BRDA:345,14,1,0
BRDA:356,15,0,0
BRDA:366,16,0,0
BRDA:366,16,1,0
BRDA:367,17,0,0
BRDA:367,17,1,0
BRDA:368,18,0,0
BRDA:368,18,1,0
BRDA:369,19,0,0
BRDA:369,19,1,0
BRDA:374,20,0,0
BRDA:374,20,1,0
BRF:41
BRH:0
end_of_record
TN:
SF:app\(app)\(tabs)\reports.tsx
FN:37,SeverityBadge
FN:54,ReportCard
FN:60,(anonymous_2)
FN:68,(anonymous_3)
FN:96,MissingPersonCard
FN:112,(anonymous_5)
FN:120,(anonymous_6)
FN:152,GuideCard
FN:163,(anonymous_8)
FN:187,TabPage
FN:220,(anonymous_10)
FN:247,ReportsScreen
FN:271,(anonymous_12)
FN:273,(anonymous_13)
FN:275,(anonymous_14)
FN:276,(anonymous_15)
FN:280,(anonymous_16)
FN:281,(anonymous_17)
FN:285,(anonymous_18)
FN:287,(anonymous_19)
FN:289,(anonymous_20)
FN:290,(anonymous_21)
FN:294,(anonymous_22)
FN:295,(anonymous_23)
FN:299,(anonymous_24)
FN:301,(anonymous_25)
FN:303,(anonymous_26)
FN:304,(anonymous_27)
FN:308,(anonymous_28)
FN:309,(anonymous_29)
FN:314,(anonymous_30)
FN:322,(anonymous_31)
FN:327,(anonymous_32)
FN:334,(anonymous_33)
FN:335,(anonymous_34)
FN:341,(anonymous_35)
FN:351,(anonymous_36)
FN:357,(anonymous_37)
FN:392,(anonymous_38)
FN:395,(anonymous_39)
FN:396,(anonymous_40)
FN:399,(anonymous_41)
FN:407,(anonymous_42)
FN:417,(anonymous_43)
FN:418,(anonymous_44)
FN:421,(anonymous_45)
FN:429,(anonymous_46)
FN:434,(anonymous_47)
FN:435,(anonymous_48)
FN:438,(anonymous_49)
FNF:50
FNH:0
FNDA:0,SeverityBadge
FNDA:0,ReportCard
FNDA:0,(anonymous_2)
FNDA:0,(anonymous_3)
FNDA:0,MissingPersonCard
FNDA:0,(anonymous_5)
FNDA:0,(anonymous_6)
FNDA:0,GuideCard
FNDA:0,(anonymous_8)
FNDA:0,TabPage
FNDA:0,(anonymous_10)
FNDA:0,ReportsScreen
FNDA:0,(anonymous_12)
FNDA:0,(anonymous_13)
FNDA:0,(anonymous_14)
FNDA:0,(anonymous_15)
FNDA:0,(anonymous_16)
FNDA:0,(anonymous_17)
FNDA:0,(anonymous_18)
FNDA:0,(anonymous_19)
FNDA:0,(anonymous_20)
FNDA:0,(anonymous_21)
FNDA:0,(anonymous_22)
FNDA:0,(anonymous_23)
FNDA:0,(anonymous_24)
FNDA:0,(anonymous_25)
FNDA:0,(anonymous_26)
FNDA:0,(anonymous_27)
FNDA:0,(anonymous_28)
FNDA:0,(anonymous_29)
FNDA:0,(anonymous_30)
FNDA:0,(anonymous_31)
FNDA:0,(anonymous_32)
FNDA:0,(anonymous_33)
FNDA:0,(anonymous_34)
FNDA:0,(anonymous_35)
FNDA:0,(anonymous_36)
FNDA:0,(anonymous_37)
FNDA:0,(anonymous_38)
FNDA:0,(anonymous_39)
FNDA:0,(anonymous_40)
FNDA:0,(anonymous_41)
FNDA:0,(anonymous_42)
FNDA:0,(anonymous_43)
FNDA:0,(anonymous_44)
FNDA:0,(anonymous_45)
FNDA:0,(anonymous_46)
FNDA:0,(anonymous_47)
FNDA:0,(anonymous_48)
FNDA:0,(anonymous_49)
DA:31,0
DA:32,0
DA:39,0
DA:44,0
DA:55,0
DA:56,0
DA:57,0
DA:60,0
DA:68,0
DA:107,0
DA:108,0
DA:109,0
DA:112,0
DA:120,0
DA:159,0
DA:160,0
DA:163,0
DA:206,0
DA:207,0
DA:214,0
DA:216,0
DA:220,0
DA:248,0
DA:249,0
DA:251,0
DA:257,0
DA:258,0
DA:259,0
DA:262,0
DA:263,0
DA:264,0
DA:265,0
DA:266,0
DA:267,0
DA:271,0
DA:272,0
DA:273,0
DA:274,0
DA:275,0
DA:276,0
DA:278,0
DA:280,0
DA:281,0
DA:285,0
DA:286,0
DA:287,0
DA:288,0
DA:289,0
DA:290,0
DA:292,0
DA:294,0
DA:295,0
DA:299,0
DA:300,0
DA:301,0
DA:302,0
DA:303,0
DA:304,0
DA:306,0
DA:308,0
DA:309,0
DA:314,0
DA:315,0
DA:316,0
DA:317,0
DA:322,0
DA:323,0
DA:324,0
DA:327,0
DA:328,0
DA:329,0
DA:333,0
DA:334,0
DA:335,0
DA:338,0
DA:339,0
DA:341,0
DA:342,0
DA:343,0
DA:346,0
DA:352,0
DA:353,0
DA:357,0
DA:392,0
DA:396,0
DA:397,0
DA:399,0
DA:408,0
DA:418,0
DA:419,0
DA:421,0
DA:430,0
DA:435,0
DA:436,0
DA:438,0
DA:457,0
LF:96
LH:0
BRDA:39,0,0,0
BRDA:39,0,1,0
BRDA:41,1,0,0
BRDA:41,1,1,0
BRDA:63,2,0,0
BRDA:63,2,1,0
BRDA:63,3,0,0
BRDA:63,3,1,0
BRDA:63,3,2,0
BRDA:115,4,0,0
BRDA:115,4,1,0
BRDA:115,5,0,0
BRDA:115,5,1,0
BRDA:206,6,0,0
BRDA:206,6,1,0
BRDA:271,7,0,0
BRDA:273,8,0,0
BRDA:273,8,1,0
BRDA:275,9,0,0
BRDA:275,9,1,0
BRDA:285,10,0,0
BRDA:287,11,0,0
BRDA:287,11,1,0
BRDA:289,12,0,0
BRDA:289,12,1,0
BRDA:299,13,0,0
BRDA:301,14,0,0
BRDA:301,14,1,0
BRDA:303,15,0,0
BRDA:303,15,1,0
BRDA:329,16,0,0
BRDA:329,16,1,0
BRDA:342,17,0,0
BRDA:342,17,1,0
BRDA:343,18,0,0
BRDA:343,18,1,0
BRDA:359,19,0,0
BRDA:359,19,1,0
BRDA:400,20,0,0
BRDA:400,20,1,0
BRDA:401,21,0,0
BRDA:401,21,1,0
BRDA:422,22,0,0
BRDA:422,22,1,0
BRDA:423,23,0,0
BRDA:423,23,1,0
BRDA:439,24,0,0
BRDA:439,24,1,0
BRDA:440,25,0,0
BRDA:440,25,1,0
BRDA:445,26,0,0
BRDA:445,26,1,0
BRF:52
BRH:0
end_of_record
TN:
SF:app\(app)\(tabs)\settings.tsx
FN:58,SettingRow
FN:100,(anonymous_1)
FN:114,SectionCard
FN:131,SettingsScreen
FN:172,(anonymous_4)
FN:178,(anonymous_5)
FN:190,(anonymous_6)
FN:195,(anonymous_7)
FN:223,(anonymous_8)
FN:228,(anonymous_9)
FN:233,(anonymous_10)
FN:244,(anonymous_11)
FN:251,(anonymous_12)
FN:257,(anonymous_13)
FN:269,(anonymous_14)
FN:286,(anonymous_15)
FN:295,(anonymous_16)
FN:309,(anonymous_17)
FN:315,(anonymous_18)
FN:320,(anonymous_19)
FN:325,(anonymous_20)
FN:334,(anonymous_21)
FN:340,(anonymous_22)
FN:344,(anonymous_23)
FN:356,(anonymous_24)
FN:365,(anonymous_25)
FN:378,(anonymous_26)
FN:427,(anonymous_27)
FN:443,(anonymous_28)
FN:459,(anonymous_29)
FN:500,(anonymous_30)
FN:538,(anonymous_31)
FN:545,(anonymous_32)
FN:553,(anonymous_33)
FN:563,(anonymous_34)
FN:575,(anonymous_35)
FN:582,(anonymous_36)
FNF:37
FNH:0
FNDA:0,SettingRow
FNDA:0,(anonymous_1)
FNDA:0,SectionCard
FNDA:0,SettingsScreen
FNDA:0,(anonymous_4)
FNDA:0,(anonymous_5)
FNDA:0,(anonymous_6)
FNDA:0,(anonymous_7)
FNDA:0,(anonymous_8)
FNDA:0,(anonymous_9)
FNDA:0,(anonymous_10)
FNDA:0,(anonymous_11)
FNDA:0,(anonymous_12)
FNDA:0,(anonymous_13)
FNDA:0,(anonymous_14)
FNDA:0,(anonymous_15)
FNDA:0,(anonymous_16)
FNDA:0,(anonymous_17)
FNDA:0,(anonymous_18)
FNDA:0,(anonymous_19)
FNDA:0,(anonymous_20)
FNDA:0,(anonymous_21)
FNDA:0,(anonymous_22)
FNDA:0,(anonymous_23)
FNDA:0,(anonymous_24)
FNDA:0,(anonymous_25)
FNDA:0,(anonymous_26)
FNDA:0,(anonymous_27)
FNDA:0,(anonymous_28)
FNDA:0,(anonymous_29)
FNDA:0,(anonymous_30)
FNDA:0,(anonymous_31)
FNDA:0,(anonymous_32)
FNDA:0,(anonymous_33)
FNDA:0,(anonymous_34)
FNDA:0,(anonymous_35)
FNDA:0,(anonymous_36)
DA:54,0
DA:77,0
DA:100,0
DA:121,0
DA:132,0
DA:133,0
DA:134,0
DA:136,0
DA:137,0
DA:138,0
DA:139,0
DA:141,0
DA:142,0
DA:143,0
DA:144,0
DA:145,0
DA:146,0
DA:147,0
DA:148,0
DA:149,0
DA:150,0
DA:151,0
DA:152,0
DA:153,0
DA:154,0
DA:155,0
DA:156,0
DA:158,0
DA:160,0
DA:161,0
DA:163,0
DA:164,0
DA:167,0
DA:168,0
DA:170,0
DA:172,0
DA:173,0
DA:179,0
DA:180,0
DA:181,0
DA:182,0
DA:183,0
DA:184,0
DA:185,0
DA:186,0
DA:190,0
DA:191,0
DA:192,0
DA:195,0
DA:196,0
DA:197,0
DA:198,0
DA:199,0
DA:200,0
DA:201,0
DA:207,0
DA:208,0
DA:209,0
DA:210,0
DA:211,0
DA:212,0
DA:213,0
DA:214,0
DA:215,0
DA:216,0
DA:217,0
DA:219,0
DA:223,0
DA:224,0
DA:225,0
DA:228,0
DA:229,0
DA:230,0
DA:231,0
DA:232,0
DA:233,0
DA:234,0
DA:236,0
DA:238,0
DA:240,0
DA:244,0
DA:245,0
DA:251,0
DA:252,0
DA:253,0
DA:254,0
DA:257,0
DA:258,0
DA:259,0
DA:260,0
DA:261,0
DA:262,0
DA:264,0
DA:266,0
DA:269,0
DA:270,0
DA:271,0
DA:273,0
DA:274,0
DA:276,0
DA:277,0
DA:278,0
DA:280,0
DA:283,0
DA:286,0
DA:287,0
DA:288,0
DA:289,0
DA:291,0
DA:295,0
DA:296,0
DA:297,0
DA:298,0
DA:301,0
DA:302,0
DA:303,0
DA:304,0
DA:305,0
DA:306,0
DA:307,0
DA:309,0
DA:310,0
DA:315,0
DA:316,0
DA:317,0
DA:320,0
DA:321,0
DA:322,0
DA:325,0
DA:326,0
DA:327,0
DA:328,0
DA:330,0
DA:334,0
DA:335,0
DA:341,0
DA:342,0
DA:343,0
DA:344,0
DA:346,0
DA:347,0
DA:349,0
DA:356,0
DA:357,0
DA:366,0
DA:367,0
DA:368,0
DA:370,0
DA:378,0
DA:379,0
DA:380,0
DA:381,0
DA:382,0
DA:383,0
DA:385,0
DA:386,0
DA:388,0
DA:392,0
DA:394,0
DA:395,0
DA:397,0
DA:405,0
DA:407,0
DA:411,0
DA:427,0
DA:443,0
DA:459,0
DA:500,0
DA:538,0
DA:545,0
DA:553,0
DA:563,0
DA:575,0
DA:582,0
DA:600,0
LF:175
LH:0
BRDA:81,0,0,0
BRDA:81,0,1,0
BRDA:82,1,0,0
BRDA:82,1,1,0
BRDA:85,2,0,0
BRDA:85,2,1,0
BRDA:94,3,0,0
BRDA:94,3,1,0
BRDA:97,4,0,0
BRDA:97,4,1,0
BRDA:100,5,0,0
BRDA:100,5,1,0
BRDA:191,6,0,0
BRDA:191,6,1,0
BRDA:219,7,0,0
BRDA:219,7,1,0
BRDA:232,8,0,0
BRDA:232,8,1,0
BRDA:288,9,0,0
BRDA:288,9,1,0
BRDA:297,10,0,0
BRDA:297,10,1,0
BRDA:301,11,0,0
BRDA:301,11,1,0
BRDA:344,12,0,0
BRDA:344,12,1,0
BRDA:346,13,0,0
BRDA:346,13,1,0
BRDA:347,14,0,0
BRDA:347,14,1,0
BRDA:349,15,0,0
BRDA:349,15,1,0
BRDA:358,16,0,0
BRDA:358,16,1,0
BRDA:368,17,0,0
BRDA:368,17,1,0
BRDA:370,18,0,0
BRDA:370,18,1,0
BRDA:379,19,0,0
BRDA:379,19,1,0
BRDA:383,20,0,0
BRDA:383,20,1,0
BRDA:383,20,2,0
BRDA:383,20,3,0
BRDA:398,21,0,0
BRDA:398,21,1,0
BRDA:399,22,0,0
BRDA:399,22,1,0
BRDA:400,23,0,0
BRDA:400,23,1,0
BRDA:405,24,0,0
BRDA:405,24,1,0
BRDA:447,25,0,0
BRDA:447,25,1,0
BRDA:449,26,0,0
BRDA:449,26,1,0
BRDA:458,27,0,0
BRDA:458,27,1,0
BRDA:470,28,0,0
BRDA:470,28,1,0
BRDA:471,29,0,0
BRDA:471,29,1,0
BRDA:478,30,0,0
BRDA:478,30,1,0
BRDA:484,31,0,0
BRDA:484,31,1,0
BRDA:497,32,0,0
BRDA:497,32,1,0
BRDA:511,33,0,0
BRDA:511,33,1,0
BRDA:521,34,0,0
BRDA:521,34,1,0
BRF:72
BRH:0
end_of_record
TN:
SF:app\(app)\(tabs)\tracker-test.tsx
FN:32,TrackerTestScreen
FN:65,(anonymous_1)
FN:77,(anonymous_2)
FN:78,(anonymous_3)
FN:80,(anonymous_4)
FN:84,(anonymous_5)
FN:96,(anonymous_6)
FN:105,(anonymous_7)
FN:129,(anonymous_8)
FN:169,(anonymous_9)
FN:178,(anonymous_10)
FN:226,(anonymous_11)
FN:269,(anonymous_12)
FNF:13
FNH:0
FNDA:0,TrackerTestScreen
FNDA:0,(anonymous_1)
FNDA:0,(anonymous_2)
FNDA:0,(anonymous_3)
FNDA:0,(anonymous_4)
FNDA:0,(anonymous_5)
FNDA:0,(anonymous_6)
FNDA:0,(anonymous_7)
FNDA:0,(anonymous_8)
FNDA:0,(anonymous_9)
FNDA:0,(anonymous_10)
FNDA:0,(anonymous_11)
FNDA:0,(anonymous_12)
DA:33,0
DA:35,0
DA:38,0
DA:39,0
DA:42,0
DA:47,0
DA:50,0
DA:53,0
DA:54,0
DA:57,0
DA:58,0
DA:59,0
DA:60,0
DA:61,0
DA:62,0
DA:65,0
DA:66,0
DA:67,0
DA:68,0
DA:71,0
DA:72,0
DA:73,0
DA:75,0
DA:78,0
DA:81,0
DA:82,0
DA:85,0
DA:89,0
DA:91,0
DA:92,0
DA:96,0
DA:97,0
DA:98,0
DA:99,0
DA:101,0
DA:105,0
DA:106,0
DA:107,0
DA:108,0
DA:111,0
DA:112,0
DA:113,0
DA:115,0
DA:120,0
DA:122,0
DA:124,0
DA:129,0
DA:130,0
DA:131,0
DA:132,0
DA:133,0
DA:135,0
DA:136,0
DA:137,0
DA:140,0
DA:141,0
DA:142,0
DA:144,0
DA:147,0
DA:149,0
DA:151,0
DA:162,0
DA:170,0
DA:179,0
DA:227,0
DA:270,0
DA:352,0
LF:67
LH:0
BRDA:66,0,0,0
BRDA:66,0,1,0
BRDA:97,1,0,0
BRDA:97,1,1,0
BRDA:106,2,0,0
BRDA:106,2,1,0
BRDA:106,3,0,0
BRDA:106,3,1,0
BRDA:135,4,0,0
BRDA:135,4,1,0
BRDA:135,5,0,0
BRDA:135,5,1,0
BRDA:135,5,2,0
BRDA:135,5,3,0
BRDA:197,6,0,0
BRDA:197,6,1,0
BRDA:207,7,0,0
BRDA:207,7,1,0
BRDA:215,8,0,0
BRDA:215,8,1,0
BRDA:221,9,0,0
BRDA:221,9,1,0
BRDA:253,10,0,0
BRDA:253,10,1,0
BRDA:257,11,0,0
BRDA:257,11,1,0
BRDA:263,12,0,0
BRDA:263,12,1,0
BRDA:274,13,0,0
BRDA:274,13,1,0
BRDA:329,14,0,0
BRDA:329,14,1,0
BRDA:334,15,0,0
BRDA:334,15,1,0
BRDA:340,16,0,0
BRDA:340,16,1,0
BRF:36
BRH:0
end_of_record
TN:
SF:app\(app)\(tabs)\tracking-manager-test.tsx
FN:31,TrackingManagerTestScreen
FN:91,(anonymous_1)
FN:108,(anonymous_2)
FN:129,(anonymous_3)
FN:146,(anonymous_4)
FN:163,(anonymous_5)
FN:180,(anonymous_6)
FN:200,(anonymous_7)
FN:217,(anonymous_8)
FN:234,(anonymous_9)
FN:259,(anonymous_10)
FNF:11
FNH:0
FNDA:0,TrackingManagerTestScreen
FNDA:0,(anonymous_1)
FNDA:0,(anonymous_2)
FNDA:0,(anonymous_3)
FNDA:0,(anonymous_4)
FNDA:0,(anonymous_5)
FNDA:0,(anonymous_6)
FNDA:0,(anonymous_7)
FNDA:0,(anonymous_8)
FNDA:0,(anonymous_9)
FNDA:0,(anonymous_10)
DA:32,0
DA:34,0
DA:35,0
DA:36,0
DA:37,0
DA:40,0
DA:41,0
DA:42,0
DA:43,0
DA:46,0
DA:47,0
DA:48,0
DA:51,0
DA:52,0
DA:53,0
DA:54,0
DA:57,0
DA:58,0
DA:59,0
DA:60,0
DA:63,0
DA:64,0
DA:65,0
DA:66,0
DA:69,0
DA:70,0
DA:71,0
DA:74,0
DA:75,0
DA:76,0
DA:79,0
DA:80,0
DA:81,0
DA:82,0
DA:85,0
DA:86,0
DA:87,0
DA:88,0
DA:91,0
DA:92,0
DA:93,0
DA:94,0
DA:96,0
DA:97,0
DA:98,0
DA:99,0
DA:100,0
DA:102,0
DA:104,0
DA:108,0
DA:109,0
DA:110,0
DA:111,0
DA:112,0
DA:114,0
DA:115,0
DA:116,0
DA:117,0
DA:121,0
DA:123,0
DA:125,0
DA:129,0
DA:130,0
DA:131,0
DA:132,0
DA:134,0
DA:135,0
DA:136,0
DA:137,0
DA:138,0
DA:140,0
DA:142,0
DA:146,0
DA:147,0
DA:148,0
DA:149,0
DA:151,0
DA:152,0
DA:153,0
DA:154,0
DA:155,0
DA:157,0
DA:159,0
DA:163,0
DA:164,0
DA:165,0
DA:166,0
DA:168,0
DA:169,0
DA:170,0
DA:171,0
DA:172,0
DA:174,0
DA:176,0
DA:180,0
DA:181,0
DA:182,0
DA:183,0
DA:185,0
DA:186,0
DA:187,0
DA:188,0
DA:192,0
DA:194,0
DA:196,0
DA:200,0
DA:201,0
DA:202,0
DA:203,0
DA:205,0
DA:206,0
DA:207,0
DA:208,0
DA:209,0
DA:211,0
DA:213,0
DA:217,0
DA:218,0
DA:219,0
DA:220,0
DA:222,0
DA:223,0
DA:224,0
DA:225,0
DA:226,0
DA:228,0
DA:230,0
DA:234,0
DA:235,0
DA:236,0
DA:237,0
DA:239,0
DA:240,0
DA:241,0
DA:242,0
DA:246,0
DA:248,0
DA:250,0
DA:259,0
DA:260,0
DA:261,0
DA:262,0
DA:264,0
DA:265,0
DA:266,0
DA:267,0
DA:271,0
DA:273,0
DA:275,0
DA:279,0
DA:658,0
LF:151
LH:0
BRDA:92,0,0,0
BRDA:92,0,1,0
BRDA:92,1,0,0
BRDA:92,1,1,0
BRDA:110,2,0,0
BRDA:110,2,1,0
BRDA:110,3,0,0
BRDA:110,3,1,0
BRDA:119,4,0,0
BRDA:119,4,1,0
BRDA:130,5,0,0
BRDA:130,5,1,0
BRDA:147,6,0,0
BRDA:147,6,1,0
BRDA:147,7,0,0
BRDA:147,7,1,0
BRDA:164,8,0,0
BRDA:164,8,1,0
BRDA:164,9,0,0
BRDA:164,9,1,0
BRDA:181,10,0,0
BRDA:181,10,1,0
BRDA:190,11,0,0
BRDA:190,11,1,0
BRDA:201,12,0,0
BRDA:201,12,1,0
BRDA:218,13,0,0
BRDA:218,13,1,0
BRDA:235,14,0,0
BRDA:235,14,1,0
BRDA:235,15,0,0
BRDA:235,15,1,0
BRDA:260,16,0,0
BRDA:260,16,1,0
BRDA:260,17,0,0
BRDA:260,17,1,0
BRDA:305,18,0,0
BRDA:305,18,1,0
BRDA:310,19,0,0
BRDA:310,19,1,0
BRDA:316,20,0,0
BRDA:316,20,1,0
BRDA:345,21,0,0
BRDA:345,21,1,0
BRDA:349,22,0,0
BRDA:349,22,1,0
BRDA:355,23,0,0
BRDA:355,23,1,0
BRDA:381,24,0,0
BRDA:381,24,1,0
BRDA:385,25,0,0
BRDA:385,25,1,0
BRDA:391,26,0,0
BRDA:391,26,1,0
BRDA:417,27,0,0
BRDA:417,27,1,0
BRDA:421,28,0,0
BRDA:421,28,1,0
BRDA:427,29,0,0
BRDA:427,29,1,0
BRDA:456,30,0,0
BRDA:456,30,1,0
BRDA:461,31,0,0
BRDA:461,31,1,0
BRDA:467,32,0,0
BRDA:467,32,1,0
BRDA:489,33,0,0
BRDA:489,33,1,0
BRDA:494,34,0,0
BRDA:494,34,1,0
BRDA:500,35,0,0
BRDA:500,35,1,0
BRDA:522,36,0,0
BRDA:522,36,1,0
BRDA:527,37,0,0
BRDA:527,37,1,0
BRDA:533,38,0,0
BRDA:533,38,1,0
BRDA:562,39,0,0
BRDA:562,39,1,0
BRDA:567,40,0,0
BRDA:567,40,1,0
BRDA:573,41,0,0
BRDA:573,41,1,0
BRDA:602,42,0,0
BRDA:602,42,1,0
BRDA:607,43,0,0
BRDA:607,43,1,0
BRDA:613,44,0,0
BRDA:613,44,1,0
BRDA:635,45,0,0
BRDA:635,45,1,0
BRDA:640,46,0,0
BRDA:640,46,1,0
BRDA:646,47,0,0
BRDA:646,47,1,0
BRF:96
BRH:0
end_of_record
TN:
SF:app\(app)\(tabs)\voice-test.tsx
FN:23,(anonymous_0)
FN:33,(anonymous_1)
FN:42,(anonymous_2)
FN:102,(anonymous_3)
FN:108,(anonymous_4)
FN:122,(anonymous_5)
FN:128,(anonymous_6)
FN:132,(anonymous_7)
FN:133,(anonymous_8)
FN:140,(anonymous_9)
FN:226,(anonymous_10)
FNF:11
FNH:0
FNDA:0,(anonymous_0)
FNDA:0,(anonymous_1)
FNDA:0,(anonymous_2)
FNDA:0,(anonymous_3)
FNDA:0,(anonymous_4)
FNDA:0,(anonymous_5)
FNDA:0,(anonymous_6)
FNDA:0,(anonymous_7)
FNDA:0,(anonymous_8)
FNDA:0,(anonymous_9)
FNDA:0,(anonymous_10)
DA:23,0
DA:24,0
DA:25,0
DA:26,0
DA:27,0
DA:28,0
DA:29,0
DA:30,0
DA:31,0
DA:33,0
DA:34,0
DA:35,0
DA:36,0
DA:38,0
DA:42,0
DA:43,0
DA:45,0
DA:46,0
DA:47,0
DA:52,0
DA:54,0
DA:55,0
DA:57,0
DA:58,0
DA:59,0
DA:60,0
DA:63,0
DA:64,0
DA:69,0
DA:70,0
DA:71,0
DA:72,0
DA:75,0
DA:76,0
DA:77,0
DA:78,0
DA:81,0
DA:87,0
DA:88,0
DA:102,0
DA:103,0
DA:104,0
DA:106,0
DA:107,0
DA:108,0
DA:109,0
DA:112,0
DA:113,0
DA:114,0
DA:116,0
DA:122,0
DA:123,0
DA:124,0
DA:128,0
DA:129,0
DA:132,0
DA:133,0
DA:134,0
DA:135,0
DA:140,0
DA:141,0
DA:142,0
DA:145,0
DA:227,0
DA:252,0
LF:65
LH:0
BRDA:45,0,0,0
BRDA:45,0,1,0
BRDA:54,1,0,0
BRDA:54,1,1,0
BRDA:55,2,0,0
BRDA:55,2,1,0
BRDA:58,3,0,0
BRDA:58,3,1,0
BRDA:70,4,0,0
BRDA:70,4,1,0
BRDA:70,5,0,0
BRDA:70,5,1,0
BRDA:104,6,0,0
BRDA:104,6,1,0
BRDA:112,7,0,0
BRDA:112,7,1,0
BRDA:114,8,0,0
BRDA:114,8,1,0
BRDA:134,9,0,0
BRDA:134,9,1,0
BRDA:164,10,0,0
BRDA:164,10,1,0
BRDA:169,11,0,0
BRDA:169,11,1,0
BRDA:178,12,0,0
BRDA:178,12,1,0
BRDA:180,13,0,0
BRDA:180,13,1,0
BRDA:183,14,0,0
BRDA:183,14,1,0
BRDA:197,15,0,0
BRDA:197,15,1,0
BRDA:197,15,2,0
BRDA:200,16,0,0
BRDA:200,16,1,0
BRDA:203,17,0,0
BRDA:203,17,1,0
BRDA:210,18,0,0
BRDA:210,18,1,0
BRDA:218,19,0,0
BRDA:218,19,1,0
BRF:41
BRH:0
end_of_record
TN:
SF:app\(app)\family-circles\new.tsx
FN:39,NewFamilyCircle
FN:48,(anonymous_1)
FN:53,(anonymous_2)
FN:63,(anonymous_3)
FN:156,(anonymous_4)
FN:162,(anonymous_5)
FNF:6
FNH:0
FNDA:0,NewFamilyCircle
FNDA:0,(anonymous_1)
FNDA:0,(anonymous_2)
FNDA:0,(anonymous_3)
FNDA:0,(anonymous_4)
FNDA:0,(anonymous_5)
DA:28,0
DA:37,0
DA:40,0
DA:41,0
DA:43,0
DA:44,0
DA:45,0
DA:46,0
DA:48,0
DA:49,0
DA:50,0
DA:53,0
DA:54,0
DA:55,0
DA:56,0
DA:57,0
DA:59,0
DA:63,0
DA:64,0
DA:65,0
DA:66,0
DA:68,0
DA:69,0
DA:70,0
DA:71,0
DA:72,0
DA:74,0
DA:76,0
DA:80,0
DA:157,0
DA:158,0
DA:162,0
DA:216,0
LF:33
LH:0
BRDA:49,0,0,0
BRDA:49,0,1,0
BRDA:54,1,0,0
BRDA:54,1,1,0
BRDA:55,2,0,0
BRDA:55,2,1,0
BRDA:64,3,0,0
BRDA:64,3,1,0
BRDA:74,4,0,0
BRDA:74,4,1,0
BRDA:88,5,0,0
BRDA:88,5,1,0
BRDA:116,6,0,0
BRDA:116,6,1,0
BRDA:126,7,0,0
BRDA:126,7,1,0
BRDA:161,8,0,0
BRDA:161,8,1,0
BRDA:165,9,0,0
BRDA:165,9,1,0
BRDA:169,10,0,0
BRDA:169,10,1,0
BRDA:172,11,0,0
BRDA:172,11,1,0
BRDA:185,12,0,0
BRDA:185,12,1,0
BRDA:187,13,0,0
BRDA:187,13,1,0
BRDA:189,14,0,0
BRDA:189,14,1,0
BRDA:196,15,0,0
BRDA:196,15,1,0
BRDA:200,16,0,0
BRDA:200,16,1,0
BRF:34
BRH:0
end_of_record
TN:
SF:app\(auth)\_layout.tsx
FN:7,AuthLayout
FNF:1
FNH:0
FNDA:0,AuthLayout
DA:5,0
DA:8,0
LF:2
LH:0
BRDA:5,0,0,0
BRDA:5,0,1,0
BRF:2
BRH:0
end_of_record
TN:
SF:app\(auth)\login.tsx
FN:28,LoginScreen
FN:43,(anonymous_1)
FN:44,(anonymous_2)
FN:63,(anonymous_3)
FN:70,(anonymous_4)
FN:116,(anonymous_5)
FN:128,(anonymous_6)
FNF:7
FNH:0
FNDA:0,LoginScreen
FNDA:0,(anonymous_1)
FNDA:0,(anonymous_2)
FNDA:0,(anonymous_3)
FNDA:0,(anonymous_4)
FNDA:0,(anonymous_5)
FNDA:0,(anonymous_6)
DA:29,0
DA:30,0
DA:31,0
DA:33,0
DA:34,0
DA:40,0
DA:43,0
DA:44,0
DA:45,0
DA:46,0
DA:48,0
DA:51,0
DA:63,0
DA:64,0
DA:65,0
DA:69,0
DA:71,0
DA:72,0
DA:73,0
DA:74,0
DA:86,0
DA:89,0
DA:92,0
DA:99,0
DA:102,0
DA:104,0
DA:105,0
DA:109,0
DA:116,0
DA:117,0
DA:118,0
DA:119,0
DA:120,0
DA:121,0
DA:122,0
DA:128,0
DA:129,0
DA:130,0
DA:131,0
DA:133,0
DA:137,0
DA:138,0
DA:145,0
DA:194,0
LF:44
LH:0
BRDA:64,0,0,0
BRDA:64,0,1,0
BRDA:64,1,0,0
BRDA:64,1,1,0
BRDA:80,2,0,0
BRDA:80,2,1,0
BRDA:89,3,0,0
BRDA:89,3,1,0
BRDA:94,4,0,0
BRDA:94,4,1,0
BRDA:95,5,0,0
BRDA:95,5,1,0
BRDA:117,6,0,0
BRDA:117,6,1,0
BRDA:120,7,0,0
BRDA:120,7,1,0
BRDA:129,8,0,0
BRDA:129,8,1,0
BRDA:137,9,0,0
BRDA:137,9,1,0
BRDA:163,10,0,0
BRDA:163,10,1,0
BRDA:163,10,2,0
BRDA:166,11,0,0
BRDA:166,11,1,0
BRDA:169,12,0,0
BRDA:169,12,1,0
BRF:27
BRH:0
end_of_record
TN:
SF:app\auth\_layout.tsx
FN:7,AuthLayout
FNF:1
FNH:0
FNDA:0,AuthLayout
DA:5,0
DA:8,0
LF:2
LH:0
BRDA:5,0,0,0
BRDA:5,0,1,0
BRF:2
BRH:0
end_of_record
TN:
SF:app\auth\login.tsx
FN:39,LoginScreen
FN:68,(anonymous_1)
FN:70,(anonymous_2)
FN:81,(anonymous_3)
FN:102,(anonymous_4)
FN:109,(anonymous_5)
FN:155,(anonymous_6)
FN:168,(anonymous_7)
FN:176,(anonymous_8)
FN:186,(anonymous_9)
FN:200,(anonymous_10)
FN:206,(anonymous_11)
FN:211,(anonymous_12)
FN:310,(anonymous_13)
FNF:14
FNH:0
FNDA:0,LoginScreen
FNDA:0,(anonymous_1)
FNDA:0,(anonymous_2)
FNDA:0,(anonymous_3)
FNDA:0,(anonymous_4)
FNDA:0,(anonymous_5)
FNDA:0,(anonymous_6)
FNDA:0,(anonymous_7)
FNDA:0,(anonymous_8)
FNDA:0,(anonymous_9)
FNDA:0,(anonymous_10)
FNDA:0,(anonymous_11)
FNDA:0,(anonymous_12)
FNDA:0,(anonymous_13)
DA:40,0
DA:41,0
DA:47,0
DA:48,0
DA:50,0
DA:51,0
DA:54,0
DA:55,0
DA:56,0
DA:57,0
DA:58,0
DA:59,0
DA:60,0
DA:61,0
DA:62,0
DA:64,0
DA:65,0
DA:66,0
DA:68,0
DA:69,0
DA:71,0
DA:72,0
DA:73,0
DA:74,0
DA:75,0
DA:76,0
DA:81,0
DA:82,0
DA:85,0
DA:90,0
DA:102,0
DA:103,0
DA:104,0
DA:108,0
DA:110,0
DA:111,0
DA:112,0
DA:125,0
DA:128,0
DA:135,0
DA:138,0
DA:140,0
DA:141,0
DA:148,0
DA:155,0
DA:156,0
DA:157,0
DA:159,0
DA:160,0
DA:161,0
DA:162,0
DA:163,0
DA:164,0
DA:168,0
DA:169,0
DA:170,0
DA:171,0
DA:173,0
DA:176,0
DA:177,0
DA:178,0
DA:179,0
DA:181,0
DA:182,0
DA:186,0
DA:187,0
DA:188,0
DA:189,0
DA:192,0
DA:193,0
DA:194,0
DA:195,0
DA:196,0
DA:197,0
DA:198,0
DA:200,0
DA:201,0
DA:206,0
DA:207,0
DA:208,0
DA:211,0
DA:212,0
DA:213,0
DA:214,0
DA:215,0
DA:216,0
DA:221,0
DA:222,0
DA:223,0
DA:224,0
DA:225,0
DA:226,0
DA:227,0
DA:228,0
DA:229,0
DA:231,0
DA:236,0
DA:237,0
DA:244,0
DA:310,0
DA:326,0
LF:101
LH:0
BRDA:103,0,0,0
BRDA:103,0,1,0
BRDA:103,1,0,0
BRDA:103,1,1,0
BRDA:118,2,0,0
BRDA:118,2,1,0
BRDA:125,3,0,0
BRDA:125,3,1,0
BRDA:130,4,0,0
BRDA:130,4,1,0
BRDA:131,5,0,0
BRDA:131,5,1,0
BRDA:156,6,0,0
BRDA:156,6,1,0
BRDA:156,7,0,0
BRDA:156,7,1,0
BRDA:159,8,0,0
BRDA:159,8,1,0
BRDA:162,9,0,0
BRDA:162,9,1,0
BRDA:169,10,0,0
BRDA:169,10,1,0
BRDA:188,11,0,0
BRDA:188,11,1,0
BRDA:192,12,0,0
BRDA:192,12,1,0
BRDA:207,13,0,0
BRDA:207,13,1,0
BRDA:231,14,0,0
BRDA:231,14,1,0
BRDA:236,15,0,0
BRDA:236,15,1,0
BRDA:262,16,0,0
BRDA:262,16,1,0
BRDA:262,16,2,0
BRDA:265,17,0,0
BRDA:265,17,1,0
BRDA:268,18,0,0
BRDA:268,18,1,0
BRF:39
BRH:0
end_of_record
TN:
SF:components\AppHeader.tsx
FN:12,AppHeader
FN:26,(anonymous_1)
FNF:2
FNH:0
FNDA:0,AppHeader
FNDA:0,(anonymous_1)
DA:13,0
DA:14,0
DA:16,0
DA:26,0
DA:35,0
LF:5
LH:0
BRF:0
BRH:0
end_of_record
TN:
SF:components\Card.tsx
FN:10,Card
FNF:1
FNH:0
FNDA:0,Card
DA:11,0
DA:14,0
LF:2
LH:0
BRF:0
BRH:0
end_of_record
TN:
SF:components\CircleMembersModal.tsx
FN:42,(anonymous_0)
FN:56,(anonymous_1)
FN:68,(anonymous_2)
FN:84,(anonymous_3)
FN:95,(anonymous_4)
FN:108,(anonymous_5)
FN:120,(anonymous_6)
FN:132,(anonymous_7)
FN:144,(anonymous_8)
FN:151,(anonymous_9)
FN:172,(anonymous_10)
FN:193,(anonymous_11)
FN:207,(anonymous_12)
FN:211,(anonymous_13)
FN:213,(anonymous_14)
FN:230,(anonymous_15)
FNF:16
FNH:0
FNDA:0,(anonymous_0)
FNDA:0,(anonymous_1)
FNDA:0,(anonymous_2)
FNDA:0,(anonymous_3)
FNDA:0,(anonymous_4)
FNDA:0,(anonymous_5)
FNDA:0,(anonymous_6)
FNDA:0,(anonymous_7)
FNDA:0,(anonymous_8)
FNDA:0,(anonymous_9)
FNDA:0,(anonymous_10)
FNDA:0,(anonymous_11)
FNDA:0,(anonymous_12)
FNDA:0,(anonymous_13)
FNDA:0,(anonymous_14)
FNDA:0,(anonymous_15)
DA:42,0
DA:51,0
DA:53,0
DA:54,0
DA:56,0
DA:57,0
DA:58,0
DA:69,0
DA:70,0
DA:74,0
DA:76,0
DA:84,0
DA:85,0
DA:86,0
DA:96,0
DA:97,0
DA:98,0
DA:100,0
DA:108,0
DA:109,0
DA:110,0
DA:111,0
DA:112,0
DA:113,0
DA:114,0
DA:116,0
DA:120,0
DA:121,0
DA:133,0
DA:134,0
DA:144,0
DA:151,0
DA:163,0
DA:172,0
DA:193,0
DA:207,0
DA:211,0
DA:213,0
DA:230,0
DA:247,0
LF:40
LH:0
BRDA:48,0,0,0
BRDA:49,1,0,0
BRDA:57,2,0,0
BRDA:57,2,1,0
BRDA:76,3,0,0
BRDA:76,3,1,0
BRDA:85,4,0,0
BRDA:85,4,1,0
BRDA:100,5,0,0
BRDA:100,5,1,0
BRDA:109,6,0,0
BRDA:109,6,1,0
BRDA:109,7,0,0
BRDA:109,7,1,0
BRDA:109,7,2,0
BRDA:116,8,0,0
BRDA:116,8,1,0
BRDA:127,9,0,0
BRDA:127,9,1,0
BRDA:128,10,0,0
BRDA:128,10,1,0
BRDA:134,11,0,0
BRDA:134,11,1,0
BRDA:141,12,0,0
BRDA:141,12,1,0
BRDA:141,12,2,0
BRDA:175,13,0,0
BRDA:175,13,1,0
BRDA:181,14,0,0
BRDA:181,14,1,0
BRDA:185,15,0,0
BRDA:185,15,1,0
BRDA:217,16,0,0
BRDA:217,16,1,0
BRF:34
BRH:0
end_of_record
TN:
SF:components\CurrentLocationMarker.tsx
FN:18,CurrentLocationMarker
FN:45,(anonymous_1)
FN:78,(anonymous_2)
FN:83,(anonymous_3)
FN:87,(anonymous_4)
FN:92,(anonymous_5)
FN:93,(anonymous_6)
FN:99,(anonymous_7)
FN:106,(anonymous_8)
FN:134,(anonymous_9)
FN:152,(anonymous_10)
FNF:11
FNH:0
FNDA:0,CurrentLocationMarker
FNDA:0,(anonymous_1)
FNDA:0,(anonymous_2)
FNDA:0,(anonymous_3)
FNDA:0,(anonymous_4)
FNDA:0,(anonymous_5)
FNDA:0,(anonymous_6)
FNDA:0,(anonymous_7)
FNDA:0,(anonymous_8)
FNDA:0,(anonymous_9)
FNDA:0,(anonymous_10)
DA:16,0
DA:26,0
DA:29,0
DA:30,0
DA:32,0
DA:33,0
DA:37,0
DA:38,0
DA:39,0
DA:40,0
DA:45,0
DA:46,0
DA:48,0
DA:49,0
DA:50,0
DA:51,0
DA:52,0
DA:55,0
DA:56,0
DA:57,0
DA:58,0
DA:59,0
DA:63,0
DA:67,0
DA:71,0
DA:74,0
DA:75,0
DA:78,0
DA:79,0
DA:81,0
DA:83,0
DA:84,0
DA:87,0
DA:88,0
DA:92,0
DA:93,0
DA:94,0
DA:95,0
DA:99,0
DA:102,0
DA:103,0
DA:104,0
DA:106,0
DA:107,0
DA:109,0
DA:110,0
DA:111,0
DA:112,0
DA:115,0
DA:116,0
DA:118,0
DA:133,0
DA:134,0
DA:142,0
DA:143,0
DA:146,0
DA:153,0
DA:154,0
DA:194,0
LF:59
LH:0
BRDA:22,0,0,0
BRDA:29,1,0,0
BRDA:29,1,1,0
BRDA:48,2,0,0
BRDA:48,2,1,0
BRDA:56,3,0,0
BRDA:56,3,1,0
BRDA:59,4,0,0
BRDA:59,4,1,0
BRDA:60,5,0,0
BRDA:60,5,1,0
BRDA:67,6,0,0
BRDA:67,6,1,0
BRDA:68,7,0,0
BRDA:68,7,1,0
BRDA:81,8,0,0
BRDA:81,8,1,0
BRDA:88,9,0,0
BRDA:88,9,1,0
BRDA:94,10,0,0
BRDA:94,10,1,0
BRDA:94,11,0,0
BRDA:94,11,1,0
BRDA:107,12,0,0
BRDA:107,12,1,0
BRDA:142,13,0,0
BRDA:142,13,1,0
BRDA:143,14,0,0
BRDA:143,14,1,0
BRDA:169,15,0,0
BRDA:169,15,1,0
BRDA:169,15,2,0
BRDA:184,16,0,0
BRDA:184,16,1,0
BRF:34
BRH:0
end_of_record
TN:
SF:components\Fab.tsx
FN:15,Fab
FNF:1
FNH:0
FNDA:0,Fab
DA:23,0
DA:24,0
DA:25,0
DA:43,0
LF:4
LH:0
BRDA:16,0,0,0
BRDA:24,1,0,0
BRDA:24,1,1,0
BRDA:24,2,0,0
BRDA:24,2,1,0
BRDA:28,3,0,0
BRDA:28,3,1,0
BRDA:30,4,0,0
BRDA:30,4,1,0
BRDA:35,5,0,0
BRDA:35,5,1,0
BRF:11
BRH:0
end_of_record
TN:
SF:components\FamilyCircleBottomSheet.tsx
FN:49,(anonymous_0)
FN:92,(anonymous_1)
FN:103,(anonymous_2)
FN:106,(anonymous_3)
FN:116,(anonymous_4)
FN:133,(anonymous_5)
FN:138,(anonymous_6)
FN:150,(anonymous_7)
FN:168,(anonymous_8)
FN:182,(anonymous_9)
FN:216,(anonymous_10)
FN:226,(anonymous_11)
FN:255,(anonymous_12)
FN:282,(anonymous_13)
FN:303,(anonymous_14)
FN:309,(anonymous_15)
FN:333,(anonymous_16)
FN:340,(anonymous_17)
FN:363,(anonymous_18)
FN:380,(anonymous_19)
FN:411,(anonymous_20)
FN:425,(anonymous_21)
FN:429,(anonymous_22)
FN:433,(anonymous_23)
FN:440,(anonymous_24)
FN:486,(anonymous_25)
FN:493,(anonymous_26)
FN:515,(anonymous_27)
FN:564,(anonymous_28)
FN:569,(anonymous_29)
FN:578,(anonymous_30)
FN:582,(anonymous_31)
FN:586,(anonymous_32)
FN:596,(anonymous_33)
FN:620,(anonymous_34)
FN:632,(anonymous_35)
FN:640,(anonymous_36)
FN:644,(anonymous_37)
FN:661,(anonymous_38)
FNF:39
FNH:0
FNDA:0,(anonymous_0)
FNDA:0,(anonymous_1)
FNDA:0,(anonymous_2)
FNDA:0,(anonymous_3)
FNDA:0,(anonymous_4)
FNDA:0,(anonymous_5)
FNDA:0,(anonymous_6)
FNDA:0,(anonymous_7)
FNDA:0,(anonymous_8)
FNDA:0,(anonymous_9)
FNDA:0,(anonymous_10)
FNDA:0,(anonymous_11)
FNDA:0,(anonymous_12)
FNDA:0,(anonymous_13)
FNDA:0,(anonymous_14)
FNDA:0,(anonymous_15)
FNDA:0,(anonymous_16)
FNDA:0,(anonymous_17)
FNDA:0,(anonymous_18)
FNDA:0,(anonymous_19)
FNDA:0,(anonymous_20)
FNDA:0,(anonymous_21)
FNDA:0,(anonymous_22)
FNDA:0,(anonymous_23)
FNDA:0,(anonymous_24)
FNDA:0,(anonymous_25)
FNDA:0,(anonymous_26)
FNDA:0,(anonymous_27)
FNDA:0,(anonymous_28)
FNDA:0,(anonymous_29)
FNDA:0,(anonymous_30)
FNDA:0,(anonymous_31)
FNDA:0,(anonymous_32)
FNDA:0,(anonymous_33)
FNDA:0,(anonymous_34)
FNDA:0,(anonymous_35)
FNDA:0,(anonymous_36)
FNDA:0,(anonymous_37)
FNDA:0,(anonymous_38)
DA:49,0
DA:57,0
DA:58,0
DA:60,0
DA:69,0
DA:72,0
DA:73,0
DA:74,0
DA:75,0
DA:77,0
DA:78,0
DA:79,0
DA:80,0
DA:82,0
DA:83,0
DA:84,0
DA:85,0
DA:89,0
DA:90,0
DA:92,0
DA:93,0
DA:94,0
DA:95,0
DA:96,0
DA:97,0
DA:98,0
DA:100,0
DA:101,0
DA:103,0
DA:106,0
DA:112,0
DA:114,0
DA:115,0
DA:116,0
DA:118,0
DA:119,0
DA:120,0
DA:124,0
DA:129,0
DA:133,0
DA:134,0
DA:135,0
DA:136,0
DA:137,0
DA:138,0
DA:139,0
DA:141,0
DA:143,0
DA:145,0
DA:149,0
DA:151,0
DA:152,0
DA:153,0
DA:154,0
DA:155,0
DA:156,0
DA:157,0
DA:159,0
DA:160,0
DA:162,0
DA:168,0
DA:169,0
DA:170,0
DA:171,0
DA:172,0
DA:174,0
DA:183,0
DA:184,0
DA:189,0
DA:190,0
DA:193,0
DA:194,0
DA:196,0
DA:216,0
DA:217,0
DA:218,0
DA:227,0
DA:228,0
DA:231,0
DA:235,0
DA:237,0
DA:254,0
DA:256,0
DA:257,0
DA:262,0
DA:263,0
DA:266,0
DA:271,0
DA:272,0
DA:273,0
DA:274,0
DA:276,0
DA:282,0
DA:283,0
DA:284,0
DA:285,0
DA:286,0
DA:287,0
DA:288,0
DA:289,0
DA:291,0
DA:302,0
DA:304,0
DA:305,0
DA:309,0
DA:333,0
DA:340,0
DA:363,0
DA:364,0
DA:380,0
DA:391,0
DA:392,0
DA:404,0
DA:406,0
DA:411,0
DA:425,0
DA:429,0
DA:433,0
DA:440,0
DA:487,0
DA:493,0
DA:515,0
DA:564,0
DA:570,0
DA:578,0
DA:582,0
DA:586,0
DA:597,0
DA:598,0
DA:599,0
DA:601,0
DA:620,0
DA:632,0
DA:640,0
DA:644,0
DA:662,0
DA:663,0
DA:685,0
LF:138
LH:0
BRDA:55,0,0,0
BRDA:114,1,0,0
BRDA:114,1,1,0
BRDA:118,2,0,0
BRDA:118,2,1,0
BRDA:125,3,0,0
BRDA:125,3,1,0
BRDA:134,4,0,0
BRDA:134,4,1,0
BRDA:134,5,0,0
BRDA:134,5,1,0
BRDA:139,6,0,0
BRDA:139,6,1,0
BRDA:143,7,0,0
BRDA:143,7,1,0
BRDA:151,8,0,0
BRDA:151,8,1,0
BRDA:151,9,0,0
BRDA:151,9,1,0
BRDA:159,10,0,0
BRDA:159,10,1,0
BRDA:169,11,0,0
BRDA:169,11,1,0
BRDA:170,12,0,0
BRDA:170,12,1,0
BRDA:189,13,0,0
BRDA:189,13,1,0
BRDA:196,14,0,0
BRDA:196,14,1,0
BRDA:217,15,0,0
BRDA:217,15,1,0
BRDA:237,16,0,0
BRDA:237,16,1,0
BRDA:262,17,0,0
BRDA:262,17,1,0
BRDA:276,18,0,0
BRDA:276,18,1,0
BRDA:283,19,0,0
BRDA:283,19,1,0
BRDA:291,20,0,0
BRDA:291,20,1,0
BRDA:308,21,0,0
BRDA:308,21,1,0
BRDA:312,22,0,0
BRDA:312,22,1,0
BRDA:317,23,0,0
BRDA:317,23,1,0
BRDA:322,24,0,0
BRDA:322,24,1,0
BRDA:328,25,0,0
BRDA:328,25,1,0
BRDA:347,26,0,0
BRDA:347,26,1,0
BRDA:391,27,0,0
BRDA:391,27,1,0
BRDA:463,28,0,0
BRDA:463,28,1,0
BRDA:463,28,2,0
BRDA:466,29,0,0
BRDA:466,29,1,0
BRDA:468,30,0,0
BRDA:468,30,1,0
BRDA:481,31,0,0
BRDA:481,31,1,0
BRDA:491,32,0,0
BRDA:491,32,1,0
BRDA:499,33,0,0
BRDA:499,33,1,0
BRDA:522,34,0,0
BRDA:522,34,1,0
BRDA:589,35,0,0
BRDA:589,35,1,0
BRDA:598,36,0,0
BRDA:598,36,1,0
BRDA:610,37,0,0
BRDA:610,37,1,0
BRDA:635,38,0,0
BRDA:635,38,1,0
BRF:78
BRH:0
end_of_record
TN:
SF:components\FamilyCircleSelector.tsx
FN:14,(anonymous_0)
FNF:1
FNH:0
FNDA:0,(anonymous_0)
DA:14,0
DA:18,0
DA:19,0
DA:30,0
LF:4
LH:0
BRDA:23,0,0,0
BRDA:23,0,1,0
BRF:2
BRH:0
end_of_record
TN:
SF:components\FollowerBottomSheet.tsx
FN:43,StatTile
FN:58,startOfDay
FN:64,endOfDay
FN:70,formatDate
FN:78,(anonymous_4)
FN:111,(anonymous_5)
FN:118,(anonymous_6)
FN:123,(anonymous_7)
FN:126,(anonymous_8)
FN:128,(anonymous_9)
FN:132,(anonymous_10)
FN:133,(anonymous_11)
FN:138,(anonymous_12)
FN:145,(anonymous_13)
FN:150,(anonymous_14)
FN:155,(anonymous_15)
FN:160,(anonymous_16)
FN:161,(anonymous_17)
FN:172,(anonymous_18)
FN:177,(anonymous_19)
FN:182,(anonymous_20)
FN:187,(anonymous_21)
FN:193,(anonymous_22)
FN:207,(anonymous_23)
FN:227,(anonymous_24)
FN:240,(anonymous_25)
FN:318,(anonymous_26)
FN:335,(anonymous_27)
FN:359,(anonymous_28)
FN:393,(anonymous_29)
FN:411,(anonymous_30)
FN:425,(anonymous_31)
FN:438,(anonymous_32)
FN:458,(anonymous_33)
FN:466,(anonymous_34)
FNF:35
FNH:0
FNDA:0,StatTile
FNDA:0,startOfDay
FNDA:0,endOfDay
FNDA:0,formatDate
FNDA:0,(anonymous_4)
FNDA:0,(anonymous_5)
FNDA:0,(anonymous_6)
FNDA:0,(anonymous_7)
FNDA:0,(anonymous_8)
FNDA:0,(anonymous_9)
FNDA:0,(anonymous_10)
FNDA:0,(anonymous_11)
FNDA:0,(anonymous_12)
FNDA:0,(anonymous_13)
FNDA:0,(anonymous_14)
FNDA:0,(anonymous_15)
FNDA:0,(anonymous_16)
FNDA:0,(anonymous_17)
FNDA:0,(anonymous_18)
FNDA:0,(anonymous_19)
FNDA:0,(anonymous_20)
FNDA:0,(anonymous_21)
FNDA:0,(anonymous_22)
FNDA:0,(anonymous_23)
FNDA:0,(anonymous_24)
FNDA:0,(anonymous_25)
FNDA:0,(anonymous_26)
FNDA:0,(anonymous_27)
FNDA:0,(anonymous_28)
FNDA:0,(anonymous_29)
FNDA:0,(anonymous_30)
FNDA:0,(anonymous_31)
FNDA:0,(anonymous_32)
FNDA:0,(anonymous_33)
FNDA:0,(anonymous_34)
DA:44,0
DA:59,0
DA:60,0
DA:61,0
DA:65,0
DA:66,0
DA:67,0
DA:71,0
DA:78,0
DA:93,0
DA:94,0
DA:95,0
DA:96,0
DA:97,0
DA:98,0
DA:103,0
DA:104,0
DA:105,0
DA:106,0
DA:107,0
DA:108,0
DA:109,0
DA:111,0
DA:112,0
DA:113,0
DA:114,0
DA:115,0
DA:118,0
DA:119,0
DA:122,0
DA:123,0
DA:126,0
DA:127,0
DA:128,0
DA:129,0
DA:131,0
DA:132,0
DA:133,0
DA:138,0
DA:139,0
DA:140,0
DA:145,0
DA:146,0
DA:147,0
DA:150,0
DA:151,0
DA:152,0
DA:153,0
DA:154,0
DA:155,0
DA:159,0
DA:161,0
DA:172,0
DA:173,0
DA:174,0
DA:177,0
DA:178,0
DA:179,0
DA:182,0
DA:183,0
DA:184,0
DA:187,0
DA:188,0
DA:189,0
DA:193,0
DA:194,0
DA:195,0
DA:198,0
DA:200,0
DA:201,0
DA:204,0
DA:207,0
DA:208,0
DA:209,0
DA:213,0
DA:215,0
DA:219,0
DA:222,0
DA:223,0
DA:224,0
DA:227,0
DA:228,0
DA:229,0
DA:230,0
DA:231,0
DA:233,0
DA:234,0
DA:236,0
DA:240,0
DA:319,0
DA:336,0
DA:337,0
DA:360,0
DA:361,0
DA:394,0
DA:395,0
DA:396,0
DA:411,0
DA:425,0
DA:438,0
DA:460,0
DA:462,0
DA:466,0
DA:506,0
LF:104
LH:0
BRDA:52,0,0,0
BRDA:52,0,1,0
BRDA:122,1,0,0
BRDA:122,1,1,0
BRDA:139,2,0,0
BRDA:139,2,1,0
BRDA:155,3,0,0
BRDA:155,3,1,0
BRDA:167,4,0,0
BRDA:167,4,1,0
BRDA:174,5,0,0
BRDA:174,5,1,0
BRDA:179,6,0,0
BRDA:179,6,1,0
BRDA:184,7,0,0
BRDA:184,7,1,0
BRDA:188,8,0,0
BRDA:188,8,1,0
BRDA:194,9,0,0
BRDA:194,9,1,0
BRDA:194,10,0,0
BRDA:194,10,1,0
BRDA:200,11,0,0
BRDA:200,11,1,0
BRDA:222,12,0,0
BRDA:222,12,1,0
BRDA:228,13,0,0
BRDA:228,13,1,0
BRDA:229,14,0,0
BRDA:229,14,1,0
BRDA:230,15,0,0
BRDA:230,15,1,0
BRDA:242,16,0,0
BRDA:242,16,1,0
BRDA:269,17,0,0
BRDA:269,17,1,0
BRDA:278,18,0,0
BRDA:278,18,1,0
BRDA:279,19,0,0
BRDA:279,19,1,0
BRDA:281,20,0,0
BRDA:281,20,1,0
BRDA:310,21,0,0
BRDA:310,21,1,0
BRDA:325,22,0,0
BRDA:325,22,1,0
BRDA:451,23,0,0
BRDA:451,23,1,0
BRDA:465,24,0,0
BRDA:465,24,1,0
BRDA:471,25,0,0
BRDA:471,25,1,0
BRDA:482,26,0,0
BRDA:482,26,1,0
BRDA:490,27,0,0
BRDA:490,27,1,0
BRDA:497,28,0,0
BRDA:497,28,1,0
BRF:58
BRH:0
end_of_record
TN:
SF:components\FollowerInfo.tsx
FN:16,(anonymous_0)
FN:26,(anonymous_1)
FN:54,(anonymous_2)
FNF:3
FNH:0
FNDA:0,(anonymous_0)
FNDA:0,(anonymous_1)
FNDA:0,(anonymous_2)
DA:16,0
DA:22,0
DA:23,0
DA:24,0
DA:26,0
DA:27,0
DA:28,0
[...]
DA:30,0
DA:32,0
DA:33,0
DA:38,0
DA:40,0
DA:41,0
DA:42,0
DA:47,0
DA:48,0
DA:55,0
DA:62,0
DA:63,0
DA:64,0
DA:70,0
DA:71,0
DA:72,0
DA:77,0
DA:78,0
DA:83,0
DA:84,0
DA:88,0
DA:89,0
DA:93,0
DA:97,0
LF:30
LH:0
BRDA:11,0,0,0
BRDA:11,0,1,0
BRDA:43,1,0,0
BRDA:43,1,1,0
BRDA:44,2,0,0
BRDA:44,2,1,0
BRDA:73,3,0,0
BRDA:73,3,1,0
BRDA:74,4,0,0
BRDA:74,4,1,0
BRF:10
BRH:0
end_of_record
TN:
SF:services\notifier.ts
FN:38,getClient
FN:46,(anonymous_1)
FN:69,(anonymous_2)
FN:94,(anonymous_3)
FN:113,(anonymous_4)
FN:136,(anonymous_5)
FN:155,(anonymous_6)
FN:175,(anonymous_7)
FN:192,(anonymous_8)
FN:208,(anonymous_9)
FN:231,(anonymous_10)
FN:250,(anonymous_11)
FN:270,(anonymous_12)
FN:287,(anonymous_13)
FNF:14
FNH:0
FNDA:0,getClient
FNDA:0,(anonymous_1)
FNDA:0,(anonymous_2)
FNDA:0,(anonymous_3)
FNDA:0,(anonymous_4)
FNDA:0,(anonymous_5)
FNDA:0,(anonymous_6)
FNDA:0,(anonymous_7)
FNDA:0,(anonymous_8)
FNDA:0,(anonymous_9)
FNDA:0,(anonymous_10)
FNDA:0,(anonymous_11)
FNDA:0,(anonymous_12)
FNDA:0,(anonymous_13)
DA:34,0
DA:36,0
DA:39,0
DA:40,0
DA:41,0
DA:43,0
DA:46,0
DA:51,0
DA:52,0
DA:53,0
DA:54,0
DA:56,0
DA:58,0
DA:59,0
DA:62,0
DA:64,0
DA:65,0
DA:69,0
DA:75,0
DA:76,0
DA:77,0
DA:78,0
DA:79,0
DA:81,0
DA:83,0
DA:84,0
DA:87,0
DA:89,0
DA:90,0
DA:94,0
DA:97,0
DA:98,0
DA:100,0
DA:102,0
DA:103,0
DA:106,0
DA:108,0
DA:109,0
DA:113,0
DA:117,0
DA:118,0
DA:119,0
DA:120,0
DA:123,0
DA:125,0
DA:126,0
DA:129,0
DA:131,0
DA:132,0
DA:136,0
DA:139,0
DA:140,0
DA:142,0
DA:144,0
DA:145,0
DA:148,0
DA:150,0
DA:151,0
DA:155,0
DA:158,0
DA:159,0
DA:161,0
DA:163,0
DA:164,0
DA:167,0
DA:169,0
DA:170,0
DA:175,0
DA:176,0
DA:178,0
DA:180,0
DA:181,0
DA:184,0
DA:186,0
DA:187,0
DA:192,0
DA:193,0
DA:195,0
DA:197,0
DA:198,0
DA:201,0
DA:203,0
DA:204,0
DA:208,0
DA:212,0
DA:213,0
DA:214,0
DA:215,0
DA:218,0
DA:220,0
DA:221,0
DA:224,0
DA:226,0
DA:227,0
DA:231,0
DA:234,0
DA:235,0
DA:237,0
DA:239,0
DA:240,0
DA:243,0
DA:245,0
DA:246,0
DA:250,0
DA:253,0
DA:254,0
DA:256,0
DA:258,0
DA:259,0
DA:262,0
DA:264,0
DA:265,0
DA:270,0
DA:271,0
DA:273,0
DA:275,0
DA:276,0
DA:279,0
DA:281,0
DA:282,0
DA:287,0
DA:288,0
DA:290,0
DA:292,0
DA:293,0
DA:296,0
DA:298,0
DA:299,0
LF:128
LH:0
BRDA:34,0,0,0
BRDA:34,0,1,0
BRDA:39,1,0,0
BRDA:39,1,1,0
BRDA:119,2,0,0
BRDA:119,2,1,0
BRDA:214,3,0,0
BRDA:214,3,1,0
BRF:8
BRH:0
end_of_record
TN:
SF:services\poiAndAnalytics.ts
FN:20,(anonymous_0)
FN:31,(anonymous_1)
FN:42,(anonymous_2)
FN:51,(anonymous_3)
FN:62,(anonymous_4)
FN:80,(anonymous_5)
FN:94,(anonymous_6)
FNF:7
FNH:0
FNDA:0,(anonymous_0)
FNDA:0,(anonymous_1)
FNDA:0,(anonymous_2)
FNDA:0,(anonymous_3)
FNDA:0,(anonymous_4)
FNDA:0,(anonymous_5)
FNDA:0,(anonymous_6)
DA:18,0
DA:21,0
DA:22,0
DA:24,0
DA:25,0
DA:32,0
DA:41,0
DA:42,0
DA:44,0
DA:49,0
DA:52,0
DA:53,0
DA:55,0
DA:56,0
DA:73,0
DA:74,0
DA:78,0
DA:79,0
DA:80,0
DA:95,0
DA:96,0
DA:99,0
DA:103,0
DA:104,0
LF:24
LH:0
BRDA:21,0,0,0
BRDA:21,0,1,0
BRDA:41,1,0,0
BRDA:41,1,1,0
BRDA:52,2,0,0
BRDA:52,2,1,0
BRDA:65,3,0,0
BRDA:66,4,0,0
BRDA:67,5,0,0
BRDA:87,6,0,0
BRDA:87,6,1,0
BRF:11
BRH:0
end_of_record
TN:
SF:services\profileSettings.ts
FN:15,(anonymous_0)
FN:46,(anonymous_1)
FN:57,(anonymous_2)
FN:67,(anonymous_3)
FN:74,(anonymous_4)
FN:86,(anonymous_5)
FN:99,(anonymous_6)
FN:110,(anonymous_7)
FN:117,(anonymous_8)
FNF:9
FNH:0
FNDA:0,(anonymous_0)
FNDA:0,(anonymous_1)
FNDA:0,(anonymous_2)
FNDA:0,(anonymous_3)
FNDA:0,(anonymous_4)
FNDA:0,(anonymous_5)
FNDA:0,(anonymous_6)
FNDA:0,(anonymous_7)
FNDA:0,(anonymous_8)
DA:10,0
DA:11,0
DA:12,0
DA:16,0
DA:17,0
DA:18,0
DA:20,0
DA:21,0
DA:23,0
DA:24,0
DA:26,0
DA:27,0
DA:39,0
DA:41,0
DA:42,0
DA:47,0
DA:48,0
DA:49,0
DA:50,0
DA:52,0
DA:53,0
DA:58,0
DA:59,0
DA:60,0
DA:62,0
DA:63,0
DA:68,0
DA:69,0
DA:70,0
DA:71,0
DA:74,0
DA:77,0
DA:79,0
DA:80,0
DA:87,0
DA:88,0
DA:89,0
DA:90,0
DA:92,0
DA:94,0
DA:95,0
DA:100,0
DA:101,0
DA:102,0
DA:103,0
DA:105,0
DA:106,0
DA:114,0
DA:118,0
DA:125,0
DA:126,0
LF:51
LH:0
BRDA:18,0,0,0
BRDA:18,0,1,0
BRDA:23,1,0,0
BRDA:23,1,1,0
BRDA:26,2,0,0
BRDA:26,2,1,0
BRDA:28,3,0,0
BRDA:28,3,1,0
BRDA:29,4,0,0
BRDA:29,4,1,0
BRDA:30,5,0,0
BRDA:30,5,1,0
BRDA:31,6,0,0
BRDA:31,6,1,0
BRDA:33,7,0,0
BRDA:33,7,1,0
BRDA:34,8,0,0
BRDA:34,8,1,0
BRDA:60,9,0,0
BRDA:60,9,1,0
BRDA:89,10,0,0
BRDA:89,10,1,0
BRF:22
BRH:0
end_of_record
TN:
SF:services\reports.ts
FN:38,adaptCrimeReportToReport
FN:54,adaptMissingPersonToUI
FN:76,adaptGuidelinesToGuide
FN:87,fetchReports
FN:110,getReportById
FN:120,fetchMissingPersons
FN:142,fetchGuides
FNF:7
FNH:0
FNDA:0,adaptCrimeReportToReport
FNDA:0,adaptMissingPersonToUI
FNDA:0,adaptGuidelinesToGuide
FNDA:0,fetchReports
FNDA:0,getReportById
FNDA:0,fetchMissingPersons
FNDA:0,fetchGuides
DA:39,0
DA:40,0
DA:55,0
DA:56,0
DA:77,0
DA:91,0
DA:92,0
DA:97,0
DA:98,0
DA:104,0
DA:106,0
DA:111,0
DA:112,0
DA:113,0
DA:115,0
DA:116,0
DA:124,0
DA:125,0
DA:130,0
DA:131,0
DA:137,0
DA:138,0
DA:146,0
DA:147,0
DA:152,0
DA:153,0
DA:159,0
DA:160,0
DA:165,0
DA:240,0
DA:307,0
LF:31
LH:0
BRDA:46,0,0,0
BRDA:46,0,1,0
BRDA:55,1,0,0
BRDA:55,1,1,0
BRDA:80,2,0,0
BRDA:80,2,1,0
BRDA:87,3,0,0
BRDA:88,4,0,0
BRDA:89,5,0,0
BRDA:120,6,0,0
BRDA:121,7,0,0
BRDA:122,8,0,0
BRDA:142,9,0,0
BRDA:143,10,0,0
BRDA:144,11,0,0
BRF:15
BRH:0
end_of_record
TN:
SF:services\tracker.ts
FN:21,getClient
FN:29,(anonymous_1)
FN:44,(anonymous_2)
FN:48,(anonymous_3)
FN:53,(anonymous_4)
FN:60,(anonymous_5)
FN:95,(anonymous_6)
FN:106,(anonymous_7)
FNF:8
FNH:0
FNDA:0,getClient
FNDA:0,(anonymous_1)
FNDA:0,(anonymous_2)
FNDA:0,(anonymous_3)
FNDA:0,(anonymous_4)
FNDA:0,(anonymous_5)
FNDA:0,(anonymous_6)
FNDA:0,(anonymous_7)
DA:17,0
DA:19,0
DA:22,0
DA:23,0
DA:24,0
DA:26,0
DA:29,0
DA:35,0
DA:36,0
DA:38,0
DA:39,0
DA:44,0
DA:45,0
DA:48,0
DA:49,0
DA:50,0
DA:53,0
DA:54,0
DA:57,0
DA:60,0
DA:69,0
DA:70,0
DA:71,0
DA:73,0
DA:74,0
DA:76,0
DA:77,0
DA:79,0
DA:80,0
DA:83,0
DA:84,0
DA:85,0
DA:88,0
DA:90,0
DA:91,0
DA:95,0
DA:104,0
DA:106,0
DA:107,0
DA:108,0
DA:109,0
DA:110,0
DA:111,0
DA:112,0
DA:113,0
DA:116,0
DA:118,0
DA:119,0
DA:120,0
DA:123,0
DA:125,0
LF:51
LH:0
BRDA:17,0,0,0
BRDA:17,0,1,0
BRDA:22,1,0,0
BRDA:22,1,1,0
BRDA:73,2,0,0
BRDA:73,2,1,0
BRDA:76,3,0,0
BRDA:76,3,1,0
BRDA:79,4,0,0
BRDA:79,4,1,0
BRDA:112,5,0,0
BRDA:112,5,1,0
BRF:12
BRH:0
end_of_record
TN:
SF:services\trackingManager.ts
FN:34,getClient
FN:42,(anonymous_1)
FN:63,(anonymous_2)
FN:86,(anonymous_3)
FN:105,(anonymous_4)
FN:126,(anonymous_5)
FN:145,(anonymous_6)
FN:166,(anonymous_7)
FN:189,(anonymous_8)
FN:208,(anonymous_9)
FN:227,(anonymous_10)
FN:248,(anonymous_11)
FNF:12
FNH:0
FNDA:0,getClient
FNDA:0,(anonymous_1)
FNDA:0,(anonymous_2)
FNDA:0,(anonymous_3)
FNDA:0,(anonymous_4)
FNDA:0,(anonymous_5)
FNDA:0,(anonymous_6)
FNDA:0,(anonymous_7)
FNDA:0,(anonymous_8)
FNDA:0,(anonymous_9)
FNDA:0,(anonymous_10)
FNDA:0,(anonymous_11)
DA:30,0
DA:32,0
DA:35,0
DA:36,0
DA:37,0
DA:39,0
DA:42,0
DA:46,0
DA:47,0
DA:48,0
DA:50,0
DA:52,0
DA:53,0
DA:56,0
DA:58,0
DA:59,0
DA:63,0
DA:67,0
DA:68,0
DA:69,0
DA:70,0
DA:73,0
DA:75,0
DA:76,0
DA:79,0
DA:81,0
DA:82,0
DA:86,0
DA:89,0
DA:90,0
DA:92,0
DA:94,0
DA:95,0
DA:98,0
DA:100,0
DA:101,0
DA:105,0
DA:109,0
DA:110,0
DA:111,0
DA:113,0
DA:115,0
DA:116,0
DA:119,0
DA:121,0
DA:122,0
DA:126,0
DA:129,0
DA:130,0
DA:132,0
DA:134,0
DA:135,0
DA:138,0
DA:140,0
DA:141,0
DA:145,0
DA:149,0
DA:150,0
DA:151,0
DA:153,0
DA:155,0
DA:156,0
DA:159,0
DA:161,0
DA:162,0
DA:166,0
DA:170,0
DA:171,0
DA:172,0
DA:173,0
DA:176,0
DA:178,0
DA:179,0
DA:182,0
DA:184,0
DA:185,0
DA:189,0
DA:192,0
DA:193,0
DA:195,0
DA:197,0
DA:198,0
DA:201,0
DA:203,0
DA:204,0
DA:208,0
DA:211,0
DA:212,0
DA:214,0
DA:216,0
DA:217,0
DA:220,0
DA:222,0
DA:223,0
DA:227,0
DA:231,0
DA:232,0
DA:233,0
DA:235,0
DA:237,0
DA:238,0
DA:241,0
DA:243,0
DA:244,0
DA:248,0
DA:252,0
DA:253,0
DA:254,0
DA:256,0
DA:258,0
DA:259,0
DA:262,0
DA:264,0
DA:265,0
LF:114
LH:0
BRDA:30,0,0,0
BRDA:30,0,1,0
BRDA:35,1,0,0
BRDA:35,1,1,0
BRDA:69,2,0,0
BRDA:69,2,1,0
BRDA:172,3,0,0
BRDA:172,3,1,0
BRF:8
BRH:0
end_of_record
TN:
SF:utils\activityDetection.ts
FN:9,ensureEmitter
FN:21,subscribeToActivityChanges
FN:24,(anonymous_2)
FN:27,(anonymous_3)
FN:32,(anonymous_4)
FN:38,(anonymous_5)
FN:44,getCurrentActivity
FNF:7
FNH:0
FNDA:0,ensureEmitter
FNDA:0,subscribeToActivityChanges
FNDA:0,(anonymous_2)
FNDA:0,(anonymous_3)
FNDA:0,(anonymous_4)
FNDA:0,(anonymous_5)
FNDA:0,getCurrentActivity
DA:5,0
DA:6,0
DA:7,0
DA:10,0
DA:12,0
DA:13,0
DA:17,0
DA:24,0
DA:26,0
DA:27,0
DA:29,0
DA:30,0
DA:33,0
DA:34,0
DA:38,0
DA:39,0
DA:40,0
DA:45,0
LF:18
LH:0
BRDA:10,0,0,0
BRDA:10,0,1,0
BRDA:10,1,0,0
BRDA:10,1,1,0
BRDA:24,2,0,0
BRDA:24,2,1,0
BRDA:27,3,0,0
BRDA:27,3,1,0
BRF:8
BRH:0
end_of_record
TN:
SF:utils\auth.ts
FN:9,(anonymous_0)
FN:15,(anonymous_1)
FN:19,(anonymous_2)
FN:27,(anonymous_3)
FN:52,(anonymous_4)
FN:85,(anonymous_5)
FN:108,(anonymous_6)
FNF:7
FNH:0
FNDA:0,(anonymous_0)
FNDA:0,(anonymous_1)
FNDA:0,(anonymous_2)
FNDA:0,(anonymous_3)
FNDA:0,(anonymous_4)
FNDA:0,(anonymous_5)
FNDA:0,(anonymous_6)
DA:4,0
DA:7,0
DA:10,0
DA:11,0
DA:15,0
DA:16,0
DA:19,0
DA:20,0
DA:27,0
DA:28,0
DA:29,0
DA:30,0
DA:35,0
DA:37,0
DA:38,0
DA:43,0
DA:52,0
DA:53,0
DA:54,0
DA:55,0
DA:58,0
DA:60,0
DA:61,0
DA:65,0
DA:66,0
DA:67,0
DA:70,0
DA:74,0
DA:75,0
DA:78,0
DA:85,0
DA:86,0
DA:87,0
DA:89,0
DA:90,0
DA:92,0
DA:93,0
DA:95,0
DA:96,0
DA:99,0
DA:101,0
DA:108,0
DA:109,0
DA:110,0
LF:44
LH:0
BRDA:9,0,0,0
BRDA:29,1,0,0
BRDA:29,1,1,0
BRDA:37,2,0,0
BRDA:37,2,1,0
BRDA:54,3,0,0
BRDA:54,3,1,0
BRDA:60,4,0,0
BRDA:60,4,1,0
BRDA:66,5,0,0
BRDA:66,5,1,0
BRDA:74,6,0,0
BRDA:74,6,1,0
BRDA:87,7,0,0
BRDA:87,7,1,0
BRDA:90,8,0,0
BRDA:90,8,1,0
BRDA:93,9,0,0
BRDA:93,9,1,0
BRDA:99,10,0,0
BRDA:99,10,1,0
BRF:21
BRH:0
end_of_record
TN:
SF:utils\backgroundLocation.ts
FN:24,requestPermissionsAndStart
FN:50,stopBackgroundLocationTracking
FN:66,registerBackgroundTaskAsync
FN:75,unregisterBackgroundTaskAsync
FN:83,flushNativeLocationBufferToStorage
FN:94,(anonymous_5)
FN:99,(anonymous_6)
FNF:7
FNH:0
FNDA:0,requestPermissionsAndStart
FNDA:0,stopBackgroundLocationTracking
FNDA:0,registerBackgroundTaskAsync
FNDA:0,unregisterBackgroundTaskAsync
FNDA:0,flushNativeLocationBufferToStorage
FNDA:0,(anonymous_5)
FNDA:0,(anonymous_6)
DA:18,0
DA:25,0
DA:26,0
DA:28,0
DA:29,0
DA:31,0
DA:32,0
DA:34,0
DA:51,0
DA:52,0
DA:53,0
DA:56,0
DA:59,0
DA:60,0
DA:67,0
DA:68,0
DA:70,0
DA:76,0
DA:84,0
DA:86,0
DA:87,0
DA:88,0
DA:90,0
DA:92,0
DA:95,0
DA:99,0
DA:107,0
DA:109,0
DA:110,0
DA:112,0
DA:113,0
LF:31
LH:0
BRDA:18,0,0,0
BRDA:18,0,1,0
BRDA:26,1,0,0
BRDA:26,1,1,0
BRDA:29,2,0,0
BRDA:29,2,1,0
BRDA:31,3,0,0
BRDA:31,3,1,0
BRDA:51,4,0,0
BRDA:51,4,1,0
BRDA:59,5,0,0
BRDA:59,5,1,0
BRDA:68,6,0,0
BRDA:68,6,1,0
BRDA:84,7,0,0
BRDA:84,7,1,0
BRDA:88,8,0,0
BRDA:88,8,1,0
BRDA:90,9,0,0
BRDA:90,9,1,0
BRDA:90,10,0,0
BRDA:90,10,1,0
BRDA:95,11,0,0
BRDA:95,11,1,0
BRDA:95,11,2,0
BRDA:102,12,0,0
BRDA:102,12,1,0
BRDA:103,13,0,0
BRDA:103,13,1,0
BRDA:107,14,0,0
BRDA:107,14,1,0
BRF:31
BRH:0
end_of_record
TN:
SF:utils\crimeHelpers.ts
FN:5,getSeverityLabel
FN:11,getSeverityColor
FN:17,severityToNumber
FN:30,createCrimeReport
FNF:4
FNH:0
FNDA:0,getSeverityLabel
FNDA:0,getSeverityColor
FNDA:0,severityToNumber
FNDA:0,createCrimeReport
DA:6,0
DA:7,0
DA:8,0
DA:12,0
DA:13,0
DA:14,0
DA:18,0
DA:20,0
DA:22,0
DA:24,0
DA:26,0
DA:38,0
DA:40,0
DA:41,0
DA:42,0
DA:43,0
DA:44,0
DA:49,0
DA:51,0
DA:56,0
DA:57,0
DA:70,0
LF:22
LH:0
BRDA:6,0,0,0
BRDA:6,0,1,0
BRDA:7,1,0,0
BRDA:7,1,1,0
BRDA:12,2,0,0
BRDA:12,2,1,0
BRDA:13,3,0,0
BRDA:13,3,1,0
BRDA:18,4,0,0
BRDA:18,4,1,0
BRDA:18,4,2,0
BRDA:18,4,3,0
BRDA:40,5,0,0
BRDA:40,5,1,0
BRDA:40,6,0,0
BRDA:40,6,1,0
BRDA:67,7,0,0
BRDA:67,7,1,0
BRF:18
BRH:0
end_of_record
TN:
SF:utils\fileHelpers.ts
FN:1,createFileFromImagePicker
FNF:1
FNH:0
FNDA:0,createFileFromImagePicker
DA:4,0
DA:5,0
DA:8,0
DA:9,0
LF:4
LH:0
BRDA:4,0,0,0
BRDA:4,0,1,0
BRDA:4,1,0,0
BRDA:4,1,1,0
BRDA:11,2,0,0
BRDA:11,2,1,0
BRDA:12,3,0,0
BRDA:12,3,1,0
BRF:8
BRH:0
end_of_record
TN:
SF:utils\formatters.ts
FN:1,(anonymous_0)
FN:14,(anonymous_1)
FN:21,(anonymous_2)
FN:45,formatTimeAgo
FNF:4
FNH:0
FNDA:0,(anonymous_0)
FNDA:0,(anonymous_1)
FNDA:0,(anonymous_2)
FNDA:0,formatTimeAgo
DA:1,0
DA:2,0
DA:3,0
DA:4,0
DA:5,0
DA:6,0
DA:7,0
DA:8,0
DA:9,0
DA:10,0
DA:11,0
DA:14,0
DA:15,0
DA:16,0
DA:17,0
DA:18,0
DA:21,0
DA:25,0
DA:27,0
DA:28,0
DA:29,0
DA:34,0
DA:36,0
DA:38,0
DA:40,0
DA:41,0
DA:46,0
DA:47,0
DA:48,0
DA:49,0
DA:50,0
DA:51,0
LF:32
LH:0
BRDA:2,0,0,0
BRDA:2,0,1,0
BRDA:4,1,0,0
BRDA:4,1,1,0
BRDA:6,2,0,0
BRDA:6,2,1,0
BRDA:7,3,0,0
BRDA:7,3,1,0
BRDA:8,4,0,0
BRDA:8,4,1,0
BRDA:9,5,0,0
BRDA:9,5,1,0
BRDA:10,6,0,0
BRDA:10,6,1,0
BRDA:14,7,0,0
BRDA:16,8,0,0
BRDA:16,8,1,0
BRDA:17,9,0,0
BRDA:17,9,1,0
BRDA:25,10,0,0
BRDA:25,10,1,0
BRDA:25,11,0,0
BRDA:25,11,1,0
BRDA:34,12,0,0
BRDA:34,12,1,0
BRDA:38,13,0,0
BRDA:38,13,1,0
BRDA:47,14,0,0
BRDA:47,14,1,0
BRDA:48,15,0,0
BRDA:48,15,1,0
BRDA:50,16,0,0
BRDA:50,16,1,0
BRF:33
BRH:0
end_of_record
TN:
SF:utils\index.ts
FNF:0
FNH:0
LF:0
LH:0
BRF:0
BRH:0
end_of_record
TN:
SF:utils\locationGeometry.ts
FN:6,toRadians
FN:10,distanceMeters
FN:22,isSamePlace
FN:26,isPoorAccuracy
FNF:4
FNH:0
FNDA:0,toRadians
FNDA:0,distanceMeters
FNDA:0,isSamePlace
FNDA:0,isPoorAccuracy
DA:1,0
DA:2,0
DA:7,0
DA:11,0
DA:12,0
DA:13,0
DA:14,0
DA:15,0
DA:17,0
DA:19,0
DA:23,0
DA:27,0
LF:12
LH:0
BRF:0
BRH:0
end_of_record
TN:
SF:utils\locationMerge.ts
FN:20,normalizeLocationState
FN:41,upsertEntry
FN:60,applyOneSample
FN:108,computeLocationMerge
FN:112,(anonymous_4)
FN:131,syncLocationSamples
FN:141,(anonymous_6)
FN:142,(anonymous_7)
FN:162,processBatchLocations
FN:165,(anonymous_9)
FNF:10
FNH:0
FNDA:0,normalizeLocationState
FNDA:0,upsertEntry
FNDA:0,applyOneSample
FNDA:0,computeLocationMerge
FNDA:0,(anonymous_4)
FNDA:0,syncLocationSamples
FNDA:0,(anonymous_6)
FNDA:0,(anonymous_7)
FNDA:0,processBatchLocations
FNDA:0,(anonymous_9)
DA:24,0
DA:25,0
DA:27,0
DA:46,0
DA:47,0
DA:48,0
DA:57,0
DA:65,0
DA:67,0
DA:70,0
DA:84,0
DA:101,0
DA:112,0
DA:113,0
DA:114,0
DA:116,0
DA:117,0
DA:121,0
DA:122,0
DA:125,0
DA:134,0
DA:135,0
DA:136,0
DA:139,0
DA:141,0
DA:142,0
DA:145,0
DA:150,0
DA:158,0
DA:165,0
DA:172,0
LF:31
LH:0
BRDA:24,0,0,0
BRDA:24,0,1,0
BRDA:24,1,0,0
BRDA:24,1,1,0
BRDA:30,2,0,0
BRDA:30,2,1,0
BRDA:30,2,2,0
BRDA:31,3,0,0
BRDA:31,3,1,0
BRDA:31,3,2,0
BRDA:32,4,0,0
BRDA:32,4,1,0
BRDA:33,5,0,0
BRDA:33,5,1,0
BRDA:47,6,0,0
BRDA:47,6,1,0
BRDA:47,7,0,0
BRDA:47,7,1,0
BRDA:52,8,0,0
BRDA:52,8,1,0
BRDA:67,9,0,0
BRDA:67,9,1,0
BRDA:74,10,0,0
BRDA:74,10,1,0
BRDA:76,11,0,0
BRDA:76,11,1,0
BRDA:84,12,0,0
BRDA:84,12,1,0
BRDA:84,13,0,0
BRDA:84,13,1,0
BRDA:91,14,0,0
BRDA:91,14,1,0
BRDA:113,15,0,0
BRDA:113,15,1,0
BRDA:134,16,0,0
BRDA:134,16,1,0
BRDA:141,17,0,0
BRDA:141,17,1,0
BRDA:142,18,0,0
BRDA:142,18,1,0
BRDA:151,19,0,0
BRDA:151,19,1,0
BRDA:168,20,0,0
BRDA:168,20,1,0
BRDA:169,21,0,0
BRDA:169,21,1,0
BRF:46
BRH:0
end_of_record
TN:
SF:utils\locationTypes.ts
FNF:0
FNH:0
LF:0
LH:0
BRF:0
BRH:0
end_of_record
TN:
SF:utils\notifications.ts
FN:10,configureNotificationHandler
FN:12,(anonymous_1)
FN:34,setupNotificationChannels
FN:49,registerForPushNotificationsAsync
FN:82,setupCrashNotificationChannel
FN:98,scheduleLocalNotification
FN:116,scheduleAutoDisappearNotification
FN:126,(anonymous_7)
FN:127,(anonymous_8)
FN:139,setupUploadNotificationChannel
FN:155,setupChatNotificationChannel
FN:168,scheduleChatMessageNotification
FN:195,scheduleUploadStatusNotification
FNF:13
FNH:0
FNDA:0,configureNotificationHandler
FNDA:0,(anonymous_1)
FNDA:0,setupNotificationChannels
FNDA:0,registerForPushNotificationsAsync
FNDA:0,setupCrashNotificationChannel
FNDA:0,scheduleLocalNotification
FNDA:0,scheduleAutoDisappearNotification
FNDA:0,(anonymous_7)
FNDA:0,(anonymous_8)
FNDA:0,setupUploadNotificationChannel
FNDA:0,setupChatNotificationChannel
FNDA:0,scheduleChatMessageNotification
FNDA:0,scheduleUploadStatusNotification
DA:11,0
DA:18,0
DA:19,0
DA:35,0
DA:36,0
DA:52,0
DA:53,0
DA:54,0
DA:57,0
DA:59,0
DA:60,0
DA:62,0
DA:63,0
DA:64,0
DA:67,0
DA:68,0
DA:69,0
DA:73,0
DA:75,0
DA:83,0
DA:84,0
DA:102,0
DA:103,0
DA:108,0
DA:121,0
DA:122,0
DA:126,0
DA:127,0
DA:130,0
DA:140,0
DA:141,0
DA:156,0
DA:157,0
DA:172,0
DA:173,0
DA:183,0
DA:202,0
DA:204,0
DA:205,0
DA:206,0
DA:208,0
DA:209,0
DA:212,0
DA:214,0
DA:215,0
DA:218,0
DA:221,0
DA:222,0
DA:233,0
LF:49
LH:0
BRDA:35,0,0,0
BRDA:35,0,1,0
BRDA:52,1,0,0
BRDA:52,1,1,0
BRDA:62,2,0,0
BRDA:62,2,1,0
BRDA:67,3,0,0
BRDA:67,3,1,0
BRDA:83,4,0,0
BRDA:83,4,1,0
BRDA:119,5,0,0
BRDA:140,6,0,0
BRDA:140,6,1,0
BRDA:156,7,0,0
BRDA:156,7,1,0
BRDA:178,8,0,0
BRDA:178,8,1,0
BRDA:202,9,0,0
BRDA:202,9,1,0
BRDA:202,9,2,0
BRDA:205,10,0,0
BRDA:205,10,1,0
BRDA:210,11,0,0
BRDA:210,11,1,0
BRDA:216,12,0,0
BRDA:216,12,1,0
BRDA:226,13,0,0
BRDA:226,13,1,0
BRF:28
BRH:0
end_of_record
TN:
SF:utils\poiHelpers.ts
FN:3,getPOIIcon
FN:19,getPOIColor
FN:35,getHeatmapSeverityColor
FN:42,getHeatmapRadius
FN:46,getHeatmapOpacity
FN:50,calculateRiskLevel
FNF:6
FNH:0
FNDA:0,getPOIIcon
FNDA:0,getPOIColor
FNDA:0,getHeatmapSeverityColor
FNDA:0,getHeatmapRadius
FNDA:0,getHeatmapOpacity
FNDA:0,calculateRiskLevel
DA:4,0
DA:16,0
DA:20,0
DA:32,0
DA:36,0
DA:37,0
DA:38,0
DA:39,0
DA:43,0
DA:47,0
DA:54,0
DA:55,0
DA:56,0
DA:57,0
LF:14
LH:0
BRDA:16,0,0,0
BRDA:16,0,1,0
BRDA:32,1,0,0
BRDA:32,1,1,0
BRDA:36,2,0,0
BRDA:36,2,1,0
BRDA:37,3,0,0
BRDA:37,3,1,0
BRDA:38,4,0,0
BRDA:38,4,1,0
BRDA:54,5,0,0
BRDA:54,5,1,0
BRDA:55,6,0,0
BRDA:55,6,1,0
BRDA:55,7,0,0
BRDA:55,7,1,0
BRDA:56,8,0,0
BRDA:56,8,1,0
BRDA:56,9,0,0
BRDA:56,9,1,0
BRF:20
BRH:0
end_of_record
TN:
SF:utils\reportAdapters.ts
FN:34,adaptCrimeReportToReport
FN:53,adaptMissingPersonToUI
FN:77,adaptGuidelinesToGuide
FN:86,fetchReports
FN:107,getReportById
FN:117,fetchMissingPersons
FN:134,fetchGuides
FNF:7
FNH:0
FNDA:0,adaptCrimeReportToReport
FNDA:0,adaptMissingPersonToUI
FNDA:0,adaptGuidelinesToGuide
FNDA:0,fetchReports
FNDA:0,getReportById
FNDA:0,fetchMissingPersons
FNDA:0,fetchGuides
DA:35,0
DA:36,0
DA:54,0
DA:57,0
DA:60,0
DA:78,0
DA:87,0
DA:88,0
DA:90,0
DA:92,0
DA:96,0
DA:102,0
DA:103,0
DA:108,0
DA:109,0
DA:110,0
DA:112,0
DA:113,0
DA:118,0
DA:119,0
DA:123,0
DA:129,0
DA:130,0
DA:135,0
DA:136,0
DA:140,0
DA:146,0
DA:147,0
DA:151,0
DA:163,0
DA:174,0
LF:31
LH:0
BRDA:47,0,0,0
BRDA:47,0,1,0
BRDA:54,1,0,0
BRDA:54,1,1,0
BRDA:57,2,0,0
BRDA:57,2,1,0
BRDA:81,3,0,0
BRDA:81,3,1,0
BRDA:86,4,0,0
BRDA:86,5,0,0
BRDA:86,6,0,0
BRDA:117,7,0,0
BRDA:117,8,0,0
BRDA:117,9,0,0
BRDA:134,10,0,0
BRDA:134,11,0,0
BRDA:134,12,0,0
BRF:17
BRH:0
end_of_record
TN:
SF:utils\serviceUrl.ts
FN:9,(anonymous_0)
FN:17,(anonymous_1)
FN:32,(anonymous_2)
FN:42,(anonymous_3)
FN:48,(anonymous_4)
FN:62,(anonymous_5)
FN:79,(anonymous_6)
FNF:7
FNH:0
FNDA:0,(anonymous_0)
FNDA:0,(anonymous_1)
FNDA:0,(anonymous_2)
FNDA:0,(anonymous_3)
FNDA:0,(anonymous_4)
FNDA:0,(anonymous_5)
FNDA:0,(anonymous_6)
DA:4,0
DA:5,0
DA:6,0
DA:7,0
DA:9,0
DA:10,0
DA:11,0
DA:13,0
DA:14,0
DA:17,0
DA:18,0
DA:19,0
DA:20,0
DA:21,0
DA:23,0
DA:32,0
DA:33,0
DA:34,0
DA:36,0
DA:37,0
DA:39,0
DA:42,0
DA:48,0
DA:49,0
DA:50,0
DA:52,0
DA:53,0
DA:55,0
DA:62,0
DA:63,0
DA:64,0
DA:66,0
DA:67,0
DA:69,0
DA:79,0
DA:80,0
DA:81,0
DA:83,0
DA:84,0
LF:39
LH:0
BRDA:11,0,0,0
BRDA:11,0,1,0
BRDA:14,1,0,0
BRDA:14,1,1,0
BRDA:21,2,0,0
BRDA:21,2,1,0
BRDA:34,3,0,0
BRDA:34,3,1,0
BRDA:37,4,0,0
BRDA:37,4,1,0
BRDA:39,5,0,0
BRDA:39,5,1,0
BRDA:50,6,0,0
BRDA:50,6,1,0
BRDA:53,7,0,0
BRDA:53,7,1,0
BRDA:64,8,0,0
BRDA:64,8,1,0
BRDA:67,9,0,0
BRDA:67,9,1,0
BRDA:81,10,0,0
BRDA:81,10,1,0
BRDA:84,11,0,0
BRDA:84,11,1,0
BRF:24
BRH:0
end_of_record
TN:
SF:utils\storage.ts
FN:4,(anonymous_0)
FN:17,(anonymous_1)
FNF:2
FNH:0
FNDA:0,(anonymous_0)
FNDA:0,(anonymous_1)
DA:4,0
DA:5,0
DA:6,0
DA:7,0
DA:8,0
DA:13,0
DA:17,0
DA:18,0
DA:19,0
LF:9
LH:0
BRDA:7,0,0,0
BRDA:7,0,1,0
BRF:2
BRH:0
end_of_record
TN:
SF:utils\toast.ts
FN:7,showToast
FNF:1
FNH:0
FNDA:0,showToast
DA:8,0
DA:9,0
DA:11,0
LF:3
LH:0
BRDA:8,0,0,0
BRDA:8,0,1,0
BRDA:11,1,0,0
BRDA:11,1,1,0
BRF:4
BRH:0
end_of_record
TN:
SF:utils\walkthrough.ts
FN:6,readFlag
FN:14,writeFlag
FN:22,hasCompletedIntroWalkthrough
FN:26,markIntroWalkthroughCompleted
FN:30,hasCompletedMapWalkthrough
FN:34,markMapWalkthroughCompleted
FNF:6
FNH:0
FNDA:0,readFlag
FNDA:0,writeFlag
FNDA:0,hasCompletedIntroWalkthrough
FNDA:0,markIntroWalkthroughCompleted
FNDA:0,hasCompletedMapWalkthrough
FNDA:0,markMapWalkthroughCompleted
DA:3,0
DA:4,0
DA:7,0
DA:8,0
DA:10,0
DA:15,0
DA:16,0
DA:23,0
DA:27,0
DA:31,0
DA:35,0
LF:11
LH:0
BRF:0
BRH:0
end_of_record
